{"meta": {"format": 3, "version": "7.13.1", "timestamp": "2026-01-23T10:46:44.027573", "branch_coverage": false, "show_contexts": false}, "files": {"packages/blinkb0t/core/__init__.py": {"executed_lines": [3], "summary": {"covered_lines": 1, "num_statements": 1, "percent_covered": 100.0, "percent_covered_display": "100", "missing_lines": 0, "excluded_lines": 0, "percent_statements_covered": 100.0, "percent_statements_covered_display": "100"}, "missing_lines": [], "excluded_lines": [], "functions": {"": {"executed_lines": [3], "summary": {"covered_lines": 1, "num_statements": 1, "percent_covered": 100.0, "percent_covered_display": "100", "missing_lines": 0, "excluded_lines": 0, "percent_statements_covered": 100.0, "percent_statements_covered_display": "100"}, "missing_lines": [], "excluded_lines": [], "start_line": 1}}, "classes": {"": {"executed_lines": [3], "summary": {"covered_lines": 1, "num_statements": 1, "percent_covered": 100.0, "percent_covered_display": "100", "missing_lines": 0, "excluded_lines": 0, "percent_statements_covered": 100.0, "percent_statements_covered_display": "100"}, "missing_lines": [], "excluded_lines": [], "start_line": 1}}}, "packages/blinkb0t/core/agents/__init__.py": {"executed_lines": [4, 11, 12, 13, 24, 25, 26, 27, 28, 36], "summary": {"covered_lines": 10, "num_statements": 10, "percent_covered": 100.0, "percent_covered_display": "100", "missing_lines": 0, "excluded_lines": 0, "percent_statements_covered": 100.0, "percent_statements_covered_display": "100"}, "missing_lines": [], "excluded_lines": [], "functions": {"": {"executed_lines": [4, 11, 12, 13, 24, 25, 26, 27, 28, 36], "summary": {"covered_lines": 10, "num_statements": 10, "percent_covered": 100.0, "percent_covered_display": "100", "missing_lines": 0, "excluded_lines": 0, "percent_statements_covered": 100.0, "percent_statements_covered_display": "100"}, "missing_lines": [], "excluded_lines": [], "start_line": 1}}, "classes": {"": {"executed_lines": [4, 11, 12, 13, 24, 25, 26, 27, 28, 36], "summary": {"covered_lines": 10, "num_statements": 10, "percent_covered": 100.0, "percent_covered_display": "100", "missing_lines": 0, "excluded_lines": 0, "percent_statements_covered": 100.0, "percent_statements_covered_display": "100"}, "missing_lines": [], "excluded_lines": [], "start_line": 1}}}, "packages/blinkb0t/core/agents/base.py": {"executed_lines": [], "summary": {"covered_lines": 0, "num_statements": 353, "percent_covered": 0.0, "percent_covered_display": "0", "missing_lines": 353, "excluded_lines": 30, "percent_statements_covered": 0.0, "percent_statements_covered_display": "0"}, "missing_lines": [17, 19, 20, 21, 22, 23, 24, 25, 26, 27, 28, 36, 37, 43, 46, 49, 50, 53, 54, 57, 58, 59, 62, 63, 69, 70, 71, 72, 73, 74, 77, 78, 81, 82, 85, 86, 116, 117, 123, 124, 127, 128, 129, 130, 131, 134, 135, 136, 137, 140, 141, 153, 156, 157, 160, 161, 164, 167, 168, 171, 172, 173, 174, 175, 178, 179, 186, 188, 189, 191, 192, 194, 195, 198, 199, 206, 207, 208, 209, 212, 213, 214, 217, 218, 221, 224, 227, 230, 231, 232, 235, 236, 239, 240, 241, 244, 246, 247, 248, 249, 250, 252, 253, 256, 258, 259, 260, 261, 262, 263, 264, 265, 273, 284, 285, 286, 287, 289, 290, 291, 292, 293, 294, 295, 296, 298, 299, 300, 301, 302, 304, 305, 306, 307, 308, 309, 310, 311, 312, 313, 314, 315, 316, 317, 318, 319, 320, 321, 324, 325, 326, 328, 329, 330, 331, 332, 333, 334, 342, 348, 349, 351, 352, 353, 355, 356, 357, 358, 361, 362, 363, 365, 369, 370, 371, 372, 373, 374, 375, 376, 377, 379, 380, 381, 382, 384, 385, 386, 387, 388, 389, 390, 391, 392, 393, 394, 396, 397, 398, 399, 401, 404, 405, 406, 407, 409, 410, 411, 414, 420, 423, 425, 439, 443, 446, 449, 458, 459, 460, 461, 462, 464, 479, 480, 483, 486, 487, 488, 490, 491, 492, 493, 495, 496, 499, 502, 505, 516, 517, 519, 521, 524, 526, 527, 528, 529, 531, 533, 536, 537, 538, 539, 540, 541, 542, 544, 555, 556, 558, 559, 561, 562, 571, 572, 574, 575, 579, 582, 591, 592, 593, 596, 597, 604, 615, 616, 617, 619, 620, 622, 623, 631, 632, 634, 637, 638, 649, 650, 651, 654, 664, 673, 679, 680, 681, 682, 683, 684, 687, 688, 689, 690, 691, 692, 693, 694, 696, 697, 699, 700, 701, 702, 703, 704, 705, 707, 708, 709, 710, 711, 712, 713, 714, 715, 717, 725, 727, 734, 746, 749, 760, 770, 771, 772, 775, 784, 793, 802, 803, 811, 819, 822, 823, 825, 826, 827, 828, 830, 831, 832, 833, 835, 836], "excluded_lines": [95, 96, 97, 98, 99, 100, 101, 102, 103, 104, 105, 106, 107, 108, 109, 110, 111, 112, 113, 114, 115, 144, 145, 146, 147, 148, 149, 150, 151, 152], "functions": {"LLMProvider.generate_json": {"executed_lines": [], "summary": {"covered_lines": 0, "num_statements": 0, "percent_covered": 100.0, "percent_covered_display": "100", "missing_lines": 0, "excluded_lines": 1, "percent_statements_covered": 100.0, "percent_statements_covered_display": "100"}, "missing_lines": [], "excluded_lines": [102], "start_line": 95}, "LLMProvider.generate_json_with_conversation": {"executed_lines": [], "summary": {"covered_lines": 0, "num_statements": 0, "percent_covered": 100.0, "percent_covered_display": "100", "missing_lines": 0, "excluded_lines": 1, "percent_statements_covered": 100.0, "percent_statements_covered_display": "100"}, "missing_lines": [], "excluded_lines": [113], "start_line": 104}, "ContextShaper.shape": {"executed_lines": [], "summary": {"covered_lines": 0, "num_statements": 0, "percent_covered": 100.0, "percent_covered_display": "100", "missing_lines": 0, "excluded_lines": 1, "percent_statements_covered": 100.0, "percent_statements_covered_display": "100"}, "missing_lines": [], "excluded_lines": [150], "start_line": 144}, "IdentityContextShaper.shape": {"executed_lines": [], "summary": {"covered_lines": 0, "num_statements": 1, "percent_covered": 0.0, "percent_covered_display": "0", "missing_lines": 1, "excluded_lines": 0, "percent_statements_covered": 0.0, "percent_statements_covered_display": "0"}, "missing_lines": [157], "excluded_lines": [], "start_line": 156}, "AgentState.get_conversation_id": {"executed_lines": [], "summary": {"covered_lines": 0, "num_statements": 1, "percent_covered": 0.0, "percent_covered_display": "0", "missing_lines": 1, "excluded_lines": 0, "percent_statements_covered": 0.0, "percent_statements_covered_display": "0"}, "missing_lines": [189], "excluded_lines": [], "start_line": 188}, "AgentState.set_conversation_id": {"executed_lines": [], "summary": {"covered_lines": 0, "num_statements": 1, "percent_covered": 0.0, "percent_covered_display": "0", "missing_lines": 1, "excluded_lines": 0, "percent_statements_covered": 0.0, "percent_statements_covered_display": "0"}, "missing_lines": [192], "excluded_lines": [], "start_line": 191}, "AgentState.clear_conversation": {"executed_lines": [], "summary": {"covered_lines": 0, "num_statements": 1, "percent_covered": 0.0, "percent_covered_display": "0", "missing_lines": 1, "excluded_lines": 0, "percent_statements_covered": 0.0, "percent_statements_covered_display": "0"}, "missing_lines": [195], "excluded_lines": [], "start_line": 194}, "AgentResult._validate_invariants": {"executed_lines": [], "summary": {"covered_lines": 0, "num_statements": 6, "percent_covered": 0.0, "percent_covered_display": "0", "missing_lines": 6, "excluded_lines": 0, "percent_statements_covered": 0.0, "percent_statements_covered_display": "0"}, "missing_lines": [248, 249, 250, 252, 253, 256], "excluded_lines": [], "start_line": 247}, "AgentResult._confidence_range": {"executed_lines": [], "summary": {"covered_lines": 0, "num_statements": 5, "percent_covered": 0.0, "percent_covered_display": "0", "missing_lines": 5, "excluded_lines": 0, "percent_statements_covered": 0.0, "percent_statements_covered_display": "0"}, "missing_lines": [261, 262, 263, 264, 265], "excluded_lines": [], "start_line": 260}, "PromptPackLoader.__init__": {"executed_lines": [], "summary": {"covered_lines": 0, "num_statements": 3, "percent_covered": 0.0, "percent_covered_display": "0", "missing_lines": 3, "excluded_lines": 0, "percent_statements_covered": 0.0, "percent_statements_covered_display": "0"}, "missing_lines": [285, 286, 287], "excluded_lines": [], "start_line": 284}, "PromptPackLoader._read_text": {"executed_lines": [], "summary": {"covered_lines": 0, "num_statements": 7, "percent_covered": 0.0, "percent_covered_display": "0", "missing_lines": 7, "excluded_lines": 0, "percent_statements_covered": 0.0, "percent_statements_covered_display": "0"}, "missing_lines": [290, 291, 292, 293, 294, 295, 296], "excluded_lines": [], "start_line": 289}, "PromptPackLoader._read_optional": {"executed_lines": [], "summary": {"covered_lines": 0, "num_statements": 4, "percent_covered": 0.0, "percent_covered_display": "0", "missing_lines": 4, "excluded_lines": 0, "percent_statements_covered": 0.0, "percent_statements_covered_display": "0"}, "missing_lines": [299, 300, 301, 302], "excluded_lines": [], "start_line": 298}, "PromptPackLoader._read_examples": {"executed_lines": [], "summary": {"covered_lines": 0, "num_statements": 20, "percent_covered": 0.0, "percent_covered_display": "0", "missing_lines": 20, "excluded_lines": 0, "percent_statements_covered": 0.0, "percent_statements_covered_display": "0"}, "missing_lines": [305, 306, 307, 308, 309, 310, 311, 312, 313, 314, 315, 316, 317, 318, 319, 320, 321, 324, 325, 326], "excluded_lines": [], "start_line": 304}, "PromptPackLoader.load": {"executed_lines": [], "summary": {"covered_lines": 0, "num_statements": 6, "percent_covered": 0.0, "percent_covered_display": "0", "missing_lines": 6, "excluded_lines": 0, "percent_statements_covered": 0.0, "percent_statements_covered_display": "0"}, "missing_lines": [329, 330, 331, 332, 333, 334], "excluded_lines": [], "start_line": 328}, "PromptRenderer.__init__": {"executed_lines": [], "summary": {"covered_lines": 0, "num_statements": 1, "percent_covered": 0.0, "percent_covered_display": "0", "missing_lines": 1, "excluded_lines": 0, "percent_statements_covered": 0.0, "percent_statements_covered_display": "0"}, "missing_lines": [349], "excluded_lines": [], "start_line": 348}, "PromptRenderer._sha": {"executed_lines": [], "summary": {"covered_lines": 0, "num_statements": 1, "percent_covered": 0.0, "percent_covered_display": "0", "missing_lines": 1, "excluded_lines": 0, "percent_statements_covered": 0.0, "percent_statements_covered_display": "0"}, "missing_lines": [353], "excluded_lines": [], "start_line": 352}, "PromptRenderer._render_jinja": {"executed_lines": [], "summary": {"covered_lines": 0, "num_statements": 6, "percent_covered": 0.0, "percent_covered_display": "0", "missing_lines": 6, "excluded_lines": 0, "percent_statements_covered": 0.0, "percent_statements_covered_display": "0"}, "missing_lines": [356, 357, 358, 361, 362, 363], "excluded_lines": [], "start_line": 355}, "PromptRenderer._render_strict_dollar": {"executed_lines": [], "summary": {"covered_lines": 0, "num_statements": 24, "percent_covered": 0.0, "percent_covered_display": "0", "missing_lines": 24, "excluded_lines": 0, "percent_statements_covered": 0.0, "percent_statements_covered_display": "0"}, "missing_lines": [369, 370, 371, 372, 373, 374, 375, 376, 377, 379, 380, 381, 382, 384, 385, 386, 387, 388, 389, 390, 391, 392, 393, 394], "excluded_lines": [], "start_line": 365}, "PromptRenderer.render": {"executed_lines": [], "summary": {"covered_lines": 0, "num_statements": 3, "percent_covered": 0.0, "percent_covered_display": "0", "missing_lines": 3, "excluded_lines": 0, "percent_statements_covered": 0.0, "percent_statements_covered_display": "0"}, "missing_lines": [397, 398, 399], "excluded_lines": [], "start_line": 396}, "PromptRenderer.render_pack": {"executed_lines": [], "summary": {"covered_lines": 0, "num_statements": 11, "percent_covered": 0.0, "percent_covered_display": "0", "missing_lines": 11, "excluded_lines": 0, "percent_statements_covered": 0.0, "percent_statements_covered_display": "0"}, "missing_lines": [404, 405, 406, 407, 409, 410, 411, 414, 420, 423, 425], "excluded_lines": [], "start_line": 401}, "generate_conversation_id": {"executed_lines": [], "summary": {"covered_lines": 0, "num_statements": 1, "percent_covered": 0.0, "percent_covered_display": "0", "missing_lines": 1, "excluded_lines": 0, "percent_statements_covered": 0.0, "percent_statements_covered_display": "0"}, "missing_lines": [443], "excluded_lines": [], "start_line": 439}, "AgentRunner.__init__": {"executed_lines": [], "summary": {"covered_lines": 0, "num_statements": 5, "percent_covered": 0.0, "percent_covered_display": "0", "missing_lines": 5, "excluded_lines": 0, "percent_statements_covered": 0.0, "percent_statements_covered_display": "0"}, "missing_lines": [458, 459, 460, 461, 462], "excluded_lines": [], "start_line": 449}, "AgentRunner.run": {"executed_lines": [], "summary": {"covered_lines": 0, "num_statements": 18, "percent_covered": 0.0, "percent_covered_display": "0", "missing_lines": 18, "excluded_lines": 0, "percent_statements_covered": 0.0, "percent_statements_covered_display": "0"}, "missing_lines": [479, 480, 483, 486, 487, 488, 490, 491, 492, 493, 495, 496, 499, 502, 505, 516, 517, 519], "excluded_lines": [], "start_line": 464}, "AgentRunner._build_user_message": {"executed_lines": [], "summary": {"covered_lines": 0, "num_statements": 6, "percent_covered": 0.0, "percent_covered_display": "0", "missing_lines": 6, "excluded_lines": 0, "percent_statements_covered": 0.0, "percent_statements_covered_display": "0"}, "missing_lines": [524, 526, 527, 528, 529, 531], "excluded_lines": [], "start_line": 521}, "AgentRunner._messages_single_turn": {"executed_lines": [], "summary": {"covered_lines": 0, "num_statements": 7, "percent_covered": 0.0, "percent_covered_display": "0", "missing_lines": 7, "excluded_lines": 0, "percent_statements_covered": 0.0, "percent_statements_covered_display": "0"}, "missing_lines": [536, 537, 538, 539, 540, 541, 542], "excluded_lines": [], "start_line": 533}, "AgentRunner._invoke_provider": {"executed_lines": [], "summary": {"covered_lines": 0, "num_statements": 17, "percent_covered": 0.0, "percent_covered_display": "0", "missing_lines": 17, "excluded_lines": 0, "percent_statements_covered": 0.0, "percent_statements_covered_display": "0"}, "missing_lines": [555, 556, 558, 559, 561, 562, 571, 572, 574, 575, 579, 582, 591, 592, 593, 596, 597], "excluded_lines": [], "start_line": 544}, "AgentRunner._execute_with_repair": {"executed_lines": [], "summary": {"covered_lines": 0, "num_statements": 17, "percent_covered": 0.0, "percent_covered_display": "0", "missing_lines": 17, "excluded_lines": 0, "percent_statements_covered": 0.0, "percent_statements_covered_display": "0"}, "missing_lines": [615, 616, 617, 619, 620, 622, 623, 631, 632, 634, 637, 638, 649, 650, 651, 654, 664], "excluded_lines": [], "start_line": 604}, "AgentRunner._parse_validate_extract": {"executed_lines": [], "summary": {"covered_lines": 0, "num_statements": 14, "percent_covered": 0.0, "percent_covered_display": "0", "missing_lines": 14, "excluded_lines": 0, "percent_statements_covered": 0.0, "percent_statements_covered_display": "0"}, "missing_lines": [679, 680, 681, 682, 683, 684, 687, 688, 689, 690, 691, 692, 693, 694], "excluded_lines": [], "start_line": 673}, "AgentRunner._format_validation_error": {"executed_lines": [], "summary": {"covered_lines": 0, "num_statements": 7, "percent_covered": 0.0, "percent_covered_display": "0", "missing_lines": 7, "excluded_lines": 0, "percent_statements_covered": 0.0, "percent_statements_covered_display": "0"}, "missing_lines": [699, 700, 701, 702, 703, 704, 705], "excluded_lines": [], "start_line": 697}, "AgentRunner._truncate": {"executed_lines": [], "summary": {"covered_lines": 0, "num_statements": 7, "percent_covered": 0.0, "percent_covered_display": "0", "missing_lines": 7, "excluded_lines": 0, "percent_statements_covered": 0.0, "percent_statements_covered_display": "0"}, "missing_lines": [709, 710, 711, 712, 713, 714, 715], "excluded_lines": [], "start_line": 708}, "AgentRunner._build_repair_message": {"executed_lines": [], "summary": {"covered_lines": 0, "num_statements": 2, "percent_covered": 0.0, "percent_covered_display": "0", "missing_lines": 2, "excluded_lines": 0, "percent_statements_covered": 0.0, "percent_statements_covered_display": "0"}, "missing_lines": [725, 727], "excluded_lines": [], "start_line": 717}, "AgentRunner._success_result": {"executed_lines": [], "summary": {"covered_lines": 0, "num_statements": 2, "percent_covered": 0.0, "percent_covered_display": "0", "missing_lines": 2, "excluded_lines": 0, "percent_statements_covered": 0.0, "percent_statements_covered_display": "0"}, "missing_lines": [746, 749], "excluded_lines": [], "start_line": 734}, "AgentRunner._failure_result": {"executed_lines": [], "summary": {"covered_lines": 0, "num_statements": 4, "percent_covered": 0.0, "percent_covered_display": "0", "missing_lines": 4, "excluded_lines": 0, "percent_statements_covered": 0.0, "percent_statements_covered_display": "0"}, "missing_lines": [770, 771, 772, 775], "excluded_lines": [], "start_line": 760}, "AgentRunner._build_metadata": {"executed_lines": [], "summary": {"covered_lines": 0, "num_statements": 4, "percent_covered": 0.0, "percent_covered_display": "0", "missing_lines": 4, "excluded_lines": 0, "percent_statements_covered": 0.0, "percent_statements_covered_display": "0"}, "missing_lines": [793, 802, 803, 811], "excluded_lines": [], "start_line": 784}, "AgentRegistry.__init__": {"executed_lines": [], "summary": {"covered_lines": 0, "num_statements": 1, "percent_covered": 0.0, "percent_covered_display": "0", "missing_lines": 1, "excluded_lines": 0, "percent_statements_covered": 0.0, "percent_statements_covered_display": "0"}, "missing_lines": [823], "excluded_lines": [], "start_line": 822}, "AgentRegistry.register": {"executed_lines": [], "summary": {"covered_lines": 0, "num_statements": 3, "percent_covered": 0.0, "percent_covered_display": "0", "missing_lines": 3, "excluded_lines": 0, "percent_statements_covered": 0.0, "percent_statements_covered_display": "0"}, "missing_lines": [826, 827, 828], "excluded_lines": [], "start_line": 825}, "AgentRegistry.get": {"executed_lines": [], "summary": {"covered_lines": 0, "num_statements": 3, "percent_covered": 0.0, "percent_covered_display": "0", "missing_lines": 3, "excluded_lines": 0, "percent_statements_covered": 0.0, "percent_statements_covered_display": "0"}, "missing_lines": [831, 832, 833], "excluded_lines": [], "start_line": 830}, "AgentRegistry.names": {"executed_lines": [], "summary": {"covered_lines": 0, "num_statements": 1, "percent_covered": 0.0, "percent_covered_display": "0", "missing_lines": 1, "excluded_lines": 0, "percent_statements_covered": 0.0, "percent_statements_covered_display": "0"}, "missing_lines": [836], "excluded_lines": [], "start_line": 835}, "": {"executed_lines": [], "summary": {"covered_lines": 0, "num_statements": 133, "percent_covered": 0.0, "percent_covered_display": "0", "missing_lines": 133, "excluded_lines": 27, "percent_statements_covered": 0.0, "percent_statements_covered_display": "0"}, "missing_lines": [17, 19, 20, 21, 22, 23, 24, 25, 26, 27, 28, 36, 37, 43, 46, 49, 50, 53, 54, 57, 58, 59, 62, 63, 69, 70, 71, 72, 73, 74, 77, 78, 81, 82, 85, 86, 116, 117, 123, 124, 127, 128, 129, 130, 131, 134, 135, 136, 137, 140, 141, 153, 156, 160, 161, 164, 167, 168, 171, 172, 173, 174, 175, 178, 179, 186, 188, 191, 194, 198, 199, 206, 207, 208, 209, 212, 213, 214, 217, 218, 221, 224, 227, 230, 231, 232, 235, 236, 239, 240, 241, 244, 246, 247, 258, 259, 260, 273, 284, 289, 298, 304, 328, 342, 348, 351, 352, 355, 365, 396, 401, 439, 446, 449, 464, 521, 533, 544, 604, 673, 696, 697, 707, 708, 717, 734, 760, 784, 819, 822, 825, 830, 835], "excluded_lines": [95, 96, 97, 98, 99, 100, 101, 103, 104, 105, 106, 107, 108, 109, 110, 111, 112, 114, 115, 144, 145, 146, 147, 148, 149, 151, 152], "start_line": 1}}, "classes": {"AgentMode": {"executed_lines": [], "summary": {"covered_lines": 0, "num_statements": 0, "percent_covered": 100.0, "percent_covered_display": "100", "missing_lines": 0, "excluded_lines": 0, "percent_statements_covered": 100.0, "percent_statements_covered_display": "100"}, "missing_lines": [], "excluded_lines": [], "start_line": 46}, "Usage": {"executed_lines": [], "summary": {"covered_lines": 0, "num_statements": 0, "percent_covered": 100.0, "percent_covered_display": "100", "missing_lines": 0, "excluded_lines": 0, "percent_statements_covered": 100.0, "percent_statements_covered_display": "100"}, "missing_lines": [], "excluded_lines": [], "start_line": 54}, "ResponseMetadata": {"executed_lines": [], "summary": {"covered_lines": 0, "num_statements": 0, "percent_covered": 100.0, "percent_covered_display": "100", "missing_lines": 0, "excluded_lines": 0, "percent_statements_covered": 100.0, "percent_statements_covered_display": "100"}, "missing_lines": [], "excluded_lines": [], "start_line": 63}, "LLMResponse": {"executed_lines": [], "summary": {"covered_lines": 0, "num_statements": 0, "percent_covered": 100.0, "percent_covered_display": "100", "missing_lines": 0, "excluded_lines": 0, "percent_statements_covered": 100.0, "percent_statements_covered_display": "100"}, "missing_lines": [], "excluded_lines": [], "start_line": 78}, "LLMProvider": {"executed_lines": [], "summary": {"covered_lines": 0, "num_statements": 0, "percent_covered": 100.0, "percent_covered_display": "100", "missing_lines": 0, "excluded_lines": 2, "percent_statements_covered": 100.0, "percent_statements_covered_display": "100"}, "missing_lines": [], "excluded_lines": [102, 113], "start_line": 86}, "Budget": {"executed_lines": [], "summary": {"covered_lines": 0, "num_statements": 0, "percent_covered": 100.0, "percent_covered_display": "100", "missing_lines": 0, "excluded_lines": 0, "percent_statements_covered": 100.0, "percent_statements_covered_display": "100"}, "missing_lines": [], "excluded_lines": [], "start_line": 117}, "ShapingStats": {"executed_lines": [], "summary": {"covered_lines": 0, "num_statements": 0, "percent_covered": 100.0, "percent_covered_display": "100", "missing_lines": 0, "excluded_lines": 0, "percent_statements_covered": 100.0, "percent_statements_covered_display": "100"}, "missing_lines": [], "excluded_lines": [], "start_line": 128}, "ShapedContext": {"executed_lines": [], "summary": {"covered_lines": 0, "num_statements": 0, "percent_covered": 100.0, "percent_covered_display": "100", "missing_lines": 0, "excluded_lines": 0, "percent_statements_covered": 100.0, "percent_statements_covered_display": "100"}, "missing_lines": [], "excluded_lines": [], "start_line": 135}, "ContextShaper": {"executed_lines": [], "summary": {"covered_lines": 0, "num_statements": 0, "percent_covered": 100.0, "percent_covered_display": "100", "missing_lines": 0, "excluded_lines": 1, "percent_statements_covered": 100.0, "percent_statements_covered_display": "100"}, "missing_lines": [], "excluded_lines": [150], "start_line": 141}, "IdentityContextShaper": {"executed_lines": [], "summary": {"covered_lines": 0, "num_statements": 1, "percent_covered": 0.0, "percent_covered_display": "0", "missing_lines": 1, "excluded_lines": 0, "percent_statements_covered": 0.0, "percent_statements_covered_display": "0"}, "missing_lines": [157], "excluded_lines": [], "start_line": 153}, "PromptPackRef": {"executed_lines": [], "summary": {"covered_lines": 0, "num_statements": 0, "percent_covered": 100.0, "percent_covered_display": "100", "missing_lines": 0, "excluded_lines": 0, "percent_statements_covered": 100.0, "percent_statements_covered_display": "100"}, "missing_lines": [], "excluded_lines": [], "start_line": 161}, "RenderedPrompts": {"executed_lines": [], "summary": {"covered_lines": 0, "num_statements": 0, "percent_covered": 100.0, "percent_covered_display": "100", "missing_lines": 0, "excluded_lines": 0, "percent_statements_covered": 100.0, "percent_statements_covered_display": "100"}, "missing_lines": [], "excluded_lines": [], "start_line": 168}, "AgentState": {"executed_lines": [], "summary": {"covered_lines": 0, "num_statements": 3, "percent_covered": 0.0, "percent_covered_display": "0", "missing_lines": 3, "excluded_lines": 0, "percent_statements_covered": 0.0, "percent_statements_covered_display": "0"}, "missing_lines": [189, 192, 195], "excluded_lines": [], "start_line": 179}, "AgentSpec": {"executed_lines": [], "summary": {"covered_lines": 0, "num_statements": 0, "percent_covered": 100.0, "percent_covered_display": "100", "missing_lines": 0, "excluded_lines": 0, "percent_statements_covered": 100.0, "percent_statements_covered_display": "100"}, "missing_lines": [], "excluded_lines": [], "start_line": 199}, "AgentResult": {"executed_lines": [], "summary": {"covered_lines": 0, "num_statements": 11, "percent_covered": 0.0, "percent_covered_display": "0", "missing_lines": 11, "excluded_lines": 0, "percent_statements_covered": 0.0, "percent_statements_covered_display": "0"}, "missing_lines": [248, 249, 250, 252, 253, 256, 261, 262, 263, 264, 265], "excluded_lines": [], "start_line": 227}, "PromptPackLoader": {"executed_lines": [], "summary": {"covered_lines": 0, "num_statements": 40, "percent_covered": 0.0, "percent_covered_display": "0", "missing_lines": 40, "excluded_lines": 0, "percent_statements_covered": 0.0, "percent_statements_covered_display": "0"}, "missing_lines": [285, 286, 287, 290, 291, 292, 293, 294, 295, 296, 299, 300, 301, 302, 305, 306, 307, 308, 309, 310, 311, 312, 313, 314, 315, 316, 317, 318, 319, 320, 321, 324, 325, 326, 329, 330, 331, 332, 333, 334], "excluded_lines": [], "start_line": 273}, "PromptRenderer": {"executed_lines": [], "summary": {"covered_lines": 0, "num_statements": 46, "percent_covered": 0.0, "percent_covered_display": "0", "missing_lines": 46, "excluded_lines": 0, "percent_statements_covered": 0.0, "percent_statements_covered_display": "0"}, "missing_lines": [349, 353, 356, 357, 358, 361, 362, 363, 369, 370, 371, 372, 373, 374, 375, 376, 377, 379, 380, 381, 382, 384, 385, 386, 387, 388, 389, 390, 391, 392, 393, 394, 397, 398, 399, 404, 405, 406, 407, 409, 410, 411, 414, 420, 423, 425], "excluded_lines": [], "start_line": 342}, "AgentRunner": {"executed_lines": [], "summary": {"covered_lines": 0, "num_statements": 110, "percent_covered": 0.0, "percent_covered_display": "0", "missing_lines": 110, "excluded_lines": 0, "percent_statements_covered": 0.0, "percent_statements_covered_display": "0"}, "missing_lines": [458, 459, 460, 461, 462, 479, 480, 483, 486, 487, 488, 490, 491, 492, 493, 495, 496, 499, 502, 505, 516, 517, 519, 524, 526, 527, 528, 529, 531, 536, 537, 538, 539, 540, 541, 542, 555, 556, 558, 559, 561, 562, 571, 572, 574, 575, 579, 582, 591, 592, 593, 596, 597, 615, 616, 617, 619, 620, 622, 623, 631, 632, 634, 637, 638, 649, 650, 651, 654, 664, 679, 680, 681, 682, 683, 684, 687, 688, 689, 690, 691, 692, 693, 694, 699, 700, 701, 702, 703, 704, 705, 709, 710, 711, 712, 713, 714, 715, 725, 727, 746, 749, 770, 771, 772, 775, 793, 802, 803, 811], "excluded_lines": [], "start_line": 446}, "AgentRegistry": {"executed_lines": [], "summary": {"covered_lines": 0, "num_statements": 8, "percent_covered": 0.0, "percent_covered_display": "0", "missing_lines": 8, "excluded_lines": 0, "percent_statements_covered": 0.0, "percent_statements_covered_display": "0"}, "missing_lines": [823, 826, 827, 828, 831, 832, 833, 836], "excluded_lines": [], "start_line": 819}, "": {"executed_lines": [], "summary": {"covered_lines": 0, "num_statements": 134, "percent_covered": 0.0, "percent_covered_display": "0", "missing_lines": 134, "excluded_lines": 27, "percent_statements_covered": 0.0, "percent_statements_covered_display": "0"}, "missing_lines": [17, 19, 20, 21, 22, 23, 24, 25, 26, 27, 28, 36, 37, 43, 46, 49, 50, 53, 54, 57, 58, 59, 62, 63, 69, 70, 71, 72, 73, 74, 77, 78, 81, 82, 85, 86, 116, 117, 123, 124, 127, 128, 129, 130, 131, 134, 135, 136, 137, 140, 141, 153, 156, 160, 161, 164, 167, 168, 171, 172, 173, 174, 175, 178, 179, 186, 188, 191, 194, 198, 199, 206, 207, 208, 209, 212, 213, 214, 217, 218, 221, 224, 227, 230, 231, 232, 235, 236, 239, 240, 241, 244, 246, 247, 258, 259, 260, 273, 284, 289, 298, 304, 328, 342, 348, 351, 352, 355, 365, 396, 401, 439, 443, 446, 449, 464, 521, 533, 544, 604, 673, 696, 697, 707, 708, 717, 734, 760, 784, 819, 822, 825, 830, 835], "excluded_lines": [95, 96, 97, 98, 99, 100, 101, 103, 104, 105, 106, 107, 108, 109, 110, 111, 112, 114, 115, 144, 145, 146, 147, 148, 149, 151, 152], "start_line": 1}}}, "packages/blinkb0t/core/agents/context/__init__.py": {"executed_lines": [3, 8, 9, 11], "summary": {"covered_lines": 4, "num_statements": 4, "percent_covered": 100.0, "percent_covered_display": "100", "missing_lines": 0, "excluded_lines": 0, "percent_statements_covered": 100.0, "percent_statements_covered_display": "100"}, "missing_lines": [], "excluded_lines": [], "functions": {"": {"executed_lines": [3, 8, 9, 11], "summary": {"covered_lines": 4, "num_statements": 4, "percent_covered": 100.0, "percent_covered_display": "100", "missing_lines": 0, "excluded_lines": 0, "percent_statements_covered": 100.0, "percent_statements_covered_display": "100"}, "missing_lines": [], "excluded_lines": [], "start_line": 1}}, "classes": {"": {"executed_lines": [3, 8, 9, 11], "summary": {"covered_lines": 4, "num_statements": 4, "percent_covered": 100.0, "percent_covered_display": "100", "missing_lines": 0, "excluded_lines": 0, "percent_statements_covered": 100.0, "percent_statements_covered_display": "100"}, "missing_lines": [], "excluded_lines": [], "start_line": 1}}}, "packages/blinkb0t/core/agents/context/base.py": {"executed_lines": [3, 5, 6, 8, 10, 12, 15, 23, 25, 35, 38, 44, 60, 71, 73, 75, 88, 90, 102, 103, 105, 106, 108, 110, 112, 123], "summary": {"covered_lines": 26, "num_statements": 26, "percent_covered": 100.0, "percent_covered_display": "100", "missing_lines": 0, "excluded_lines": 3, "percent_statements_covered": 100.0, "percent_statements_covered_display": "100"}, "missing_lines": [], "excluded_lines": [57, 58, 59], "functions": {"ContextShaper.shape": {"executed_lines": [], "summary": {"covered_lines": 0, "num_statements": 0, "percent_covered": 100.0, "percent_covered_display": "100", "missing_lines": 0, "excluded_lines": 1, "percent_statements_covered": 100.0, "percent_statements_covered_display": "100"}, "missing_lines": [], "excluded_lines": [57], "start_line": 44}, "BaseContextShaper.__init__": {"executed_lines": [73], "summary": {"covered_lines": 1, "num_statements": 1, "percent_covered": 100.0, "percent_covered_display": "100", "missing_lines": 0, "excluded_lines": 0, "percent_statements_covered": 100.0, "percent_statements_covered_display": "100"}, "missing_lines": [], "excluded_lines": [], "start_line": 71}, "BaseContextShaper.shape": {"executed_lines": [88], "summary": {"covered_lines": 1, "num_statements": 1, "percent_covered": 100.0, "percent_covered_display": "100", "missing_lines": 0, "excluded_lines": 0, "percent_statements_covered": 100.0, "percent_statements_covered_display": "100"}, "missing_lines": [], "excluded_lines": [], "start_line": 75}, "BaseContextShaper._calculate_reduction": {"executed_lines": [102, 103, 105, 106, 108, 110], "summary": {"covered_lines": 6, "num_statements": 6, "percent_covered": 100.0, "percent_covered_display": "100", "missing_lines": 0, "excluded_lines": 0, "percent_statements_covered": 100.0, "percent_statements_covered_display": "100"}, "missing_lines": [], "excluded_lines": [], "start_line": 90}, "BaseContextShaper._log_shaping": {"executed_lines": [123], "summary": {"covered_lines": 1, "num_statements": 1, "percent_covered": 100.0, "percent_covered_display": "100", "missing_lines": 0, "excluded_lines": 0, "percent_statements_covered": 100.0, "percent_statements_covered_display": "100"}, "missing_lines": [], "excluded_lines": [], "start_line": 112}, "": {"executed_lines": [3, 5, 6, 8, 10, 12, 15, 23, 25, 35, 38, 44, 60, 71, 75, 90, 112], "summary": {"covered_lines": 17, "num_statements": 17, "percent_covered": 100.0, "percent_covered_display": "100", "missing_lines": 0, "excluded_lines": 2, "percent_statements_covered": 100.0, "percent_statements_covered_display": "100"}, "missing_lines": [], "excluded_lines": [58, 59], "start_line": 1}}, "classes": {"ShapedContext": {"executed_lines": [], "summary": {"covered_lines": 0, "num_statements": 0, "percent_covered": 100.0, "percent_covered_display": "100", "missing_lines": 0, "excluded_lines": 0, "percent_statements_covered": 100.0, "percent_statements_covered_display": "100"}, "missing_lines": [], "excluded_lines": [], "start_line": 15}, "ContextShaper": {"executed_lines": [], "summary": {"covered_lines": 0, "num_statements": 0, "percent_covered": 100.0, "percent_covered_display": "100", "missing_lines": 0, "excluded_lines": 1, "percent_statements_covered": 100.0, "percent_statements_covered_display": "100"}, "missing_lines": [], "excluded_lines": [57], "start_line": 38}, "BaseContextShaper": {"executed_lines": [73, 88, 102, 103, 105, 106, 108, 110, 123], "summary": {"covered_lines": 9, "num_statements": 9, "percent_covered": 100.0, "percent_covered_display": "100", "missing_lines": 0, "excluded_lines": 0, "percent_statements_covered": 100.0, "percent_statements_covered_display": "100"}, "missing_lines": [], "excluded_lines": [], "start_line": 60}, "": {"executed_lines": [3, 5, 6, 8, 10, 12, 15, 23, 25, 35, 38, 44, 60, 71, 75, 90, 112], "summary": {"covered_lines": 17, "num_statements": 17, "percent_covered": 100.0, "percent_covered_display": "100", "missing_lines": 0, "excluded_lines": 2, "percent_statements_covered": 100.0, "percent_statements_covered_display": "100"}, "missing_lines": [], "excluded_lines": [58, 59], "start_line": 1}}}, "packages/blinkb0t/core/agents/context/identity.py": {"executed_lines": [3, 5, 8, 17, 30, 32], "summary": {"covered_lines": 6, "num_statements": 6, "percent_covered": 100.0, "percent_covered_display": "100", "missing_lines": 0, "excluded_lines": 0, "percent_statements_covered": 100.0, "percent_statements_covered_display": "100"}, "missing_lines": [], "excluded_lines": [], "functions": {"IdentityContextShaper.shape": {"executed_lines": [30, 32], "summary": {"covered_lines": 2, "num_statements": 2, "percent_covered": 100.0, "percent_covered_display": "100", "missing_lines": 0, "excluded_lines": 0, "percent_statements_covered": 100.0, "percent_statements_covered_display": "100"}, "missing_lines": [], "excluded_lines": [], "start_line": 17}, "": {"executed_lines": [3, 5, 8, 17], "summary": {"covered_lines": 4, "num_statements": 4, "percent_covered": 100.0, "percent_covered_display": "100", "missing_lines": 0, "excluded_lines": 0, "percent_statements_covered": 100.0, "percent_statements_covered_display": "100"}, "missing_lines": [], "excluded_lines": [], "start_line": 1}}, "classes": {"IdentityContextShaper": {"executed_lines": [30, 32], "summary": {"covered_lines": 2, "num_statements": 2, "percent_covered": 100.0, "percent_covered_display": "100", "missing_lines": 0, "excluded_lines": 0, "percent_statements_covered": 100.0, "percent_statements_covered_display": "100"}, "missing_lines": [], "excluded_lines": [], "start_line": 8}, "": {"executed_lines": [3, 5, 8, 17], "summary": {"covered_lines": 4, "num_statements": 4, "percent_covered": 100.0, "percent_covered_display": "100", "missing_lines": 0, "excluded_lines": 0, "percent_statements_covered": 100.0, "percent_statements_covered_display": "100"}, "missing_lines": [], "excluded_lines": [], "start_line": 1}}}, "packages/blinkb0t/core/agents/context/token_estimator.py": {"executed_lines": [3, 4, 7, 15, 16, 25, 26, 29, 31, 33, 34, 44, 46, 47, 56], "summary": {"covered_lines": 15, "num_statements": 15, "percent_covered": 100.0, "percent_covered_display": "100", "missing_lines": 0, "excluded_lines": 0, "percent_statements_covered": 100.0, "percent_statements_covered_display": "100"}, "missing_lines": [], "excluded_lines": [], "functions": {"TokenEstimator.estimate": {"executed_lines": [25, 26, 29, 31], "summary": {"covered_lines": 4, "num_statements": 4, "percent_covered": 100.0, "percent_covered_display": "100", "missing_lines": 0, "excluded_lines": 0, "percent_statements_covered": 100.0, "percent_statements_covered_display": "100"}, "missing_lines": [], "excluded_lines": [], "start_line": 16}, "TokenEstimator.estimate_text": {"executed_lines": [44], "summary": {"covered_lines": 1, "num_statements": 1, "percent_covered": 100.0, "percent_covered_display": "100", "missing_lines": 0, "excluded_lines": 0, "percent_statements_covered": 100.0, "percent_statements_covered_display": "100"}, "missing_lines": [], "excluded_lines": [], "start_line": 34}, "TokenEstimator.estimate_list": {"executed_lines": [56], "summary": {"covered_lines": 1, "num_statements": 1, "percent_covered": 100.0, "percent_covered_display": "100", "missing_lines": 0, "excluded_lines": 0, "percent_statements_covered": 100.0, "percent_statements_covered_display": "100"}, "missing_lines": [], "excluded_lines": [], "start_line": 47}, "": {"executed_lines": [3, 4, 7, 15, 16, 33, 34, 46, 47], "summary": {"covered_lines": 9, "num_statements": 9, "percent_covered": 100.0, "percent_covered_display": "100", "missing_lines": 0, "excluded_lines": 0, "percent_statements_covered": 100.0, "percent_statements_covered_display": "100"}, "missing_lines": [], "excluded_lines": [], "start_line": 1}}, "classes": {"TokenEstimator": {"executed_lines": [25, 26, 29, 31, 44, 56], "summary": {"covered_lines": 6, "num_statements": 6, "percent_covered": 100.0, "percent_covered_display": "100", "missing_lines": 0, "excluded_lines": 0, "percent_statements_covered": 100.0, "percent_statements_covered_display": "100"}, "missing_lines": [], "excluded_lines": [], "start_line": 7}, "": {"executed_lines": [3, 4, 7, 15, 16, 33, 34, 46, 47], "summary": {"covered_lines": 9, "num_statements": 9, "percent_covered": 100.0, "percent_covered_display": "100", "missing_lines": 0, "excluded_lines": 0, "percent_statements_covered": 100.0, "percent_statements_covered_display": "100"}, "missing_lines": [], "excluded_lines": [], "start_line": 1}}}, "packages/blinkb0t/core/agents/enum.py": {"executed_lines": [], "summary": {"covered_lines": 0, "num_statements": 19, "percent_covered": 0.0, "percent_covered_display": "0", "missing_lines": 19, "excluded_lines": 0, "percent_statements_covered": 0.0, "percent_statements_covered_display": "0"}, "missing_lines": [1, 4, 7, 8, 9, 12, 15, 16, 17, 20, 23, 24, 25, 28, 31, 32, 33, 34, 35], "excluded_lines": [], "functions": {"": {"executed_lines": [], "summary": {"covered_lines": 0, "num_statements": 19, "percent_covered": 0.0, "percent_covered_display": "0", "missing_lines": 19, "excluded_lines": 0, "percent_statements_covered": 0.0, "percent_statements_covered_display": "0"}, "missing_lines": [1, 4, 7, 8, 9, 12, 15, 16, 17, 20, 23, 24, 25, 28, 31, 32, 33, 34, 35], "excluded_lines": [], "start_line": 1}}, "classes": {"ValidationSeverity": {"executed_lines": [], "summary": {"covered_lines": 0, "num_statements": 0, "percent_covered": 100.0, "percent_covered_display": "100", "missing_lines": 0, "excluded_lines": 0, "percent_statements_covered": 100.0, "percent_statements_covered_display": "100"}, "missing_lines": [], "excluded_lines": [], "start_line": 4}, "OrchestratorStatus": {"executed_lines": [], "summary": {"covered_lines": 0, "num_statements": 0, "percent_covered": 100.0, "percent_covered_display": "100", "missing_lines": 0, "excluded_lines": 0, "percent_statements_covered": 100.0, "percent_statements_covered_display": "100"}, "missing_lines": [], "excluded_lines": [], "start_line": 12}, "RefineStrategy": {"executed_lines": [], "summary": {"covered_lines": 0, "num_statements": 0, "percent_covered": 100.0, "percent_covered_display": "100", "missing_lines": 0, "excluded_lines": 0, "percent_statements_covered": 100.0, "percent_statements_covered_display": "100"}, "missing_lines": [], "excluded_lines": [], "start_line": 20}, "Stage": {"executed_lines": [], "summary": {"covered_lines": 0, "num_statements": 0, "percent_covered": 100.0, "percent_covered_display": "100", "missing_lines": 0, "excluded_lines": 0, "percent_statements_covered": 100.0, "percent_statements_covered_display": "100"}, "missing_lines": [], "excluded_lines": [], "start_line": 28}, "": {"executed_lines": [], "summary": {"covered_lines": 0, "num_statements": 19, "percent_covered": 0.0, "percent_covered_display": "0", "missing_lines": 19, "excluded_lines": 0, "percent_statements_covered": 0.0, "percent_statements_covered_display": "0"}, "missing_lines": [1, 4, 7, 8, 9, 12, 15, 16, 17, 20, 23, 24, 25, 28, 31, 32, 33, 34, 35], "excluded_lines": [], "start_line": 1}}}, "packages/blinkb0t/core/agents/feedback.py": {"executed_lines": [3, 5, 6, 7, 8, 10, 12, 15, 18, 19, 20, 23, 29, 30, 31, 32, 35, 39, 42, 52, 58, 59, 61, 63, 73, 81, 82, 84, 99, 100, 101, 103, 111, 112, 114, 129, 130, 131, 133, 141, 142, 144, 150, 153, 154, 155, 156, 160, 166, 168, 177, 179, 192, 193, 195, 197, 198, 200, 201, 203, 206, 209, 210, 213, 215, 217, 219, 220, 221, 223, 229, 231, 237], "summary": {"covered_lines": 73, "num_statements": 73, "percent_covered": 100.0, "percent_covered_display": "100", "missing_lines": 0, "excluded_lines": 0, "percent_statements_covered": 100.0, "percent_statements_covered_display": "100"}, "missing_lines": [], "excluded_lines": [], "functions": {"FeedbackManager.__init__": {"executed_lines": [58, 59, 61], "summary": {"covered_lines": 3, "num_statements": 3, "percent_covered": 100.0, "percent_covered_display": "100", "missing_lines": 0, "excluded_lines": 0, "percent_statements_covered": 100.0, "percent_statements_covered_display": "100"}, "missing_lines": [], "excluded_lines": [], "start_line": 52}, "FeedbackManager.add_validation_failure": {"executed_lines": [73, 81, 82], "summary": {"covered_lines": 3, "num_statements": 3, "percent_covered": 100.0, "percent_covered_display": "100", "missing_lines": 0, "excluded_lines": 0, "percent_statements_covered": 100.0, "percent_statements_covered_display": "100"}, "missing_lines": [], "excluded_lines": [], "start_line": 63}, "FeedbackManager.add_judge_soft_failure": {"executed_lines": [99, 100, 101, 103, 111, 112], "summary": {"covered_lines": 6, "num_statements": 6, "percent_covered": 100.0, "percent_covered_display": "100", "missing_lines": 0, "excluded_lines": 0, "percent_statements_covered": 100.0, "percent_statements_covered_display": "100"}, "missing_lines": [], "excluded_lines": [], "start_line": 84}, "FeedbackManager.add_judge_hard_failure": {"executed_lines": [129, 130, 131, 133, 141, 142], "summary": {"covered_lines": 6, "num_statements": 6, "percent_covered": 100.0, "percent_covered_display": "100", "missing_lines": 0, "excluded_lines": 0, "percent_statements_covered": 100.0, "percent_statements_covered_display": "100"}, "missing_lines": [], "excluded_lines": [], "start_line": 114}, "FeedbackManager._add_entry": {"executed_lines": [150, 153, 154, 155, 156], "summary": {"covered_lines": 5, "num_statements": 5, "percent_covered": 100.0, "percent_covered_display": "100", "missing_lines": 0, "excluded_lines": 0, "percent_statements_covered": 100.0, "percent_statements_covered_display": "100"}, "missing_lines": [], "excluded_lines": [], "start_line": 144}, "FeedbackManager.get_all": {"executed_lines": [166], "summary": {"covered_lines": 1, "num_statements": 1, "percent_covered": 100.0, "percent_covered_display": "100", "missing_lines": 0, "excluded_lines": 0, "percent_statements_covered": 100.0, "percent_statements_covered_display": "100"}, "missing_lines": [], "excluded_lines": [], "start_line": 160}, "FeedbackManager.get_by_type": {"executed_lines": [177], "summary": {"covered_lines": 1, "num_statements": 1, "percent_covered": 100.0, "percent_covered_display": "100", "missing_lines": 0, "excluded_lines": 0, "percent_statements_covered": 100.0, "percent_statements_covered_display": "100"}, "missing_lines": [], "excluded_lines": [], "start_line": 168}, "FeedbackManager.format_for_prompt": {"executed_lines": [192, 193, 195, 197, 198, 200, 201, 203, 206, 209, 210, 213, 215], "summary": {"covered_lines": 13, "num_statements": 13, "percent_covered": 100.0, "percent_covered_display": "100", "missing_lines": 0, "excluded_lines": 0, "percent_statements_covered": 100.0, "percent_statements_covered_display": "100"}, "missing_lines": [], "excluded_lines": [], "start_line": 179}, "FeedbackManager.clear": {"executed_lines": [219, 220, 221], "summary": {"covered_lines": 3, "num_statements": 3, "percent_covered": 100.0, "percent_covered_display": "100", "missing_lines": 0, "excluded_lines": 0, "percent_statements_covered": 100.0, "percent_statements_covered_display": "100"}, "missing_lines": [], "excluded_lines": [], "start_line": 217}, "FeedbackManager.count": {"executed_lines": [229], "summary": {"covered_lines": 1, "num_statements": 1, "percent_covered": 100.0, "percent_covered_display": "100", "missing_lines": 0, "excluded_lines": 0, "percent_statements_covered": 100.0, "percent_statements_covered_display": "100"}, "missing_lines": [], "excluded_lines": [], "start_line": 223}, "FeedbackManager.is_empty": {"executed_lines": [237], "summary": {"covered_lines": 1, "num_statements": 1, "percent_covered": 100.0, "percent_covered_display": "100", "missing_lines": 0, "excluded_lines": 0, "percent_statements_covered": 100.0, "percent_statements_covered_display": "100"}, "missing_lines": [], "excluded_lines": [], "start_line": 231}, "": {"executed_lines": [3, 5, 6, 7, 8, 10, 12, 15, 18, 19, 20, 23, 29, 30, 31, 32, 35, 39, 42, 52, 63, 84, 114, 144, 160, 168, 179, 217, 223, 231], "summary": {"covered_lines": 30, "num_statements": 30, "percent_covered": 100.0, "percent_covered_display": "100", "missing_lines": 0, "excluded_lines": 0, "percent_statements_covered": 100.0, "percent_statements_covered_display": "100"}, "missing_lines": [], "excluded_lines": [], "start_line": 1}}, "classes": {"FeedbackType": {"executed_lines": [], "summary": {"covered_lines": 0, "num_statements": 0, "percent_covered": 100.0, "percent_covered_display": "100", "missing_lines": 0, "excluded_lines": 0, "percent_statements_covered": 100.0, "percent_statements_covered_display": "100"}, "missing_lines": [], "excluded_lines": [], "start_line": 15}, "FeedbackEntry": {"executed_lines": [], "summary": {"covered_lines": 0, "num_statements": 0, "percent_covered": 100.0, "percent_covered_display": "100", "missing_lines": 0, "excluded_lines": 0, "percent_statements_covered": 100.0, "percent_statements_covered_display": "100"}, "missing_lines": [], "excluded_lines": [], "start_line": 23}, "FeedbackManager": {"executed_lines": [58, 59, 61, 73, 81, 82, 99, 100, 101, 103, 111, 112, 129, 130, 131, 133, 141, 142, 150, 153, 154, 155, 156, 166, 177, 192, 193, 195, 197, 198, 200, 201, 203, 206, 209, 210, 213, 215, 219, 220, 221, 229, 237], "summary": {"covered_lines": 43, "num_statements": 43, "percent_covered": 100.0, "percent_covered_display": "100", "missing_lines": 0, "excluded_lines": 0, "percent_statements_covered": 100.0, "percent_statements_covered_display": "100"}, "missing_lines": [], "excluded_lines": [], "start_line": 42}, "": {"executed_lines": [3, 5, 6, 7, 8, 10, 12, 15, 18, 19, 20, 23, 29, 30, 31, 32, 35, 39, 42, 52, 63, 84, 114, 144, 160, 168, 179, 217, 223, 231], "summary": {"covered_lines": 30, "num_statements": 30, "percent_covered": 100.0, "percent_covered_display": "100", "missing_lines": 0, "excluded_lines": 0, "percent_statements_covered": 100.0, "percent_statements_covered_display": "100"}, "missing_lines": [], "excluded_lines": [], "start_line": 1}}}, "packages/blinkb0t/core/agents/prompts/__init__.py": {"executed_lines": [3, 4, 6], "summary": {"covered_lines": 3, "num_statements": 3, "percent_covered": 100.0, "percent_covered_display": "100", "missing_lines": 0, "excluded_lines": 0, "percent_statements_covered": 100.0, "percent_statements_covered_display": "100"}, "missing_lines": [], "excluded_lines": [], "functions": {"": {"executed_lines": [3, 4, 6], "summary": {"covered_lines": 3, "num_statements": 3, "percent_covered": 100.0, "percent_covered_display": "100", "missing_lines": 0, "excluded_lines": 0, "percent_statements_covered": 100.0, "percent_statements_covered_display": "100"}, "missing_lines": [], "excluded_lines": [], "start_line": 1}}, "classes": {"": {"executed_lines": [3, 4, 6], "summary": {"covered_lines": 3, "num_statements": 3, "percent_covered": 100.0, "percent_covered_display": "100", "missing_lines": 0, "excluded_lines": 0, "percent_statements_covered": 100.0, "percent_statements_covered_display": "100"}, "missing_lines": [], "excluded_lines": [], "start_line": 1}}}, "packages/blinkb0t/core/agents/prompts/loader.py": {"executed_lines": [3, 5, 6, 7, 8, 10, 12, 15, 18, 21, 32, 38, 39, 41, 43, 59, 61, 62, 64, 67, 68, 69, 73, 76, 77, 78, 81, 82, 83, 86, 87, 88, 89, 90, 91, 92, 93, 94, 95, 99, 101, 103, 118, 121, 123, 124, 126, 127, 129, 130, 133, 134, 136], "summary": {"covered_lines": 53, "num_statements": 53, "percent_covered": 100.0, "percent_covered_display": "100", "missing_lines": 0, "excluded_lines": 0, "percent_statements_covered": 100.0, "percent_statements_covered_display": "100"}, "missing_lines": [], "excluded_lines": [], "functions": {"PromptPackLoader.__init__": {"executed_lines": [38, 39, 41], "summary": {"covered_lines": 3, "num_statements": 3, "percent_covered": 100.0, "percent_covered_display": "100", "missing_lines": 0, "excluded_lines": 0, "percent_statements_covered": 100.0, "percent_statements_covered_display": "100"}, "missing_lines": [], "excluded_lines": [], "start_line": 32}, "PromptPackLoader.load": {"executed_lines": [59, 61, 62, 64, 67, 68, 69, 73, 76, 77, 78, 81, 82, 83, 86, 87, 88, 89, 90, 91, 92, 93, 94, 95, 99, 101], "summary": {"covered_lines": 26, "num_statements": 26, "percent_covered": 100.0, "percent_covered_display": "100", "missing_lines": 0, "excluded_lines": 0, "percent_statements_covered": 100.0, "percent_statements_covered_display": "100"}, "missing_lines": [], "excluded_lines": [], "start_line": 43}, "PromptPackLoader.load_and_render": {"executed_lines": [118, 121, 123, 124, 126, 127, 129, 130, 133, 134, 136], "summary": {"covered_lines": 11, "num_statements": 11, "percent_covered": 100.0, "percent_covered_display": "100", "missing_lines": 0, "excluded_lines": 0, "percent_statements_covered": 100.0, "percent_statements_covered_display": "100"}, "missing_lines": [], "excluded_lines": [], "start_line": 103}, "": {"executed_lines": [3, 5, 6, 7, 8, 10, 12, 15, 18, 21, 32, 43, 103], "summary": {"covered_lines": 13, "num_statements": 13, "percent_covered": 100.0, "percent_covered_display": "100", "missing_lines": 0, "excluded_lines": 0, "percent_statements_covered": 100.0, "percent_statements_covered_display": "100"}, "missing_lines": [], "excluded_lines": [], "start_line": 1}}, "classes": {"LoadError": {"executed_lines": [], "summary": {"covered_lines": 0, "num_statements": 0, "percent_covered": 100.0, "percent_covered_display": "100", "missing_lines": 0, "excluded_lines": 0, "percent_statements_covered": 100.0, "percent_statements_covered_display": "100"}, "missing_lines": [], "excluded_lines": [], "start_line": 15}, "PromptPackLoader": {"executed_lines": [38, 39, 41, 59, 61, 62, 64, 67, 68, 69, 73, 76, 77, 78, 81, 82, 83, 86, 87, 88, 89, 90, 91, 92, 93, 94, 95, 99, 101, 118, 121, 123, 124, 126, 127, 129, 130, 133, 134, 136], "summary": {"covered_lines": 40, "num_statements": 40, "percent_covered": 100.0, "percent_covered_display": "100", "missing_lines": 0, "excluded_lines": 0, "percent_statements_covered": 100.0, "percent_statements_covered_display": "100"}, "missing_lines": [], "excluded_lines": [], "start_line": 21}, "": {"executed_lines": [3, 5, 6, 7, 8, 10, 12, 15, 18, 21, 32, 43, 103], "summary": {"covered_lines": 13, "num_statements": 13, "percent_covered": 100.0, "percent_covered_display": "100", "missing_lines": 0, "excluded_lines": 0, "percent_statements_covered": 100.0, "percent_statements_covered_display": "100"}, "missing_lines": [], "excluded_lines": [], "start_line": 1}}}, "packages/blinkb0t/core/agents/prompts/renderer.py": {"executed_lines": [3, 5, 6, 8, 11, 14, 17, 26, 28, 29, 31, 32, 33, 39, 52, 56, 57, 59, 60, 62, 63, 65, 66, 71, 84, 87, 90, 91, 92, 93, 96, 98, 99, 100, 103, 105], "summary": {"covered_lines": 36, "num_statements": 42, "percent_covered": 85.71428571428571, "percent_covered_display": "86", "missing_lines": 6, "excluded_lines": 0, "percent_statements_covered": 85.71428571428571, "percent_statements_covered_display": "86"}, "missing_lines": [35, 36, 37, 54, 68, 69], "excluded_lines": [], "functions": {"PromptRenderer.__init__": {"executed_lines": [28, 29, 31, 32, 33], "summary": {"covered_lines": 5, "num_statements": 8, "percent_covered": 62.5, "percent_covered_display": "62", "missing_lines": 3, "excluded_lines": 0, "percent_statements_covered": 62.5, "percent_statements_covered_display": "62"}, "missing_lines": [35, 36, 37], "excluded_lines": [], "start_line": 26}, "PromptRenderer.render": {"executed_lines": [52, 56, 57, 59, 60, 62, 63, 65, 66], "summary": {"covered_lines": 9, "num_statements": 12, "percent_covered": 75.0, "percent_covered_display": "75", "missing_lines": 3, "excluded_lines": 0, "percent_statements_covered": 75.0, "percent_statements_covered_display": "75"}, "missing_lines": [54, 68, 69], "excluded_lines": [], "start_line": 39}, "PromptRenderer._simple_render": {"executed_lines": [84, 87, 90, 91, 92, 93, 96, 98, 99, 100, 103, 105], "summary": {"covered_lines": 12, "num_statements": 12, "percent_covered": 100.0, "percent_covered_display": "100", "missing_lines": 0, "excluded_lines": 0, "percent_statements_covered": 100.0, "percent_statements_covered_display": "100"}, "missing_lines": [], "excluded_lines": [], "start_line": 71}, "": {"executed_lines": [3, 5, 6, 8, 11, 14, 17, 26, 39, 71], "summary": {"covered_lines": 10, "num_statements": 10, "percent_covered": 100.0, "percent_covered_display": "100", "missing_lines": 0, "excluded_lines": 0, "percent_statements_covered": 100.0, "percent_statements_covered_display": "100"}, "missing_lines": [], "excluded_lines": [], "start_line": 1}}, "classes": {"RenderError": {"executed_lines": [], "summary": {"covered_lines": 0, "num_statements": 0, "percent_covered": 100.0, "percent_covered_display": "100", "missing_lines": 0, "excluded_lines": 0, "percent_statements_covered": 100.0, "percent_statements_covered_display": "100"}, "missing_lines": [], "excluded_lines": [], "start_line": 11}, "PromptRenderer": {"executed_lines": [28, 29, 31, 32, 33, 52, 56, 57, 59, 60, 62, 63, 65, 66, 84, 87, 90, 91, 92, 93, 96, 98, 99, 100, 103, 105], "summary": {"covered_lines": 26, "num_statements": 32, "percent_covered": 81.25, "percent_covered_display": "81", "missing_lines": 6, "excluded_lines": 0, "percent_statements_covered": 81.25, "percent_statements_covered_display": "81"}, "missing_lines": [35, 36, 37, 54, 68, 69], "excluded_lines": [], "start_line": 17}, "": {"executed_lines": [3, 5, 6, 8, 11, 14, 17, 26, 39, 71], "summary": {"covered_lines": 10, "num_statements": 10, "percent_covered": 100.0, "percent_covered_display": "100", "missing_lines": 0, "excluded_lines": 0, "percent_statements_covered": 100.0, "percent_statements_covered_display": "100"}, "missing_lines": [], "excluded_lines": [], "start_line": 1}}}, "packages/blinkb0t/core/agents/providers/__init__.py": {"executed_lines": [3, 10, 11, 13], "summary": {"covered_lines": 4, "num_statements": 4, "percent_covered": 100.0, "percent_covered_display": "100", "missing_lines": 0, "excluded_lines": 0, "percent_statements_covered": 100.0, "percent_statements_covered_display": "100"}, "missing_lines": [], "excluded_lines": [], "functions": {"": {"executed_lines": [3, 10, 11, 13], "summary": {"covered_lines": 4, "num_statements": 4, "percent_covered": 100.0, "percent_covered_display": "100", "missing_lines": 0, "excluded_lines": 0, "percent_statements_covered": 100.0, "percent_statements_covered_display": "100"}, "missing_lines": [], "excluded_lines": [], "start_line": 1}}, "classes": {"": {"executed_lines": [3, 10, 11, 13], "summary": {"covered_lines": 4, "num_statements": 4, "percent_covered": 100.0, "percent_covered_display": "100", "missing_lines": 0, "excluded_lines": 0, "percent_statements_covered": 100.0, "percent_statements_covered_display": "100"}, "missing_lines": [], "excluded_lines": [], "start_line": 1}}}, "packages/blinkb0t/core/agents/providers/base.py": {"executed_lines": [3, 5, 6, 7, 10, 13, 14, 17, 18, 21, 22, 23, 26, 27, 30, 31, 32, 33, 34, 37, 38, 41, 42, 45, 55, 56, 60, 90, 120, 133, 147, 155], "summary": {"covered_lines": 32, "num_statements": 32, "percent_covered": 100.0, "percent_covered_display": "100", "missing_lines": 0, "excluded_lines": 14, "percent_statements_covered": 100.0, "percent_statements_covered_display": "100"}, "missing_lines": [], "excluded_lines": [58, 59, 88, 89, 118, 119, 131, 132, 145, 146, 153, 154, 157, 158], "functions": {"LLMProvider.provider_type": {"executed_lines": [], "summary": {"covered_lines": 0, "num_statements": 0, "percent_covered": 100.0, "percent_covered_display": "100", "missing_lines": 0, "excluded_lines": 1, "percent_statements_covered": 100.0, "percent_statements_covered_display": "100"}, "missing_lines": [], "excluded_lines": [58], "start_line": 56}, "LLMProvider.generate_json": {"executed_lines": [], "summary": {"covered_lines": 0, "num_statements": 0, "percent_covered": 100.0, "percent_covered_display": "100", "missing_lines": 0, "excluded_lines": 1, "percent_statements_covered": 100.0, "percent_statements_covered_display": "100"}, "missing_lines": [], "excluded_lines": [88], "start_line": 60}, "LLMProvider.generate_json_with_conversation": {"executed_lines": [], "summary": {"covered_lines": 0, "num_statements": 0, "percent_covered": 100.0, "percent_covered_display": "100", "missing_lines": 0, "excluded_lines": 1, "percent_statements_covered": 100.0, "percent_statements_covered_display": "100"}, "missing_lines": [], "excluded_lines": [118], "start_line": 90}, "LLMProvider.add_message_to_conversation": {"executed_lines": [], "summary": {"covered_lines": 0, "num_statements": 0, "percent_covered": 100.0, "percent_covered_display": "100", "missing_lines": 0, "excluded_lines": 1, "percent_statements_covered": 100.0, "percent_statements_covered_display": "100"}, "missing_lines": [], "excluded_lines": [131], "start_line": 120}, "LLMProvider.get_conversation_history": {"executed_lines": [], "summary": {"covered_lines": 0, "num_statements": 0, "percent_covered": 100.0, "percent_covered_display": "100", "missing_lines": 0, "excluded_lines": 1, "percent_statements_covered": 100.0, "percent_statements_covered_display": "100"}, "missing_lines": [], "excluded_lines": [145], "start_line": 133}, "LLMProvider.get_token_usage": {"executed_lines": [], "summary": {"covered_lines": 0, "num_statements": 0, "percent_covered": 100.0, "percent_covered_display": "100", "missing_lines": 0, "excluded_lines": 1, "percent_statements_covered": 100.0, "percent_statements_covered_display": "100"}, "missing_lines": [], "excluded_lines": [153], "start_line": 147}, "LLMProvider.reset_token_tracking": {"executed_lines": [], "summary": {"covered_lines": 0, "num_statements": 0, "percent_covered": 100.0, "percent_covered_display": "100", "missing_lines": 0, "excluded_lines": 1, "percent_statements_covered": 100.0, "percent_statements_covered_display": "100"}, "missing_lines": [], "excluded_lines": [157], "start_line": 155}, "": {"executed_lines": [3, 5, 6, 7, 10, 13, 14, 17, 18, 21, 22, 23, 26, 27, 30, 31, 32, 33, 34, 37, 38, 41, 42, 45, 55, 56, 60, 90, 120, 133, 147, 155], "summary": {"covered_lines": 32, "num_statements": 32, "percent_covered": 100.0, "percent_covered_display": "100", "missing_lines": 0, "excluded_lines": 6, "percent_statements_covered": 100.0, "percent_statements_covered_display": "100"}, "missing_lines": [], "excluded_lines": [59, 89, 119, 132, 146, 154], "start_line": 1}}, "classes": {"ProviderType": {"executed_lines": [], "summary": {"covered_lines": 0, "num_statements": 0, "percent_covered": 100.0, "percent_covered_display": "100", "missing_lines": 0, "excluded_lines": 0, "percent_statements_covered": 100.0, "percent_statements_covered_display": "100"}, "missing_lines": [], "excluded_lines": [], "start_line": 10}, "TokenUsage": {"executed_lines": [], "summary": {"covered_lines": 0, "num_statements": 0, "percent_covered": 100.0, "percent_covered_display": "100", "missing_lines": 0, "excluded_lines": 0, "percent_statements_covered": 100.0, "percent_statements_covered_display": "100"}, "missing_lines": [], "excluded_lines": [], "start_line": 18}, "ResponseMetadata": {"executed_lines": [], "summary": {"covered_lines": 0, "num_statements": 0, "percent_covered": 100.0, "percent_covered_display": "100", "missing_lines": 0, "excluded_lines": 0, "percent_statements_covered": 100.0, "percent_statements_covered_display": "100"}, "missing_lines": [], "excluded_lines": [], "start_line": 27}, "LLMResponse": {"executed_lines": [], "summary": {"covered_lines": 0, "num_statements": 0, "percent_covered": 100.0, "percent_covered_display": "100", "missing_lines": 0, "excluded_lines": 0, "percent_statements_covered": 100.0, "percent_statements_covered_display": "100"}, "missing_lines": [], "excluded_lines": [], "start_line": 38}, "LLMProvider": {"executed_lines": [], "summary": {"covered_lines": 0, "num_statements": 0, "percent_covered": 100.0, "percent_covered_display": "100", "missing_lines": 0, "excluded_lines": 7, "percent_statements_covered": 100.0, "percent_statements_covered_display": "100"}, "missing_lines": [], "excluded_lines": [58, 88, 118, 131, 145, 153, 157], "start_line": 45}, "": {"executed_lines": [3, 5, 6, 7, 10, 13, 14, 17, 18, 21, 22, 23, 26, 27, 30, 31, 32, 33, 34, 37, 38, 41, 42, 45, 55, 56, 60, 90, 120, 133, 147, 155], "summary": {"covered_lines": 32, "num_statements": 32, "percent_covered": 100.0, "percent_covered_display": "100", "missing_lines": 0, "excluded_lines": 6, "percent_statements_covered": 100.0, "percent_statements_covered_display": "100"}, "missing_lines": [], "excluded_lines": [59, 89, 119, 132, 146, 154], "start_line": 1}}}, "packages/blinkb0t/core/agents/providers/conversation.py": {"executed_lines": [3, 5, 6, 7, 10, 26, 29, 30, 33, 34, 35], "summary": {"covered_lines": 11, "num_statements": 11, "percent_covered": 100.0, "percent_covered_display": "100", "missing_lines": 0, "excluded_lines": 0, "percent_statements_covered": 100.0, "percent_statements_covered_display": "100"}, "missing_lines": [], "excluded_lines": [], "functions": {"generate_conversation_id": {"executed_lines": [26], "summary": {"covered_lines": 1, "num_statements": 1, "percent_covered": 100.0, "percent_covered_display": "100", "missing_lines": 0, "excluded_lines": 0, "percent_statements_covered": 100.0, "percent_statements_covered_display": "100"}, "missing_lines": [], "excluded_lines": [], "start_line": 10}, "": {"executed_lines": [3, 5, 6, 7, 10, 29, 30, 33, 34, 35], "summary": {"covered_lines": 10, "num_statements": 10, "percent_covered": 100.0, "percent_covered_display": "100", "missing_lines": 0, "excluded_lines": 0, "percent_statements_covered": 100.0, "percent_statements_covered_display": "100"}, "missing_lines": [], "excluded_lines": [], "start_line": 1}}, "classes": {"Conversation": {"executed_lines": [], "summary": {"covered_lines": 0, "num_statements": 0, "percent_covered": 100.0, "percent_covered_display": "100", "missing_lines": 0, "excluded_lines": 0, "percent_statements_covered": 100.0, "percent_statements_covered_display": "100"}, "missing_lines": [], "excluded_lines": [], "start_line": 30}, "": {"executed_lines": [3, 5, 6, 7, 10, 26, 29, 30, 33, 34, 35], "summary": {"covered_lines": 11, "num_statements": 11, "percent_covered": 100.0, "percent_covered_display": "100", "missing_lines": 0, "excluded_lines": 0, "percent_statements_covered": 100.0, "percent_statements_covered_display": "100"}, "missing_lines": [], "excluded_lines": [], "start_line": 1}}}, "packages/blinkb0t/core/agents/providers/errors.py": {"executed_lines": [4, 10], "summary": {"covered_lines": 2, "num_statements": 2, "percent_covered": 100.0, "percent_covered_display": "100", "missing_lines": 0, "excluded_lines": 0, "percent_statements_covered": 100.0, "percent_statements_covered_display": "100"}, "missing_lines": [], "excluded_lines": [], "functions": {"": {"executed_lines": [4, 10], "summary": {"covered_lines": 2, "num_statements": 2, "percent_covered": 100.0, "percent_covered_display": "100", "missing_lines": 0, "excluded_lines": 0, "percent_statements_covered": 100.0, "percent_statements_covered_display": "100"}, "missing_lines": [], "excluded_lines": [], "start_line": 1}}, "classes": {"LLMProviderError": {"executed_lines": [], "summary": {"covered_lines": 0, "num_statements": 0, "percent_covered": 100.0, "percent_covered_display": "100", "missing_lines": 0, "excluded_lines": 0, "percent_statements_covered": 100.0, "percent_statements_covered_display": "100"}, "missing_lines": [], "excluded_lines": [], "start_line": 4}, "": {"executed_lines": [4, 10], "summary": {"covered_lines": 2, "num_statements": 2, "percent_covered": 100.0, "percent_covered_display": "100", "missing_lines": 0, "excluded_lines": 0, "percent_statements_covered": 100.0, "percent_statements_covered_display": "100"}, "missing_lines": [], "excluded_lines": [], "start_line": 1}}}, "packages/blinkb0t/core/agents/providers/openai.py": {"executed_lines": [3, 5, 6, 7, 9, 15, 16, 18, 21, 34, 46, 48, 49, 51, 52, 54, 56, 73, 75, 80, 83, 95, 98, 99, 101, 111, 113, 114, 116, 119, 120, 121, 122, 124, 125, 128, 133, 138, 141, 151, 157, 159, 160, 162, 164, 166, 167, 169, 171, 173, 174, 180, 182], "summary": {"covered_lines": 53, "num_statements": 56, "percent_covered": 94.64285714285714, "percent_covered_display": "95", "missing_lines": 3, "excluded_lines": 0, "percent_statements_covered": 94.64285714285714, "percent_statements_covered_display": "95"}, "missing_lines": [153, 154, 155], "excluded_lines": [], "functions": {"OpenAIProvider.__init__": {"executed_lines": [46, 48, 49], "summary": {"covered_lines": 3, "num_statements": 3, "percent_covered": 100.0, "percent_covered_display": "100", "missing_lines": 0, "excluded_lines": 0, "percent_statements_covered": 100.0, "percent_statements_covered_display": "100"}, "missing_lines": [], "excluded_lines": [], "start_line": 34}, "OpenAIProvider.provider_type": {"executed_lines": [54], "summary": {"covered_lines": 1, "num_statements": 1, "percent_covered": 100.0, "percent_covered_display": "100", "missing_lines": 0, "excluded_lines": 0, "percent_statements_covered": 100.0, "percent_statements_covered_display": "100"}, "missing_lines": [], "excluded_lines": [], "start_line": 52}, "OpenAIProvider.generate_json": {"executed_lines": [73, 75, 80, 83, 95, 98, 99], "summary": {"covered_lines": 7, "num_statements": 7, "percent_covered": 100.0, "percent_covered_display": "100", "missing_lines": 0, "excluded_lines": 0, "percent_statements_covered": 100.0, "percent_statements_covered_display": "100"}, "missing_lines": [], "excluded_lines": [], "start_line": 56}, "OpenAIProvider.generate_json_with_conversation": {"executed_lines": [111, 113, 114, 116, 119, 120, 121, 122, 124, 125, 128, 133, 138, 141, 151], "summary": {"covered_lines": 15, "num_statements": 18, "percent_covered": 83.33333333333333, "percent_covered_display": "83", "missing_lines": 3, "excluded_lines": 0, "percent_statements_covered": 83.33333333333333, "percent_statements_covered_display": "83"}, "missing_lines": [153, 154, 155], "excluded_lines": [], "start_line": 101}, "OpenAIProvider.add_message_to_conversation": {"executed_lines": [159, 160, 162], "summary": {"covered_lines": 3, "num_statements": 3, "percent_covered": 100.0, "percent_covered_display": "100", "missing_lines": 0, "excluded_lines": 0, "percent_statements_covered": 100.0, "percent_statements_covered_display": "100"}, "missing_lines": [], "excluded_lines": [], "start_line": 157}, "OpenAIProvider.get_conversation_history": {"executed_lines": [166, 167, 169], "summary": {"covered_lines": 3, "num_statements": 3, "percent_covered": 100.0, "percent_covered_display": "100", "missing_lines": 0, "excluded_lines": 0, "percent_statements_covered": 100.0, "percent_statements_covered_display": "100"}, "missing_lines": [], "excluded_lines": [], "start_line": 164}, "OpenAIProvider.get_token_usage": {"executed_lines": [173, 174], "summary": {"covered_lines": 2, "num_statements": 2, "percent_covered": 100.0, "percent_covered_display": "100", "missing_lines": 0, "excluded_lines": 0, "percent_statements_covered": 100.0, "percent_statements_covered_display": "100"}, "missing_lines": [], "excluded_lines": [], "start_line": 171}, "OpenAIProvider.reset_token_tracking": {"executed_lines": [182], "summary": {"covered_lines": 1, "num_statements": 1, "percent_covered": 100.0, "percent_covered_display": "100", "missing_lines": 0, "excluded_lines": 0, "percent_statements_covered": 100.0, "percent_statements_covered_display": "100"}, "missing_lines": [], "excluded_lines": [], "start_line": 180}, "": {"executed_lines": [3, 5, 6, 7, 9, 15, 16, 18, 21, 34, 51, 52, 56, 101, 157, 164, 171, 180], "summary": {"covered_lines": 18, "num_statements": 18, "percent_covered": 100.0, "percent_covered_display": "100", "missing_lines": 0, "excluded_lines": 0, "percent_statements_covered": 100.0, "percent_statements_covered_display": "100"}, "missing_lines": [], "excluded_lines": [], "start_line": 1}}, "classes": {"OpenAIProvider": {"executed_lines": [46, 48, 49, 54, 73, 75, 80, 83, 95, 98, 99, 111, 113, 114, 116, 119, 120, 121, 122, 124, 125, 128, 133, 138, 141, 151, 159, 160, 162, 166, 167, 169, 173, 174, 182], "summary": {"covered_lines": 35, "num_statements": 38, "percent_covered": 92.10526315789474, "percent_covered_display": "92", "missing_lines": 3, "excluded_lines": 0, "percent_statements_covered": 92.10526315789474, "percent_statements_covered_display": "92"}, "missing_lines": [153, 154, 155], "excluded_lines": [], "start_line": 21}, "": {"executed_lines": [3, 5, 6, 7, 9, 15, 16, 18, 21, 34, 51, 52, 56, 101, 157, 164, 171, 180], "summary": {"covered_lines": 18, "num_statements": 18, "percent_covered": 100.0, "percent_covered_display": "100", "missing_lines": 0, "excluded_lines": 0, "percent_statements_covered": 100.0, "percent_statements_covered_display": "100"}, "missing_lines": [], "excluded_lines": [], "start_line": 1}}}, "packages/blinkb0t/core/agents/result.py": {"executed_lines": [3, 5, 7, 10, 16, 18, 23, 29, 34, 39, 44, 49], "summary": {"covered_lines": 12, "num_statements": 12, "percent_covered": 100.0, "percent_covered_display": "100", "missing_lines": 0, "excluded_lines": 0, "percent_statements_covered": 100.0, "percent_statements_covered_display": "100"}, "missing_lines": [], "excluded_lines": [], "functions": {"": {"executed_lines": [3, 5, 7, 10, 16, 18, 23, 29, 34, 39, 44, 49], "summary": {"covered_lines": 12, "num_statements": 12, "percent_covered": 100.0, "percent_covered_display": "100", "missing_lines": 0, "excluded_lines": 0, "percent_statements_covered": 100.0, "percent_statements_covered_display": "100"}, "missing_lines": [], "excluded_lines": [], "start_line": 1}}, "classes": {"AgentResult": {"executed_lines": [], "summary": {"covered_lines": 0, "num_statements": 0, "percent_covered": 100.0, "percent_covered_display": "100", "missing_lines": 0, "excluded_lines": 0, "percent_statements_covered": 100.0, "percent_statements_covered_display": "100"}, "missing_lines": [], "excluded_lines": [], "start_line": 10}, "": {"executed_lines": [3, 5, 7, 10, 16, 18, 23, 29, 34, 39, 44, 49], "summary": {"covered_lines": 12, "num_statements": 12, "percent_covered": 100.0, "percent_covered_display": "100", "missing_lines": 0, "excluded_lines": 0, "percent_statements_covered": 100.0, "percent_statements_covered_display": "100"}, "missing_lines": [], "excluded_lines": [], "start_line": 1}}}, "packages/blinkb0t/core/agents/runner.py": {"executed_lines": [3, 5, 6, 7, 8, 10, 12, 13, 14, 15, 16, 17, 18, 19, 21, 24, 27, 30, 41, 52, 53, 55, 57, 73, 74, 76, 78, 82, 83, 86, 89, 92, 95, 96, 99, 100, 103, 104, 105, 107, 116, 117, 118, 120, 122, 130, 132, 133, 135, 138, 139, 141, 164, 174, 177, 178, 181, 182, 185, 186, 189, 190, 192, 194, 214, 216, 218, 219, 221, 224, 225, 228, 229, 230, 231, 233, 234, 236, 238, 242, 247, 248, 254, 255, 263, 273, 279, 295, 299, 300, 301, 304, 305, 307, 308, 309, 312, 313, 315, 318, 319, 322, 324, 332, 341, 342, 343, 344, 345, 347], "summary": {"covered_lines": 110, "num_statements": 118, "percent_covered": 93.22033898305085, "percent_covered_display": "93", "missing_lines": 8, "excluded_lines": 0, "percent_statements_covered": 93.22033898305085, "percent_statements_covered_display": "93"}, "missing_lines": [150, 151, 152, 154, 156, 261, 296, 320], "excluded_lines": [], "functions": {"AgentRunner.__init__": {"executed_lines": [52, 53, 55], "summary": {"covered_lines": 3, "num_statements": 3, "percent_covered": 100.0, "percent_covered_display": "100", "missing_lines": 0, "excluded_lines": 0, "percent_statements_covered": 100.0, "percent_statements_covered_display": "100"}, "missing_lines": [], "excluded_lines": [], "start_line": 41}, "AgentRunner.run": {"executed_lines": [73, 74, 76, 78, 82, 83, 86, 89, 92, 95, 96, 99, 100, 103, 104, 105, 107, 116, 117, 118, 120, 122, 130, 132, 133, 135, 138, 139, 141], "summary": {"covered_lines": 29, "num_statements": 34, "percent_covered": 85.29411764705883, "percent_covered_display": "85", "missing_lines": 5, "excluded_lines": 0, "percent_statements_covered": 85.29411764705883, "percent_statements_covered_display": "85"}, "missing_lines": [150, 151, 152, 154, 156], "excluded_lines": [], "start_line": 57}, "AgentRunner._build_messages": {"executed_lines": [174, 177, 178, 181, 182, 185, 186, 189, 190, 192], "summary": {"covered_lines": 10, "num_statements": 10, "percent_covered": 100.0, "percent_covered_display": "100", "missing_lines": 0, "excluded_lines": 0, "percent_statements_covered": 100.0, "percent_statements_covered_display": "100"}, "missing_lines": [], "excluded_lines": [], "start_line": 164}, "AgentRunner._execute_with_repair": {"executed_lines": [214, 216, 218, 219, 221, 224, 225, 228, 229, 230, 231, 233, 234, 236, 238, 242, 247, 248, 254, 255], "summary": {"covered_lines": 20, "num_statements": 21, "percent_covered": 95.23809523809524, "percent_covered_display": "95", "missing_lines": 1, "excluded_lines": 0, "percent_statements_covered": 95.23809523809524, "percent_statements_covered_display": "95"}, "missing_lines": [261], "excluded_lines": [], "start_line": 194}, "AgentRunner._call_oneshot": {"executed_lines": [273], "summary": {"covered_lines": 1, "num_statements": 1, "percent_covered": 100.0, "percent_covered_display": "100", "missing_lines": 0, "excluded_lines": 0, "percent_statements_covered": 100.0, "percent_statements_covered_display": "100"}, "missing_lines": [], "excluded_lines": [], "start_line": 263}, "AgentRunner._call_conversational": {"executed_lines": [295, 299, 300, 301, 304, 305, 307, 308, 309, 312, 313, 315, 318, 319, 322, 324], "summary": {"covered_lines": 16, "num_statements": 18, "percent_covered": 88.88888888888889, "percent_covered_display": "89", "missing_lines": 2, "excluded_lines": 0, "percent_statements_covered": 88.88888888888889, "percent_statements_covered_display": "89"}, "missing_lines": [296, 320], "excluded_lines": [], "start_line": 279}, "AgentRunner._format_validation_error": {"executed_lines": [341, 342, 343, 344, 345, 347], "summary": {"covered_lines": 6, "num_statements": 6, "percent_covered": 100.0, "percent_covered_display": "100", "missing_lines": 0, "excluded_lines": 0, "percent_statements_covered": 100.0, "percent_statements_covered_display": "100"}, "missing_lines": [], "excluded_lines": [], "start_line": 332}, "": {"executed_lines": [3, 5, 6, 7, 8, 10, 12, 13, 14, 15, 16, 17, 18, 19, 21, 24, 27, 30, 41, 57, 164, 194, 263, 279, 332], "summary": {"covered_lines": 25, "num_statements": 25, "percent_covered": 100.0, "percent_covered_display": "100", "missing_lines": 0, "excluded_lines": 0, "percent_statements_covered": 100.0, "percent_statements_covered_display": "100"}, "missing_lines": [], "excluded_lines": [], "start_line": 1}}, "classes": {"RunError": {"executed_lines": [], "summary": {"covered_lines": 0, "num_statements": 0, "percent_covered": 100.0, "percent_covered_display": "100", "missing_lines": 0, "excluded_lines": 0, "percent_statements_covered": 100.0, "percent_statements_covered_display": "100"}, "missing_lines": [], "excluded_lines": [], "start_line": 24}, "AgentRunner": {"executed_lines": [52, 53, 55, 73, 74, 76, 78, 82, 83, 86, 89, 92, 95, 96, 99, 100, 103, 104, 105, 107, 116, 117, 118, 120, 122, 130, 132, 133, 135, 138, 139, 141, 174, 177, 178, 181, 182, 185, 186, 189, 190, 192, 214, 216, 218, 219, 221, 224, 225, 228, 229, 230, 231, 233, 234, 236, 238, 242, 247, 248, 254, 255, 273, 295, 299, 300, 301, 304, 305, 307, 308, 309, 312, 313, 315, 318, 319, 322, 324, 341, 342, 343, 344, 345, 347], "summary": {"covered_lines": 85, "num_statements": 93, "percent_covered": 91.39784946236558, "percent_covered_display": "91", "missing_lines": 8, "excluded_lines": 0, "percent_statements_covered": 91.39784946236558, "percent_statements_covered_display": "91"}, "missing_lines": [150, 151, 152, 154, 156, 261, 296, 320], "excluded_lines": [], "start_line": 30}, "": {"executed_lines": [3, 5, 6, 7, 8, 10, 12, 13, 14, 15, 16, 17, 18, 19, 21, 24, 27, 30, 41, 57, 164, 194, 263, 279, 332], "summary": {"covered_lines": 25, "num_statements": 25, "percent_covered": 100.0, "percent_covered_display": "100", "missing_lines": 0, "excluded_lines": 0, "percent_statements_covered": 100.0, "percent_statements_covered_display": "100"}, "missing_lines": [], "excluded_lines": [], "start_line": 1}}}, "packages/blinkb0t/core/agents/schema_utils.py": {"executed_lines": [7, 9, 10, 16, 37, 40, 43, 46], "summary": {"covered_lines": 8, "num_statements": 33, "percent_covered": 24.242424242424242, "percent_covered_display": "24", "missing_lines": 25, "excluded_lines": 2, "percent_statements_covered": 24.242424242424242, "percent_statements_covered_display": "24"}, "missing_lines": [41, 58, 61, 62, 63, 64, 65, 68, 69, 70, 71, 74, 75, 76, 77, 78, 79, 80, 81, 83, 84, 85, 86, 88, 90], "excluded_lines": [12, 13], "functions": {"get_json_schema_example": {"executed_lines": [37, 40, 43], "summary": {"covered_lines": 3, "num_statements": 4, "percent_covered": 75.0, "percent_covered_display": "75", "missing_lines": 1, "excluded_lines": 0, "percent_statements_covered": 75.0, "percent_statements_covered_display": "75"}, "missing_lines": [41], "excluded_lines": [], "start_line": 16}, "_filter_schema": {"executed_lines": [], "summary": {"covered_lines": 0, "num_statements": 24, "percent_covered": 0.0, "percent_covered_display": "0", "missing_lines": 24, "excluded_lines": 0, "percent_statements_covered": 0.0, "percent_statements_covered_display": "0"}, "missing_lines": [58, 61, 62, 63, 64, 65, 68, 69, 70, 71, 74, 75, 76, 77, 78, 79, 80, 81, 83, 84, 85, 86, 88, 90], "excluded_lines": [], "start_line": 46}, "": {"executed_lines": [7, 9, 10, 16, 46], "summary": {"covered_lines": 5, "num_statements": 5, "percent_covered": 100.0, "percent_covered_display": "100", "missing_lines": 0, "excluded_lines": 2, "percent_statements_covered": 100.0, "percent_statements_covered_display": "100"}, "missing_lines": [], "excluded_lines": [12, 13], "start_line": 1}}, "classes": {"": {"executed_lines": [7, 9, 10, 16, 37, 40, 43, 46], "summary": {"covered_lines": 8, "num_statements": 33, "percent_covered": 24.242424242424242, "percent_covered_display": "24", "missing_lines": 25, "excluded_lines": 2, "percent_statements_covered": 24.242424242424242, "percent_statements_covered_display": "24"}, "missing_lines": [41, 58, 61, 62, 63, 64, 65, 68, 69, 70, 71, 74, 75, 76, 77, 78, 79, 80, 81, 83, 84, 85, 86, 88, 90], "excluded_lines": [12, 13], "start_line": 1}}}, "packa
[...]
ts": 114, "percent_covered": 54.3859649122807, "percent_covered_display": "54", "missing_lines": 52, "excluded_lines": 0, "percent_statements_covered": 54.3859649122807, "percent_statements_covered_display": "54"}, "missing_lines": [113, 114, 117, 118, 121, 122, 197, 201, 202, 203, 213, 214, 232, 262, 263, 266, 267, 268, 269, 270, 273, 274, 276, 277, 279, 280, 281, 283, 287, 288, 289, 294, 302, 306, 314, 318, 319, 321, 323, 325, 327, 328, 329, 331, 333, 334, 335, 337, 339, 340, 341, 343], "excluded_lines": [], "start_line": 22}, "": {"executed_lines": [10, 12, 13, 15, 17, 19, 22, 40, 75, 100, 124, 155, 167, 179, 220, 253, 260, 285, 291, 316], "summary": {"covered_lines": 20, "num_statements": 20, "percent_covered": 100.0, "percent_covered_display": "100", "missing_lines": 0, "excluded_lines": 0, "percent_statements_covered": 100.0, "percent_statements_covered_display": "100"}, "missing_lines": [], "excluded_lines": [], "start_line": 1}}}, "packages/blinkb0t/core/session.py": {"executed_lines": [], "summary": {"covered_lines": 0, "num_statements": 33, "percent_covered": 0.0, "percent_covered_display": "0", "missing_lines": 33, "excluded_lines": 2, "percent_statements_covered": 0.0, "percent_statements_covered_display": "0"}, "missing_lines": [14, 16, 17, 18, 20, 22, 27, 30, 38, 55, 56, 59, 60, 64, 68, 69, 84, 85, 86, 87, 88, 89, 91, 95, 96, 111, 112, 121, 122, 130, 131, 133, 134], "excluded_lines": [24, 25], "functions": {"BlinkB0tSession.__init__": {"executed_lines": [], "summary": {"covered_lines": 0, "num_statements": 5, "percent_covered": 0.0, "percent_covered_display": "0", "missing_lines": 5, "excluded_lines": 0, "percent_statements_covered": 0.0, "percent_statements_covered_display": "0"}, "missing_lines": [55, 56, 59, 60, 64], "excluded_lines": [], "start_line": 38}, "BlinkB0tSession._resolve_config": {"executed_lines": [], "summary": {"covered_lines": 0, "num_statements": 7, "percent_covered": 0.0, "percent_covered_display": "0", "missing_lines": 7, "excluded_lines": 0, "percent_statements_covered": 0.0, "percent_statements_covered_display": "0"}, "missing_lines": [84, 85, 86, 87, 88, 89, 91], "excluded_lines": [], "start_line": 69}, "BlinkB0tSession.from_directory": {"executed_lines": [], "summary": {"covered_lines": 0, "num_statements": 2, "percent_covered": 0.0, "percent_covered_display": "0", "missing_lines": 2, "excluded_lines": 0, "percent_statements_covered": 0.0, "percent_statements_covered_display": "0"}, "missing_lines": [111, 112], "excluded_lines": [], "start_line": 96}, "BlinkB0tSession.audio": {"executed_lines": [], "summary": {"covered_lines": 0, "num_statements": 4, "percent_covered": 0.0, "percent_covered_display": "0", "missing_lines": 4, "excluded_lines": 0, "percent_statements_covered": 0.0, "percent_statements_covered_display": "0"}, "missing_lines": [130, 131, 133, 134], "excluded_lines": [], "start_line": 122}, "": {"executed_lines": [], "summary": {"covered_lines": 0, "num_statements": 15, "percent_covered": 0.0, "percent_covered_display": "0", "missing_lines": 15, "excluded_lines": 2, "percent_statements_covered": 0.0, "percent_statements_covered_display": "0"}, "missing_lines": [14, 16, 17, 18, 20, 22, 27, 30, 38, 68, 69, 95, 96, 121, 122], "excluded_lines": [24, 25], "start_line": 1}}, "classes": {"BlinkB0tSession": {"executed_lines": [], "summary": {"covered_lines": 0, "num_statements": 18, "percent_covered": 0.0, "percent_covered_display": "0", "missing_lines": 18, "excluded_lines": 0, "percent_statements_covered": 0.0, "percent_statements_covered_display": "0"}, "missing_lines": [55, 56, 59, 60, 64, 84, 85, 86, 87, 88, 89, 91, 111, 112, 130, 131, 133, 134], "excluded_lines": [], "start_line": 30}, "": {"executed_lines": [], "summary": {"covered_lines": 0, "num_statements": 15, "percent_covered": 0.0, "percent_covered_display": "0", "missing_lines": 15, "excluded_lines": 2, "percent_statements_covered": 0.0, "percent_statements_covered_display": "0"}, "missing_lines": [14, 16, 17, 18, 20, 22, 27, 30, 38, 68, 69, 95, 96, 121, 122], "excluded_lines": [24, 25], "start_line": 1}}}, "packages/blinkb0t/core/setup.py": {"executed_lines": [], "summary": {"covered_lines": 0, "num_statements": 3, "percent_covered": 0.0, "percent_covered_display": "0", "missing_lines": 3, "excluded_lines": 0, "percent_statements_covered": 0.0, "percent_statements_covered_display": "0"}, "missing_lines": [1, 4, 6], "excluded_lines": [], "functions": {"": {"executed_lines": [], "summary": {"covered_lines": 0, "num_statements": 3, "percent_covered": 0.0, "percent_covered_display": "0", "missing_lines": 3, "excluded_lines": 0, "percent_statements_covered": 0.0, "percent_statements_covered_display": "0"}, "missing_lines": [1, 4, 6], "excluded_lines": [], "start_line": 1}}, "classes": {"": {"executed_lines": [], "summary": {"covered_lines": 0, "num_statements": 3, "percent_covered": 0.0, "percent_covered_display": "0", "missing_lines": 3, "excluded_lines": 0, "percent_statements_covered": 0.0, "percent_statements_covered_display": "0"}, "missing_lines": [1, 4, 6], "excluded_lines": [], "start_line": 1}}}, "packages/blinkb0t/core/utils/__init__.py": {"executed_lines": [3, 4, 9], "summary": {"covered_lines": 3, "num_statements": 3, "percent_covered": 100.0, "percent_covered_display": "100", "missing_lines": 0, "excluded_lines": 0, "percent_statements_covered": 100.0, "percent_statements_covered_display": "100"}, "missing_lines": [], "excluded_lines": [], "functions": {"": {"executed_lines": [3, 4, 9], "summary": {"covered_lines": 3, "num_statements": 3, "percent_covered": 100.0, "percent_covered_display": "100", "missing_lines": 0, "excluded_lines": 0, "percent_statements_covered": 100.0, "percent_statements_covered_display": "100"}, "missing_lines": [], "excluded_lines": [], "start_line": 1}}, "classes": {"": {"executed_lines": [3, 4, 9], "summary": {"covered_lines": 3, "num_statements": 3, "percent_covered": 100.0, "percent_covered_display": "100", "missing_lines": 0, "excluded_lines": 0, "percent_statements_covered": 100.0, "percent_statements_covered_display": "100"}, "missing_lines": [], "excluded_lines": [], "start_line": 1}}}, "packages/blinkb0t/core/utils/checkpoint.py": {"executed_lines": [1, 3, 4, 5, 6, 7, 9, 14, 17, 18, 19, 20, 21, 22, 23, 26, 40, 41, 42, 45, 48, 52, 61, 68], "summary": {"covered_lines": 24, "num_statements": 55, "percent_covered": 43.63636363636363, "percent_covered_display": "44", "missing_lines": 31, "excluded_lines": 2, "percent_statements_covered": 43.63636363636363, "percent_statements_covered_display": "44"}, "missing_lines": [27, 28, 30, 31, 32, 33, 34, 35, 37, 46, 49, 50, 53, 54, 55, 56, 57, 59, 62, 63, 64, 69, 70, 71, 72, 74, 75, 78, 80, 82, 84], "excluded_lines": [11, 12], "functions": {"_json_default": {"executed_lines": [], "summary": {"covered_lines": 0, "num_statements": 9, "percent_covered": 0.0, "percent_covered_display": "0", "missing_lines": 9, "excluded_lines": 0, "percent_statements_covered": 0.0, "percent_statements_covered_display": "0"}, "missing_lines": [27, 28, 30, 31, 32, 33, 34, 35, 37], "excluded_lines": [], "start_line": 26}, "CheckpointManager.__init__": {"executed_lines": [42], "summary": {"covered_lines": 1, "num_statements": 1, "percent_covered": 100.0, "percent_covered_display": "100", "missing_lines": 0, "excluded_lines": 0, "percent_statements_covered": 100.0, "percent_statements_covered_display": "100"}, "missing_lines": [], "excluded_lines": [], "start_line": 41}, "CheckpointManager._get_checkpoint_name": {"executed_lines": [], "summary": {"covered_lines": 0, "num_statements": 1, "percent_covered": 0.0, "percent_covered_display": "0", "missing_lines": 1, "excluded_lines": 0, "percent_statements_covered": 0.0, "percent_statements_covered_display": "0"}, "missing_lines": [46], "excluded_lines": [], "start_line": 45}, "CheckpointManager._get_checkpoint_path": {"executed_lines": [], "summary": {"covered_lines": 0, "num_statements": 2, "percent_covered": 0.0, "percent_covered_display": "0", "missing_lines": 2, "excluded_lines": 0, "percent_statements_covered": 0.0, "percent_statements_covered_display": "0"}, "missing_lines": [49, 50], "excluded_lines": [], "start_line": 48}, "CheckpointManager._get_path": {"executed_lines": [], "summary": {"covered_lines": 0, "num_statements": 6, "percent_covered": 0.0, "percent_covered_display": "0", "missing_lines": 6, "excluded_lines": 0, "percent_statements_covered": 0.0, "percent_statements_covered_display": "0"}, "missing_lines": [53, 54, 55, 56, 57, 59], "excluded_lines": [], "start_line": 52}, "CheckpointManager.write_checkpoint": {"executed_lines": [], "summary": {"covered_lines": 0, "num_statements": 3, "percent_covered": 0.0, "percent_covered_display": "0", "missing_lines": 3, "excluded_lines": 0, "percent_statements_covered": 0.0, "percent_statements_covered_display": "0"}, "missing_lines": [62, 63, 64], "excluded_lines": [], "start_line": 61}, "CheckpointManager.read_checkpoint": {"executed_lines": [], "summary": {"covered_lines": 0, "num_statements": 10, "percent_covered": 0.0, "percent_covered_display": "0", "missing_lines": 10, "excluded_lines": 0, "percent_statements_covered": 0.0, "percent_statements_covered_display": "0"}, "missing_lines": [69, 70, 71, 72, 74, 75, 78, 80, 82, 84], "excluded_lines": [], "start_line": 68}, "": {"executed_lines": [1, 3, 4, 5, 6, 7, 9, 14, 17, 18, 19, 20, 21, 22, 23, 26, 40, 41, 45, 48, 52, 61, 68], "summary": {"covered_lines": 23, "num_statements": 23, "percent_covered": 100.0, "percent_covered_display": "100", "missing_lines": 0, "excluded_lines": 2, "percent_statements_covered": 100.0, "percent_statements_covered_display": "100"}, "missing_lines": [], "excluded_lines": [11, 12], "start_line": 1}}, "classes": {"CheckpointType": {"executed_lines": [], "summary": {"covered_lines": 0, "num_statements": 0, "percent_covered": 100.0, "percent_covered_display": "100", "missing_lines": 0, "excluded_lines": 0, "percent_statements_covered": 100.0, "percent_statements_covered_display": "100"}, "missing_lines": [], "excluded_lines": [], "start_line": 17}, "CheckpointManager": {"executed_lines": [42], "summary": {"covered_lines": 1, "num_statements": 23, "percent_covered": 4.3478260869565215, "percent_covered_display": "4", "missing_lines": 22, "excluded_lines": 0, "percent_statements_covered": 4.3478260869565215, "percent_statements_covered_display": "4"}, "missing_lines": [46, 49, 50, 53, 54, 55, 56, 57, 59, 62, 63, 64, 69, 70, 71, 72, 74, 75, 78, 80, 82, 84], "excluded_lines": [], "start_line": 40}, "": {"executed_lines": [1, 3, 4, 5, 6, 7, 9, 14, 17, 18, 19, 20, 21, 22, 23, 26, 40, 41, 45, 48, 52, 61, 68], "summary": {"covered_lines": 23, "num_statements": 32, "percent_covered": 71.875, "percent_covered_display": "72", "missing_lines": 9, "excluded_lines": 2, "percent_statements_covered": 71.875, "percent_statements_covered_display": "72"}, "missing_lines": [27, 28, 30, 31, 32, 33, 34, 35, 37], "excluded_lines": [11, 12], "start_line": 1}}}, "packages/blinkb0t/core/utils/fixtures.py": {"executed_lines": [], "summary": {"covered_lines": 0, "num_statements": 23, "percent_covered": 0.0, "percent_covered_display": "0", "missing_lines": 23, "excluded_lines": 0, "percent_statements_covered": 0.0, "percent_statements_covered_display": "0"}, "missing_lines": [6, 9, 32, 33, 35, 38, 41, 43, 44, 47, 48, 50, 52, 53, 54, 57, 58, 61, 62, 63, 64, 67, 69], "excluded_lines": [], "functions": {"build_semantic_groups": {"executed_lines": [], "summary": {"covered_lines": 0, "num_statements": 21, "percent_covered": 0.0, "percent_covered_display": "0", "missing_lines": 21, "excluded_lines": 0, "percent_statements_covered": 0.0, "percent_statements_covered_display": "0"}, "missing_lines": [32, 33, 35, 38, 41, 43, 44, 47, 48, 50, 52, 53, 54, 57, 58, 61, 62, 63, 64, 67, 69], "excluded_lines": [], "start_line": 9}, "": {"executed_lines": [], "summary": {"covered_lines": 0, "num_statements": 2, "percent_covered": 0.0, "percent_covered_display": "0", "missing_lines": 2, "excluded_lines": 0, "percent_statements_covered": 0.0, "percent_statements_covered_display": "0"}, "missing_lines": [6, 9], "excluded_lines": [], "start_line": 1}}, "classes": {"": {"executed_lines": [], "summary": {"covered_lines": 0, "num_statements": 23, "percent_covered": 0.0, "percent_covered_display": "0", "missing_lines": 23, "excluded_lines": 0, "percent_statements_covered": 0.0, "percent_statements_covered_display": "0"}, "missing_lines": [6, 9, 32, 33, 35, 38, 41, 43, 44, 47, 48, 50, 52, 53, 54, 57, 58, 61, 62, 63, 64, 67, 69], "excluded_lines": [], "start_line": 1}}}, "packages/blinkb0t/core/utils/json.py": {"executed_lines": [3, 5, 6, 7, 8, 10, 15, 18, 39, 46, 47, 48, 54, 63, 64, 66, 69], "summary": {"covered_lines": 17, "num_statements": 29, "percent_covered": 58.62068965517241, "percent_covered_display": "59", "missing_lines": 12, "excluded_lines": 2, "percent_statements_covered": 58.62068965517241, "percent_statements_covered_display": "59"}, "missing_lines": [26, 27, 29, 30, 31, 32, 33, 34, 36, 65, 77, 78], "excluded_lines": [12, 13], "functions": {"_json_default": {"executed_lines": [], "summary": {"covered_lines": 0, "num_statements": 9, "percent_covered": 0.0, "percent_covered_display": "0", "missing_lines": 9, "excluded_lines": 0, "percent_statements_covered": 0.0, "percent_statements_covered_display": "0"}, "missing_lines": [26, 27, 29, 30, 31, 32, 33, 34, 36], "excluded_lines": [], "start_line": 18}, "write_json": {"executed_lines": [46, 47, 48], "summary": {"covered_lines": 3, "num_statements": 3, "percent_covered": 100.0, "percent_covered_display": "100", "missing_lines": 0, "excluded_lines": 0, "percent_statements_covered": 100.0, "percent_statements_covered_display": "100"}, "missing_lines": [], "excluded_lines": [], "start_line": 39}, "read_json": {"executed_lines": [63, 64, 66], "summary": {"covered_lines": 3, "num_statements": 4, "percent_covered": 75.0, "percent_covered_display": "75", "missing_lines": 1, "excluded_lines": 0, "percent_statements_covered": 75.0, "percent_statements_covered_display": "75"}, "missing_lines": [65], "excluded_lines": [], "start_line": 54}, "write_log": {"executed_lines": [], "summary": {"covered_lines": 0, "num_statements": 2, "percent_covered": 0.0, "percent_covered_display": "0", "missing_lines": 2, "excluded_lines": 0, "percent_statements_covered": 0.0, "percent_statements_covered_display": "0"}, "missing_lines": [77, 78], "excluded_lines": [], "start_line": 69}, "": {"executed_lines": [3, 5, 6, 7, 8, 10, 15, 18, 39, 54, 69], "summary": {"covered_lines": 11, "num_statements": 11, "percent_covered": 100.0, "percent_covered_display": "100", "missing_lines": 0, "excluded_lines": 2, "percent_statements_covered": 100.0, "percent_statements_covered_display": "100"}, "missing_lines": [], "excluded_lines": [12, 13], "start_line": 1}}, "classes": {"": {"executed_lines": [3, 5, 6, 7, 8, 10, 15, 18, 39, 46, 47, 48, 54, 63, 64, 66, 69], "summary": {"covered_lines": 17, "num_statements": 29, "percent_covered": 58.62068965517241, "percent_covered_display": "59", "missing_lines": 12, "excluded_lines": 2, "percent_statements_covered": 58.62068965517241, "percent_statements_covered_display": "59"}, "missing_lines": [26, 27, 29, 30, 31, 32, 33, 34, 36, 65, 77, 78], "excluded_lines": [12, 13], "start_line": 1}}}, "packages/blinkb0t/core/utils/logging.py": {"executed_lines": [], "summary": {"covered_lines": 0, "num_statements": 17, "percent_covered": 0.0, "percent_covered_display": "0", "missing_lines": 17, "excluded_lines": 0, "percent_statements_covered": 0.0, "percent_statements_covered_display": "0"}, "missing_lines": [10, 12, 13, 14, 17, 42, 43, 46, 48, 50, 53, 57, 65, 88, 91, 92, 94], "excluded_lines": [], "functions": {"configure_logging": {"executed_lines": [], "summary": {"covered_lines": 0, "num_statements": 7, "percent_covered": 0.0, "percent_covered_display": "0", "missing_lines": 7, "excluded_lines": 0, "percent_statements_covered": 0.0, "percent_statements_covered_display": "0"}, "missing_lines": [42, 43, 46, 48, 50, 53, 57], "excluded_lines": [], "start_line": 17}, "get_logger": {"executed_lines": [], "summary": {"covered_lines": 0, "num_statements": 4, "percent_covered": 0.0, "percent_covered_display": "0", "missing_lines": 4, "excluded_lines": 0, "percent_statements_covered": 0.0, "percent_statements_covered_display": "0"}, "missing_lines": [88, 91, 92, 94], "excluded_lines": [], "start_line": 65}, "": {"executed_lines": [], "summary": {"covered_lines": 0, "num_statements": 6, "percent_covered": 0.0, "percent_covered_display": "0", "missing_lines": 6, "excluded_lines": 0, "percent_statements_covered": 0.0, "percent_statements_covered_display": "0"}, "missing_lines": [10, 12, 13, 14, 17, 65], "excluded_lines": [], "start_line": 1}}, "classes": {"": {"executed_lines": [], "summary": {"covered_lines": 0, "num_statements": 17, "percent_covered": 0.0, "percent_covered_display": "0", "missing_lines": 17, "excluded_lines": 0, "percent_statements_covered": 0.0, "percent_statements_covered_display": "0"}, "missing_lines": [10, 12, 13, 14, 17, 42, 43, 46, 48, 50, 53, 57, 65, 88, 91, 92, 94], "excluded_lines": [], "start_line": 1}}}, "packages/blinkb0t/core/utils/math.py": {"executed_lines": [3, 5, 6, 8, 10, 13, 18, 29, 32, 54, 65], "summary": {"covered_lines": 11, "num_statements": 20, "percent_covered": 55.0, "percent_covered_display": "55", "missing_lines": 9, "excluded_lines": 0, "percent_statements_covered": 55.0, "percent_statements_covered_display": "55"}, "missing_lines": [14, 15, 43, 44, 46, 47, 49, 50, 51], "excluded_lines": [], "functions": {"trunc_to": {"executed_lines": [], "summary": {"covered_lines": 0, "num_statements": 2, "percent_covered": 0.0, "percent_covered_display": "0", "missing_lines": 2, "excluded_lines": 0, "percent_statements_covered": 0.0, "percent_statements_covered_display": "0"}, "missing_lines": [14, 15], "excluded_lines": [], "start_line": 13}, "clamp": {"executed_lines": [29], "summary": {"covered_lines": 1, "num_statements": 1, "percent_covered": 100.0, "percent_covered_display": "100", "missing_lines": 0, "excluded_lines": 0, "percent_statements_covered": 100.0, "percent_statements_covered_display": "100"}, "missing_lines": [], "excluded_lines": [], "start_line": 18}, "normalize": {"executed_lines": [], "summary": {"covered_lines": 0, "num_statements": 7, "percent_covered": 0.0, "percent_covered_display": "0", "missing_lines": 7, "excluded_lines": 0, "percent_statements_covered": 0.0, "percent_statements_covered_display": "0"}, "missing_lines": [43, 44, 46, 47, 49, 50, 51], "excluded_lines": [], "start_line": 32}, "lerp": {"executed_lines": [65], "summary": {"covered_lines": 1, "num_statements": 1, "percent_covered": 100.0, "percent_covered_display": "100", "missing_lines": 0, "excluded_lines": 0, "percent_statements_covered": 100.0, "percent_statements_covered_display": "100"}, "missing_lines": [], "excluded_lines": [], "start_line": 54}, "": {"executed_lines": [3, 5, 6, 8, 10, 13, 18, 32, 54], "summary": {"covered_lines": 9, "num_statements": 9, "percent_covered": 100.0, "percent_covered_display": "100", "missing_lines": 0, "excluded_lines": 0, "percent_statements_covered": 100.0, "percent_statements_covered_display": "100"}, "missing_lines": [], "excluded_lines": [], "start_line": 1}}, "classes": {"": {"executed_lines": [3, 5, 6, 8, 10, 13, 18, 29, 32, 54, 65], "summary": {"covered_lines": 11, "num_statements": 20, "percent_covered": 55.0, "percent_covered_display": "55", "missing_lines": 9, "excluded_lines": 0, "percent_statements_covered": 55.0, "percent_statements_covered_display": "55"}, "missing_lines": [14, 15, 43, 44, 46, 47, 49, 50, 51], "excluded_lines": [], "start_line": 1}}}}, "totals": {"covered_lines": 4602, "num_statements": 7926, "percent_covered": 58.06207418622256, "percent_covered_display": "58", "missing_lines": 3324, "excluded_lines": 133, "percent_statements_covered": 58.06207418622256, "percent_statements_covered_display": "58"}}