{"meta": {"format": 3, "version": "7.13.1", "timestamp": "2026-01-20T11:37:04.232493", "branch_coverage": false, "show_contexts": false}, "files": {"packages/blinkb0t/core/__init__.py": {"executed_lines": [3], "summary": {"covered_lines": 1, "num_statements": 1, "percent_covered": 100.0, "percent_covered_display": "100", "missing_lines": 0, "excluded_lines": 0, "percent_statements_covered": 100.0, "percent_statements_covered_display": "100"}, "missing_lines": [], "excluded_lines": [], "functions": {"": {"executed_lines": [3], "summary": {"covered_lines": 1, "num_statements": 1, "percent_covered": 100.0, "percent_covered_display": "100", "missing_lines": 0, "excluded_lines": 0, "percent_statements_covered": 100.0, "percent_statements_covered_display": "100"}, "missing_lines": [], "excluded_lines": [], "start_line": 1}}, "classes": {"": {"executed_lines": [3], "summary": {"covered_lines": 1, "num_statements": 1, "percent_covered": 100.0, "percent_covered_display": "100", "missing_lines": 0, "excluded_lines": 0, "percent_statements_covered": 100.0, "percent_statements_covered_display": "100"}, "missing_lines": [], "excluded_lines": [], "start_line": 1}}}, "packages/blinkb0t/core/agents/__init__.py": {"executed_lines": [], "summary": {"covered_lines": 0, "num_statements": 0, "percent_covered": 100.0, "percent_covered_display": "100", "missing_lines": 0, "excluded_lines": 0, "percent_statements_covered": 100.0, "percent_statements_covered_display": "100"}, "missing_lines": [], "excluded_lines": [], "functions": {"": {"executed_lines": [], "summary": {"covered_lines": 0, "num_statements": 0, "percent_covered": 100.0, "percent_covered_display": "100", "missing_lines": 0, "excluded_lines": 0, "percent_statements_covered": 100.0, "percent_statements_covered_display": "100"}, "missing_lines": [], "excluded_lines": [], "start_line": 1}}, "classes": {"": {"executed_lines": [], "summary": {"covered_lines": 0, "num_statements": 0, "percent_covered": 100.0, "percent_covered_display": "100", "missing_lines": 0, "excluded_lines": 0, "percent_statements_covered": 100.0, "percent_statements_covered_display": "100"}, "missing_lines": [], "excluded_lines": [], "start_line": 1}}}, "packages/blinkb0t/core/agents/moving_heads/__init__.py": {"executed_lines": [3, 10, 16, 20, 27, 32, 36, 41, 49], "summary": {"covered_lines": 9, "num_statements": 9, "percent_covered": 100.0, "percent_covered_display": "100", "missing_lines": 0, "excluded_lines": 0, "percent_statements_covered": 100.0, "percent_statements_covered_display": "100"}, "missing_lines": [], "excluded_lines": [], "functions": {"": {"executed_lines": [3, 10, 16, 20, 27, 32, 36, 41, 49], "summary": {"covered_lines": 9, "num_statements": 9, "percent_covered": 100.0, "percent_covered_display": "100", "missing_lines": 0, "excluded_lines": 0, "percent_statements_covered": 100.0, "percent_statements_covered_display": "100"}, "missing_lines": [], "excluded_lines": [], "start_line": 1}}, "classes": {"": {"executed_lines": [3, 10, 16, 20, 27, 32, 36, 41, 49], "summary": {"covered_lines": 9, "num_statements": 9, "percent_covered": 100.0, "percent_covered_display": "100", "missing_lines": 0, "excluded_lines": 0, "percent_statements_covered": 100.0, "percent_statements_covered_display": "100"}, "missing_lines": [], "excluded_lines": [], "start_line": 1}}}, "packages/blinkb0t/core/agents/moving_heads/agent_patterns.py": {"executed_lines": [], "summary": {"covered_lines": 0, "num_statements": 71, "percent_covered": 0.0, "percent_covered_display": "0", "missing_lines": 71, "excluded_lines": 9, "percent_statements_covered": 0.0, "percent_statements_covered_display": "0"}, "missing_lines": [11, 13, 14, 15, 16, 18, 20, 21, 22, 24, 27, 35, 46, 47, 48, 49, 50, 52, 64, 72, 80, 92, 99, 120, 143, 157, 158, 159, 162, 164, 166, 178, 179, 181, 183, 203, 211, 216, 218, 240, 242, 246, 248, 251, 258, 259, 262, 263, 265, 268, 269, 270, 272, 273, 274, 275, 276, 278, 279, 280, 281, 283, 298, 301, 303, 306, 311, 313, 318, 320, 325], "excluded_lines": [78, 79, 89, 90, 91, 112, 113, 114, 115], "functions": {"PromptBuilder.get_system_prompt": {"executed_lines": [], "summary": {"covered_lines": 0, "num_statements": 0, "percent_covered": 100.0, "percent_covered_display": "100", "missing_lines": 0, "excluded_lines": 1, "percent_statements_covered": 100.0, "percent_statements_covered_display": "100"}, "missing_lines": [], "excluded_lines": [78], "start_line": 72}, "PromptBuilder.build_user_prompt": {"executed_lines": [], "summary": {"covered_lines": 0, "num_statements": 0, "percent_covered": 100.0, "percent_covered_display": "100", "missing_lines": 0, "excluded_lines": 1, "percent_statements_covered": 100.0, "percent_statements_covered_display": "100"}, "missing_lines": [], "excluded_lines": [89], "start_line": 80}, "ResponseParser.parse_response": {"executed_lines": [], "summary": {"covered_lines": 0, "num_statements": 0, "percent_covered": 100.0, "percent_covered_display": "100", "missing_lines": 0, "excluded_lines": 1, "percent_statements_covered": 100.0, "percent_statements_covered_display": "100"}, "missing_lines": [], "excluded_lines": [112], "start_line": 99}, "StageExecutor.__init__": {"executed_lines": [], "summary": {"covered_lines": 0, "num_statements": 5, "percent_covered": 0.0, "percent_covered_display": "0", "missing_lines": 5, "excluded_lines": 0, "percent_statements_covered": 0.0, "percent_statements_covered_display": "0"}, "missing_lines": [157, 158, 159, 162, 164], "excluded_lines": [], "start_line": 143}, "StageExecutor.load_system_prompt_from_file": {"executed_lines": [], "summary": {"covered_lines": 0, "num_statements": 3, "percent_covered": 0.0, "percent_covered_display": "0", "missing_lines": 3, "excluded_lines": 0, "percent_statements_covered": 0.0, "percent_statements_covered_display": "0"}, "missing_lines": [178, 179, 181], "excluded_lines": [], "start_line": 166}, "StageExecutor.shape_context": {"executed_lines": [], "summary": {"covered_lines": 0, "num_statements": 3, "percent_covered": 0.0, "percent_covered_display": "0", "missing_lines": 3, "excluded_lines": 0, "percent_statements_covered": 0.0, "percent_statements_covered_display": "0"}, "missing_lines": [203, 211, 216], "excluded_lines": [], "start_line": 183}, "StageExecutor.execute_llm_call": {"executed_lines": [], "summary": {"covered_lines": 0, "num_statements": 22, "percent_covered": 0.0, "percent_covered_display": "0", "missing_lines": 22, "excluded_lines": 0, "percent_statements_covered": 0.0, "percent_statements_covered_display": "0"}, "missing_lines": [240, 242, 246, 248, 251, 258, 259, 262, 263, 265, 268, 269, 270, 272, 273, 274, 275, 276, 278, 279, 280, 281], "excluded_lines": [], "start_line": 218}, "StageExecutor._parse_and_validate": {"executed_lines": [], "summary": {"covered_lines": 0, "num_statements": 3, "percent_covered": 0.0, "percent_covered_display": "0", "missing_lines": 3, "excluded_lines": 0, "percent_statements_covered": 0.0, "percent_statements_covered_display": "0"}, "missing_lines": [298, 301, 303], "excluded_lines": [], "start_line": 283}, "StageExecutor.get_system_prompt": {"executed_lines": [], "summary": {"covered_lines": 0, "num_statements": 1, "percent_covered": 0.0, "percent_covered_display": "0", "missing_lines": 1, "excluded_lines": 0, "percent_statements_covered": 0.0, "percent_statements_covered_display": "0"}, "missing_lines": [311], "excluded_lines": [], "start_line": 306}, "StageExecutor.build_user_prompt": {"executed_lines": [], "summary": {"covered_lines": 0, "num_statements": 1, "percent_covered": 0.0, "percent_covered_display": "0", "missing_lines": 1, "excluded_lines": 0, "percent_statements_covered": 0.0, "percent_statements_covered_display": "0"}, "missing_lines": [318], "excluded_lines": [], "start_line": 313}, "StageExecutor.parse_response": {"executed_lines": [], "summary": {"covered_lines": 0, "num_statements": 1, "percent_covered": 0.0, "percent_covered_display": "0", "missing_lines": 1, "excluded_lines": 0, "percent_statements_covered": 0.0, "percent_statements_covered_display": "0"}, "missing_lines": [325], "excluded_lines": [], "start_line": 320}, "": {"executed_lines": [], "summary": {"covered_lines": 0, "num_statements": 32, "percent_covered": 0.0, "percent_covered_display": "0", "missing_lines": 32, "excluded_lines": 6, "percent_statements_covered": 0.0, "percent_statements_covered_display": "0"}, "missing_lines": [11, 13, 14, 15, 16, 18, 20, 21, 22, 24, 27, 35, 46, 47, 48, 49, 50, 52, 64, 72, 80, 92, 99, 120, 143, 166, 183, 218, 283, 306, 313, 320], "excluded_lines": [79, 90, 91, 113, 114, 115], "start_line": 1}}, "classes": {"AgentResult": {"executed_lines": [], "summary": {"covered_lines": 0, "num_statements": 0, "percent_covered": 100.0, "percent_covered_display": "100", "missing_lines": 0, "excluded_lines": 0, "percent_statements_covered": 100.0, "percent_statements_covered_display": "100"}, "missing_lines": [], "excluded_lines": [], "start_line": 35}, "PromptBuilder": {"executed_lines": [], "summary": {"covered_lines": 0, "num_statements": 0, "percent_covered": 100.0, "percent_covered_display": "100", "missing_lines": 0, "excluded_lines": 2, "percent_statements_covered": 100.0, "percent_statements_covered_display": "100"}, "missing_lines": [], "excluded_lines": [78, 89], "start_line": 64}, "ResponseParser": {"executed_lines": [], "summary": {"covered_lines": 0, "num_statements": 0, "percent_covered": 100.0, "percent_covered_display": "100", "missing_lines": 0, "excluded_lines": 1, "percent_statements_covered": 100.0, "percent_statements_covered_display": "100"}, "missing_lines": [], "excluded_lines": [112], "start_line": 92}, "StageExecutor": {"executed_lines": [], "summary": {"covered_lines": 0, "num_statements": 39, "percent_covered": 0.0, "percent_covered_display": "0", "missing_lines": 39, "excluded_lines": 0, "percent_statements_covered": 0.0, "percent_statements_covered_display": "0"}, "missing_lines": [157, 158, 159, 162, 164, 178, 179, 181, 203, 211, 216, 240, 242, 246, 248, 251, 258, 259, 262, 263, 265, 268, 269, 270, 272, 273, 274, 275, 276, 278, 279, 280, 281, 298, 301, 303, 311, 318, 325], "excluded_lines": [], "start_line": 120}, "": {"executed_lines": [], "summary": {"covered_lines": 0, "num_statements": 32, "percent_covered": 0.0, "percent_covered_display": "0", "missing_lines": 32, "excluded_lines": 6, "percent_statements_covered": 0.0, "percent_statements_covered_display": "0"}, "missing_lines": [11, 13, 14, 15, 16, 18, 20, 21, 22, 24, 27, 35, 46, 47, 48, 49, 50, 52, 64, 72, 80, 92, 99, 120, 143, 166, 183, 218, 283, 306, 313, 320], "excluded_lines": [79, 90, 91, 113, 114, 115], "start_line": 1}}}, "packages/blinkb0t/core/agents/moving_heads/channel_validator.py": {"executed_lines": [6, 8, 9, 11, 12, 17, 19, 22, 39, 41, 42, 43, 45, 60, 63, 66, 67, 68, 69, 72, 73, 74, 75, 78, 79, 80, 84, 85, 86, 88, 89, 91, 101, 102, 103, 104, 107, 108, 114, 115, 120, 122, 132, 133, 138, 139, 144, 146, 156, 157, 162, 168, 170, 179, 180, 183, 184, 186], "summary": {"covered_lines": 58, "num_statements": 64, "percent_covered": 90.625, "percent_covered_display": "91", "missing_lines": 6, "excluded_lines": 0, "percent_statements_covered": 90.625, "percent_statements_covered_display": "91"}, "missing_lines": [81, 134, 135, 158, 159, 163], "excluded_lines": [], "functions": {"ChannelHeuristicValidator.__init__": {"executed_lines": [41, 42, 43], "summary": {"covered_lines": 3, "num_statements": 3, "percent_covered": 100.0, "percent_covered_display": "100", "missing_lines": 0, "excluded_lines": 0, "percent_statements_covered": 100.0, "percent_statements_covered_display": "100"}, "missing_lines": [], "excluded_lines": [], "start_line": 39}, "ChannelHeuristicValidator.validate_section_channels": {"executed_lines": [60, 63, 66, 67, 68, 69, 72, 73, 74, 75, 78, 79, 80, 84, 85, 86, 88, 89], "summary": {"covered_lines": 18, "num_statements": 19, "percent_covered": 94.73684210526316, "percent_covered_display": "95", "missing_lines": 1, "excluded_lines": 0, "percent_statements_covered": 94.73684210526316, "percent_statements_covered_display": "95"}, "missing_lines": [81], "excluded_lines": [], "start_line": 45}, "ChannelHeuristicValidator._validate_shutter": {"executed_lines": [101, 102, 103, 104, 107, 108, 114, 115, 120], "summary": {"covered_lines": 9, "num_statements": 9, "percent_covered": 100.0, "percent_covered_display": "100", "missing_lines": 0, "excluded_lines": 0, "percent_statements_covered": 100.0, "percent_statements_covered_display": "100"}, "missing_lines": [], "excluded_lines": [], "start_line": 91}, "ChannelHeuristicValidator._validate_color": {"executed_lines": [132, 133, 138, 139, 144], "summary": {"covered_lines": 5, "num_statements": 7, "percent_covered": 71.42857142857143, "percent_covered_display": "71", "missing_lines": 2, "excluded_lines": 0, "percent_statements_covered": 71.42857142857143, "percent_statements_covered_display": "71"}, "missing_lines": [134, 135], "excluded_lines": [], "start_line": 122}, "ChannelHeuristicValidator._validate_gobo": {"executed_lines": [156, 157, 162, 168], "summary": {"covered_lines": 4, "num_statements": 7, "percent_covered": 57.142857142857146, "percent_covered_display": "57", "missing_lines": 3, "excluded_lines": 0, "percent_statements_covered": 57.142857142857146, "percent_statements_covered_display": "57"}, "missing_lines": [158, 159, 163], "excluded_lines": [], "start_line": 146}, "ChannelHeuristicValidator._check_conflicts": {"executed_lines": [179, 180, 183, 184, 186], "summary": {"covered_lines": 5, "num_statements": 5, "percent_covered": 100.0, "percent_covered_display": "100", "missing_lines": 0, "excluded_lines": 0, "percent_statements_covered": 100.0, "percent_statements_covered_display": "100"}, "missing_lines": [], "excluded_lines": [], "start_line": 170}, "": {"executed_lines": [6, 8, 9, 11, 12, 17, 19, 22, 39, 45, 91, 122, 146, 170], "summary": {"covered_lines": 14, "num_statements": 14, "percent_covered": 100.0, "percent_covered_display": "100", "missing_lines": 0, "excluded_lines": 0, "percent_statements_covered": 100.0, "percent_statements_covered_display": "100"}, "missing_lines": [], "excluded_lines": [], "start_line": 1}}, "classes": {"ChannelHeuristicValidator": {"executed_lines": [41, 42, 43, 60, 63, 66, 67, 68, 69, 72, 73, 74, 75, 78, 79, 80, 84, 85, 86, 88, 89, 101, 102, 103, 104, 107, 108, 114, 115, 120, 132, 133, 138, 139, 144, 156, 157, 162, 168, 179, 180, 183, 184, 186], "summary": {"covered_lines": 44, "num_statements": 50, "percent_covered": 88.0, "percent_covered_display": "88", "missing_lines": 6, "excluded_lines": 0, "percent_statements_covered": 88.0, "percent_statements_covered_display": "88"}, "missing_lines": [81, 134, 135, 158, 159, 163], "excluded_lines": [], "start_line": 22}, "": {"executed_lines": [6, 8, 9, 11, 12, 17, 19, 22, 39, 45, 91, 122, 146, 170], "summary": {"covered_lines": 14, "num_statements": 14, "percent_covered": 100.0, "percent_covered_display": "100", "missing_lines": 0, "excluded_lines": 0, "percent_statements_covered": 100.0, "percent_statements_covered_display": "100"}, "missing_lines": [], "excluded_lines": [], "start_line": 1}}}, "packages/blinkb0t/core/agents/moving_heads/context.py": {"executed_lines": [7, 9, 10, 11, 12, 14, 17, 21, 22, 26, 30, 34, 37, 53, 60, 67, 70, 71, 72, 73, 74, 77, 83, 84, 85, 86, 88, 91, 99, 100, 109, 110, 113, 115, 118, 142, 144, 145, 146, 148, 170, 171, 174, 175, 178, 179, 180, 181, 185, 188, 191, 192, 194, 199, 210, 228, 231, 234, 237, 241, 242, 245, 246, 249, 252, 255, 256, 258, 260, 276, 300, 312, 315, 318, 329, 331, 345, 348, 349, 351, 357, 363, 366, 367, 369, 371, 382, 388, 390, 391, 393, 394, 397, 398, 403, 409, 424, 426, 427, 439, 440, 443, 444, 445, 447, 448, 449, 450, 451, 455, 458, 459, 460, 461, 462, 463, 464, 467, 468, 469, 470, 471, 475, 476, 479, 480, 481, 483, 484, 485, 486, 487, 491, 494, 495, 496, 497, 499, 501, 503, 514, 517, 518, 519, 520, 528, 531, 532, 533, 534, 542, 545, 546, 547, 548, 556, 558, 560, 567, 568, 571, 572, 573, 575, 576, 589, 603, 608, 609, 612, 613, 615, 616, 618, 625, 627, 629, 630, 631, 633, 635, 637, 642, 643, 644, 645, 648, 650, 652, 654, 655, 657, 659], "summary": {"covered_lines": 193, "num_statements": 210, "percent_covered": 91.9047619047619, "percent_covered_display": "92", "missing_lines": 17, "excluded_lines": 2, "percent_statements_covered": 91.9047619047619, "percent_statements_covered_display": "92"}, "missing_lines": [238, 278, 281, 287, 295, 296, 298, 452, 453, 465, 472, 473, 488, 489, 578, 580, 581], "excluded_lines": [19, 20], "functions": {"build_channel_library_context": {"executed_lines": [53, 60], "summary": {"covered_lines": 2, "num_statements": 2, "percent_covered": 100.0, "percent_covered_display": "100", "missing_lines": 0, "excluded_lines": 0, "percent_statements_covered": 100.0, "percent_statements_covered_display": "100"}, "missing_lines": [], "excluded_lines": [], "start_line": 37}, "TokenEstimator.estimate": {"executed_lines": [109, 110, 113, 115], "summary": {"covered_lines": 4, "num_statements": 4, "percent_covered": 100.0, "percent_covered_display": "100", "missing_lines": 0, "excluded_lines": 0, "percent_statements_covered": 100.0, "percent_statements_covered_display": "100"}, "missing_lines": [], "excluded_lines": [], "start_line": 100}, "ContextShaper.__init__": {"executed_lines": [144, 145, 146], "summary": {"covered_lines": 3, "num_statements": 3, "percent_covered": 100.0, "percent_covered_display": "100", "missing_lines": 0, "excluded_lines": 0, "percent_statements_covered": 100.0, "percent_statements_covered_display": "100"}, "missing_lines": [], "excluded_lines": [], "start_line": 142}, "ContextShaper.shape_for_stage": {"executed_lines": [170, 171, 174, 175, 178, 179, 180, 181, 185, 188, 191, 192, 194, 199], "summary": {"covered_lines": 14, "num_statements": 14, "percent_covered": 100.0, "percent_covered_display": "100", "missing_lines": 0, "excluded_lines": 0, "percent_statements_covered": 100.0, "percent_statements_covered_display": "100"}, "missing_lines": [], "excluded_lines": [], "start_line": 148}, "ContextShaper._shape_for_plan": {"executed_lines": [228, 231, 234, 237, 241, 242, 245, 246, 249, 252, 255, 256, 258], "summary": {"covered_lines": 13, "num_statements": 14, "percent_covered": 92.85714285714286, "percent_covered_display": "93", "missing_lines": 1, "excluded_lines": 0, "percent_statements_covered": 92.85714285714286, "percent_statements_covered_display": "93"}, "missing_lines": [238], "excluded_lines": [], "start_line": 210}, "ContextShaper._shape_for_implementation": {"executed_lines": [276], "summary": {"covered_lines": 1, "num_statements": 7, "percent_covered": 14.285714285714286, "percent_covered_display": "14", "missing_lines": 6, "excluded_lines": 0, "percent_statements_covered": 14.285714285714286, "percent_statements_covered_display": "14"}, "missing_lines": [278, 281, 287, 295, 296, 298], "excluded_lines": [], "start_line": 260}, "ContextShaper._shape_for_judge": {"executed_lines": [312, 315, 318, 329], "summary": {"covered_lines": 4, "num_statements": 4, "percent_covered": 100.0, "percent_covered_display": "100", "missing_lines": 0, "excluded_lines": 0, "percent_statements_covered": 100.0, "percent_statements_covered_display": "100"}, "missing_lines": [], "excluded_lines": [], "start_line": 300}, "ContextShaper._shape_for_refinement": {"executed_lines": [345, 348, 349, 351], "summary": {"covered_lines": 4, "num_statements": 4, "percent_covered": 100.0, "percent_covered_display": "100", "missing_lines": 0, "excluded_lines": 0, "percent_statements_covered": 100.0, "percent_statements_covered_display": "100"}, "missing_lines": [], "excluded_lines": [], "start_line": 331}, "ContextShaper._consolidate_timing": {"executed_lines": [363, 366, 367, 369, 371], "summary": {"covered_lines": 5, "num_statements": 5, "percent_covered": 100.0, "percent_covered_display": "100", "missing_lines": 0, "excluded_lines": 0, "percent_statements_covered": 100.0, "percent_statements_covered_display": "100"}, "missing_lines": [], "excluded_lines": [], "start_line": 357}, "ContextShaper._downsample_energy": {"executed_lines": [388, 390, 391, 393, 394, 397, 398, 403], "summary": {"covered_lines": 8, "num_statements": 8, "percent_covered": 100.0, "percent_covered_display": "100", "missing_lines": 0, "excluded_lines": 0, "percent_statements_covered": 100.0, "percent_statements_covered_display": "100"}, "missing_lines": [], "excluded_lines": [], "start_line": 382}, "ContextShaper._compact_template_metadata": {"executed_lines": [424, 426, 427, 439, 440, 443, 444, 445, 447, 448, 449, 450, 451, 455, 458, 459, 460, 461, 462, 463, 464, 467, 468, 469, 470, 471, 475, 476, 479, 480, 481, 483, 484, 485, 486, 487, 491, 494, 495, 496, 497, 499, 501], "summary": {"covered_lines": 43, "num_statements": 50, "percent_covered": 86.0, "percent_covered_display": "86", "missing_lines": 7, "excluded_lines": 0, "percent_statements_covered": 86.0, "percent_statements_covered_display": "86"}, "missing_lines": [452, 453, 465, 472, 473, 488, 489], "excluded_lines": [], "start_line": 409}, "ContextShaper._compact_channel_libraries": {"executed_lines": [514, 517, 518, 519, 520, 528, 531, 532, 533, 534, 542, 545, 546, 547, 548, 556, 558], "summary": {"covered_lines": 17, "num_statements": 17, "percent_covered": 100.0, "percent_covered_display": "100", "missing_lines": 0, "excluded_lines": 0, "percent_statements_covered": 100.0, "percent_statements_covered_display": "100"}, "missing_lines": [], "excluded_lines": [], "start_line": 503}, "ContextShaper._summarize_fingerprint": {"executed_lines": [567, 568, 571, 572, 573, 575, 576, 589], "summary": {"covered_lines": 8, "num_statements": 11, "percent_covered": 72.72727272727273, "percent_covered_display": "73", "missing_lines": 3, "excluded_lines": 0, "percent_statements_covered": 72.72727272727273, "percent_statements_covered_display": "73"}, "missing_lines": [578, 580, 581], "excluded_lines": [], "start_line": 560}, "ContextShaper._calculate_recommendations": {"executed_lines": [608, 609, 612, 613, 615, 616, 618], "summary": {"covered_lines": 7, "num_statements": 7, "percent_covered": 100.0, "percent_covered_display": "100", "missing_lines": 0, "excluded_lines": 0, "percent_statements_covered": 100.0, "percent_statements_covered_display": "100"}, "missing_lines": [], "excluded_lines": [], "start_line": 603}, "ContextShaper._filter_timing_tracks": {"executed_lines": [627, 629, 630, 631, 633, 635], "summary": {"covered_lines": 6, "num_statements": 6, "percent_covered": 100.0, "percent_covered_display": "100", "missing_lines": 0, "excluded_lines": 0, "percent_statements_covered": 100.0, "percent_statements_covered_display": "100"}, "missing_lines": [], "excluded_lines": [], "start_line": 625}, "ContextShaper._extract_selected_templates": {"executed_lines": [642, 643, 644, 645, 648, 650], "summary": {"covered_lines": 6, "num_statements": 6, "percent_covered": 100.0, "percent_covered_display": "100", "missing_lines": 0, "excluded_lines": 0, "percent_statements_covered": 100.0, "percent_statements_covered_display": "100"}, "missing_lines": [], "excluded_lines": [], "start_line": 637}, "ContextShaper._summarize_plan": {"executed_lines": [654, 655, 657, 659], "summary": {"covered_lines": 4, "num_statements": 4, "percent_covered": 100.0, "percent_covered_display": "100", "missing_lines": 0, "excluded_lines": 0, "percent_statements_covered": 100.0, "percent_statements_covered_display": "100"}, "missing_lines": [], "excluded_lines": [], "start_line": 652}, "": {"executed_lines": [7, 9, 10, 11, 12, 14, 17, 21, 22, 26, 30, 34, 37, 67, 70, 71, 72, 73, 74, 77, 83, 84, 85, 86, 88, 91, 99, 100, 118, 142, 148, 210, 260, 300, 331, 357, 382, 409, 503, 560, 603, 625, 637, 652], "summary": {"covered_lines": 44, "num_statements": 44, "percent_covered": 100.0, "percent_covered_display": "100", "missing_lines": 0, "excluded_lines": 2, "percent_statements_covered": 100.0, "percent_statements_covered_display": "100"}, "missing_lines": [], "excluded_lines": [19, 20], "start_line": 1}}, "classes": {"Stage": {"executed_lines": [], "summary": {"covered_lines": 0, "num_statements": 0, "percent_covered": 100.0, "percent_covered_display": "100", "missing_lines": 0, "excluded_lines": 0, "percent_statements_covered": 100.0, "percent_statements_covered_display": "100"}, "missing_lines": [], "excluded_lines": [], "start_line": 67}, "ShapedContext": {"executed_lines": [], "summary": {"covered_lines": 0, "num_statements": 0, "percent_covered": 100.0, "percent_covered_display": "100", "missing_lines": 0, "excluded_lines": 0, "percent_statements_covered": 100.0, "percent_statements_covered_display": "100"}, "missing_lines": [], "excluded_lines": [], "start_line": 77}, "TokenEstimator": {"executed_lines": [109, 110, 113, 115], "summary": {"covered_lines": 4, "num_statements": 4, "percent_covered": 100.0, "percent_covered_display": "100", "missing_lines": 0, "excluded_lines": 0, "percent_statements_covered": 100.0, "percent_statements_covered_display": "100"}, "missing_lines": [], "excluded_lines": [], "start_line": 91}, "ContextShaper": {"executed_lines": [144, 145, 146, 170, 171, 174, 175, 178, 179, 180, 181, 185, 188, 191, 192, 194, 199, 228, 231, 234, 237, 241, 242, 245, 246, 249, 252, 255, 256, 258, 276, 312, 315, 318, 329, 345, 348, 349, 351, 363, 366, 367, 369, 371, 388, 390, 391, 393, 394, 397, 398, 403, 424, 426, 427, 439, 440, 443, 444, 445, 447, 448, 449, 450, 451, 455, 458, 459, 460, 461, 462, 463, 464, 467, 468, 469, 470, 471, 475, 476, 479, 480, 481, 483, 484, 485, 486, 487, 491, 494, 495, 496, 497, 499, 501, 514, 517, 518, 519, 520, 528, 531, 532, 533, 534, 542, 545, 546, 547, 548, 556, 558, 567, 568, 571, 572, 573, 575, 576, 589, 608, 609, 612, 613, 615, 616, 618, 627, 629, 630, 631, 633, 635, 642, 643, 644, 645, 648, 650, 654, 655, 657, 659], "summary": {"covered_lines": 143, "num_statements": 160, "percent_covered": 89.375, "percent_covered_display": "89", "missing_lines": 17, "excluded_lines": 0, "percent_statements_covered": 89.375, "percent_statements_covered_display": "89"}, "missing_lines": [238, 278, 281, 287, 295, 296, 298, 452, 453, 465, 472, 473, 488, 489, 578, 580, 581], "excluded_lines": [], "start_line": 118}, "": {"executed_lines": [7, 9, 10, 11, 12, 14, 17, 21, 22, 26, 30, 34, 37, 53, 60, 67, 70, 71, 72, 73, 74, 77, 83, 84, 85, 86, 88, 91, 99, 100, 118, 142, 148, 210, 260, 300, 331, 357, 382, 409, 503, 560, 603, 625, 637, 652], "summary": {"covered_lines": 46, "num_statements": 46, "percent_covered": 100.0, "percent_covered_display": "100", "missing_lines": 0, "excluded_lines": 2, "percent_statements_covered": 100.0, "percent_statements_covered_display": "100"}, "missing_lines": [], "excluded_lines": [19, 20], "start_line": 1}}}, "packages/blinkb0t/core/agents/moving_heads/heuristic_validator.py": {"executed_lines": [6, 8, 9, 10, 12, 14, 15, 16, 18, 21, 24, 25, 26, 29, 35, 36, 37, 38, 40, 43, 50, 51, 52, 53, 54, 56, 58, 60, 68, 69, 71, 73, 81, 83, 85, 93, 95, 97, 98, 100, 104, 105, 106, 107, 108, 112, 113, 115, 118, 142, 151, 154, 157, 160, 161, 164, 166, 168, 177, 179, 182, 183, 184, 185, 186, 187, 188, 189, 190, 192, 198, 204, 206, 208, 209, 210, 213, 216, 217, 224, 225, 226, 229, 230, 237, 238, 239, 246, 247, 249, 256, 258, 260, 261, 262, 267, 270, 271, 278, 280, 281, 283, 284, 290, 292, 293, 296, 297, 298, 299, 306, 307, 308, 309, 316, 317, 318, 319, 320, 326, 328, 329, 333, 335, 336, 338, 339, 342, 346, 353, 355, 357, 358, 359, 362, 365, 366, 367, 368, 375, 376, 377, 383, 386, 387, 390, 392, 393, 394, 395, 396, 403, 404, 405, 411, 418, 420, 421, 437, 506, 519, 521, 522, 526, 538, 547, 549, 550, 552, 557, 558, 560], "summary": {"covered_lines": 172, "num_statements": 192, "percent_covered": 89.58333333333333, "percent_covered_display": "90", "missing_lines": 20, "excluded_lines": 0, "percent_statements_covered": 89.58333333333333, "percent_statements_covered_display": "90"}, "missing_lines": [110, 272, 424, 430, 431, 462, 463, 466, 467, 470, 471, 479, 487, 488, 489, 493, 494, 495, 504, 527], "excluded_lines": [], "functions": {"ValidationResult.add_error": {"executed_lines": [60, 68, 69], "summary": {"covered_lines": 3, "num_statements": 3, "percent_covered": 100.0, "percent_covered_display": "100", "missing_lines": 0, "excluded_lines": 0, "percent_statements_covered": 100.0, "percent_statements_covered_display": "100"}, "missing_lines": [], "excluded_lines": [], "start_line": 58}, "ValidationResult.add_warning": {"executed_lines": [73, 81], "summary": {"covered_lines": 2, "num_statements": 2, "percent_covered": 100.0, "percent_covered_display": "100", "missing_lines": 0, "excluded_lines": 0, "percent_statements_covered": 100.0, "percent_statements_covered_display": "100"}, "missing_lines": [], "excluded_lines": [], "start_line": 71}, "ValidationResult.add_info": {"executed_lines": [85, 93], "summary": {"covered_lines": 2, "num_statements": 2, "percent_covered": 100.0, "percent_covered_display": "100", "missing_lines": 0, "excluded_lines": 0, "percent_statements_covered": 100.0, "percent_statements_covered_display": "100"}, "missing_lines": [], "excluded_lines": [], "start_line": 83}, "ValidationResult.get_error_summary": {"executed_lines": [97, 98, 100, 104, 105, 106, 107, 108, 112, 113, 115], "summary": {"covered_lines": 11, "num_statements": 12, "percent_covered": 91.66666666666667, "percent_covered_display": "92", "missing_lines": 1, "excluded_lines": 0, "percent_statements_covered": 91.66666666666667, "percent_statements_covered_display": "92"}, "missing_lines": [110], "excluded_lines": [], "start_line": 95}, "HeuristicValidator.__init__": {"executed_lines": [151, 154, 157, 160, 161, 164, 166], "summary": {"covered_lines": 7, "num_statements": 7, "percent_covered": 100.0, "percent_covered_display": "100", "missing_lines": 0, "excluded_lines": 0, "percent_statements_covered": 100.0, "percent_statements_covered_display": "100"}, "missing_lines": [], "excluded_lines": [], "start_line": 142}, "HeuristicValidator.validate": {"executed_lines": [177, 179, 182, 183, 184, 185, 186, 187, 188, 189, 190, 192, 198], "summary": {"covered_lines": 13, "num_statements": 13, "percent_covered": 100.0, "percent_covered_display": "100", "missing_lines": 0, "excluded_lines": 0, "percent_statements_covered": 100.0, "percent_statements_covered_display": "100"}, "missing_lines": [], "excluded_lines": [], "start_line": 168}, "HeuristicValidator._validate_timing": {"executed_lines": [206, 208, 209, 210, 213, 216, 217, 224, 225, 226, 229, 230, 237, 238, 239, 246, 247, 249], "summary": {"covered_lines": 18, "num_statements": 18, "percent_covered": 100.0, "percent_covered_display": "100", "missing_lines": 0, "excluded_lines": 0, "percent_statements_covered": 100.0, "percent_statements_covered_display": "100"}, "missing_lines": [], "excluded_lines": [], "start_line": 204}, "HeuristicValidator._validate_templates": {"executed_lines": [258, 260, 261, 262, 267, 270, 271], "summary": {"covered_lines": 7, "num_statements": 8, "percent_covered": 87.5, "percent_covered_display": "88", "missing_lines": 1, "excluded_lines": 0, "percent_statements_covered": 87.5, "percent_statements_covered_display": "88"}, "missing_lines": [272], "excluded_lines": [], "start_line": 256}, "HeuristicValidator._validate_poses": {"executed_lines": [280, 281, 283, 284], "summary": {"covered_lines": 4, "num_statements": 4, "percent_covered": 100.0, "percent_covered_display": "100", "missing_lines": 0, "excluded_lines": 0, "percent_statements_covered": 100.0, "percent_statements_covered_display": "100"}, "missing_lines": [], "excluded_lines": [], "start_line": 278}, "HeuristicValidator._validate_parameters": {"executed_lines": [292, 293, 296, 297, 298, 299, 306, 307, 308, 309, 316, 317, 318, 319, 320], "summary": {"covered_lines": 15, "num_statements": 15, "percent_covered": 100.0, "percent_covered_display": "100", "missing_lines": 0, "excluded_lines": 0, "percent_statements_covered": 100.0, "percent_statements_covered_display": "100"}, "missing_lines": [], "excluded_lines": [], "start_line": 290}, "HeuristicValidator._validate_energy": {"executed_lines": [328, 329, 333, 335, 336, 338, 339, 342, 346], "summary": {"covered_lines": 9, "num_statements": 9, "percent_covered": 100.0, "percent_covered_display": "100", "missing_lines": 0, "excluded_lines": 0, "percent_statements_covered": 100.0, "percent_statements_covered_display": "100"}, "missing_lines": [], "excluded_lines": [], "start_line": 326}, "HeuristicValidator._validate_coverage": {"executed_lines": [355, 357, 358, 359, 362, 365, 366, 367, 368, 375, 376, 377], "summary": {"covered_lines": 12, "num_statements": 12, "percent_covered": 100.0, "percent_covered_display": "100", "missing_lines": 0, "excluded_lines": 0, "percent_statements_covered": 100.0, "percent_statements_covered_display": "100"}, "missing_lines": [], "excluded_lines": [], "start_line": 353}, "HeuristicValidator._validate_variety": {"executed_lines": [386, 387, 390, 392, 393, 394, 395, 396, 403, 404, 405], "summary": {"covered_lines": 11, "num_statements": 11, "percent_covered": 100.0, "percent_covered_display": "100", "missing_lines": 0, "excluded_lines": 0, "percent_statements_covered": 100.0, "percent_statements_covered_display": "100"}, "missing_lines": [], "excluded_lines": [], "start_line": 383}, "HeuristicValidator._validate_channels": {"executed_lines": [418, 420, 421], "summary": {"covered_lines": 3, "num_statements": 6, "percent_covered": 50.0, "percent_covered_display": "50", "missing_lines": 3, "excluded_lines": 0, "percent_statements_covered": 50.0, "percent_statements_covered_display": "50"}, "missing_lines": [424, 430, 431], "excluded_lines": [], "start_line": 411}, "HeuristicValidator._targets_conflict": {"executed_lines": [], "summary": {"covered_lines": 0, "num_statements": 14, "percent_covered": 0.0, "percent_covered_display": "0", "missing_lines": 14, "excluded_lines": 0, "percent_statements_covered": 0.0, "percent_statements_covered_display": "0"}, "missing_lines": [462, 463, 466, 467, 470, 471, 479, 487, 488, 489, 493, 494, 495, 504], "excluded_lines": [], "start_line": 437}, "HeuristicValidator._validate_complexity": {"executed_lines": [519, 521, 522, 526], "summary": {"covered_lines": 4, "num_statements": 5, "percent_covered": 80.0, "percent_covered_display": "80", "missing_lines": 1, "excluded_lines": 0, "percent_statements_covered": 80.0, "percent_statements_covered_display": "80"}, "missing_lines": [527], "excluded_lines": [], "start_line": 506}, "HeuristicValidator._count_overlapping_sections": {"executed_lines": [547, 549, 550, 552, 557, 558, 560], "summary": {"covered_lines": 7, "num_statements": 7, "percent_covered": 100.0, "percent_covered_display": "100", "missing_lines": 0, "excluded_lines": 0, "percent_statements_covered": 100.0, "percent_statements_covered_display": "100"}, "missing_lines": [], "excluded_lines": [], "start_line": 538}, "": {"executed_lines": [6, 8, 9, 10, 12, 14, 15, 16, 18, 21, 24, 25, 26, 29, 35, 36, 37, 38, 40, 43, 50, 51, 52, 53, 54, 56, 58, 71, 83, 95, 118, 142, 168, 204, 256, 278, 290, 326, 353, 383, 411, 437, 506, 538], "summary": {"covered_lines": 44, "num_statements": 44, "percent_covered": 100.0, "percent_covered_display": "100", "missing_lines": 0, "excluded_lines": 0, "percent_statements_covered": 100.0, "percent_statements_covered_display": "100"}, "missing_lines": [], "excluded_lines": [], "start_line": 1}}, "classes": {"Severity": {"executed_lines": [], "summary": {"covered_lines": 0, "num_statements": 0, "percent_covered": 100.0, "percent_covered_display": "100", "missing_lines": 0, "excluded_lines": 0, "percent_statements_covered": 100.0, "percent_statements_covered_display": "100"}, "missing_lines": [], "excluded_lines": [], "start_line": 21}, "ValidationIssue": {"executed_lines": [], "summary": {"covered_lines": 0, "num_statements": 0, "percent_covered": 100.0, "percent_covered_display": "100", "missing_lines": 0, "excluded_lines": 0, "percent_statements_covered": 100.0, "percent_statements_covered_display": "100"}, "missing_lines": [], "excluded_lines": [], "start_line": 29}, "ValidationResult": {"executed_lines": [60, 68, 69, 73, 81, 85, 93, 97, 98, 100, 104, 105, 106, 107, 108, 112, 113, 115], "summary": {"covered_lines": 18, "num_statements": 19, "percent_covered": 94.73684210526316, "percent_covered_display": "95", "missing_lines": 1, "excluded_lines": 0, "percent_statements_covered": 94.73684210526316, "percent_statements_covered_display": "95"}, "missing_lines": [110], "excluded_lines": [], "start_line": 43}, "HeuristicValidator": {"executed_lines": [151, 154, 157, 160, 161, 164, 166, 177, 179, 182, 183, 184, 185, 186, 187, 188, 189, 190, 192, 198, 206, 208, 209, 210, 213, 216, 217, 224, 225, 226, 229, 230, 237, 238, 239, 246, 247, 249, 258, 260, 261, 262, 267, 270, 271, 280, 281, 283, 284, 292, 293, 296, 297, 298, 299, 306, 307, 308, 309, 316, 317, 318, 319, 320, 328, 329, 333, 335, 336, 338, 339, 342, 346, 355, 357, 358, 359, 362, 365, 366, 367, 368, 375, 376, 377, 386, 387, 390, 392, 393, 394, 395, 396, 403, 404, 405, 418, 420, 421, 519, 521, 522, 526, 547, 549, 550, 552, 557, 558, 560], "summary": {"covered_lines": 110, "num_statements": 129, "percent_covered": 85.27131782945736, "percent_covered_display": "85", "missing_lines": 19, "excluded_lines": 0, "percent_statements_covered": 85.27131782945736, "percent_statements_covered_display": "85"}, "missing_lines": [272, 424, 430, 431, 462, 463, 466, 467, 470, 471, 479, 487, 488, 489, 493, 494, 495, 504, 527], "excluded_lines": [], "start_line": 118}, "": {"executed_lines": [6, 8, 9, 10, 12, 14, 15, 16, 18, 21, 24, 25, 26, 29, 35, 36, 37, 38, 40, 43, 50, 51, 52, 53, 54, 56, 58, 71, 83, 95, 118, 142, 168, 204, 256, 278, 290, 326, 353, 383, 411, 437, 506, 538], "summary": {"covered_lines": 44, "num_statements": 44, "percent_covered": 100.0, "percent_covered_display": "100", "missing_lines": 0, "excluded_lines": 0, "percent_statements_covered": 100.0, "percent_statements_covered_display": "100"}, "missing_lines": [], "excluded_lines": [], "start_line": 1}}}, "packages/blinkb0t/core/agents/moving_heads/implementation_expander.py": {"executed_lines": [6, 8, 9, 10, 12, 14, 15, 16, 17, 18, 20, 23, 29, 30, 33, 34, 35, 39, 46, 74, 95, 185, 202, 243, 260, 273, 290, 358, 380], "summary": {"covered_lines": 29, "num_statements": 159, "percent_covered": 18.238993710691823, "percent_covered_display": "18", "missing_lines": 130, "excluded_lines": 0, "percent_statements_covered": 18.238993710691823, "percent_statements_covered_display": "18"}, "missing_lines": [85, 86, 87, 88, 91, 93, 113, 116, 124, 130, 133, 134, 135, 138, 141, 142, 145, 149, 151, 157, 160, 162, 164, 171, 172, 173, 187, 189, 192, 195, 196, 199, 200, 211, 213, 214, 215, 218, 219, 220, 221, 222, 225, 227, 228, 231, 234, 244, 245, 246, 248, 251, 252, 253, 258, 262, 263, 264, 265, 266, 271, 275, 277, 278, 279, 280, 281, 282, 283, 284, 285, 286, 288, 297, 298, 300, 303, 304, 305, 306, 307, 308, 309, 312, 313, 314, 315, 316, 317, 320, 321, 322, 323, 325, 330, 333, 334, 335, 336, 337, 338, 339, 340, 341, 342, 343, 344, 345, 348, 349, 350, 351, 352, 356, 360, 361, 363, 364, 365, 366, 367, 369, 370, 371, 372, 374, 394, 397, 399, 401], "excluded_lines": [], "functions": {"ImplementationExpander.__init__": {"executed_lines": [], "summary": {"covered_lines": 0, "num_statements": 6, "percent_covered": 0.0, "percent_covered_display": "0", "missing_lines": 6, "excluded_lines": 0, "percent_statements_covered": 0.0, "percent_statements_covered_display": "0"}, "missing_lines": [85, 86, 87, 88, 91, 93], "excluded_lines": [], "start_line": 74}, "ImplementationExpander.expand_implementation": {"executed_lines": [], "summary": {"covered_lines": 0, "num_statements": 20, "percent_covered": 0.0, "percent_covered_display": "0", "missing_lines": 20, "excluded_lines": 0, "percent_statements_covered": 0.0, "percent_statements_covered_display": "0"}, "missing_lines": [113, 116, 124, 130, 133, 134, 135, 138, 141, 142, 145, 149, 151, 157, 160, 162, 164, 171, 172, 173], "excluded_lines": [], "start_line": 95}, "ImplementationExpander._get_system_prompt": {"executed_lines": [], "summary": {"covered_lines": 0, "num_statements": 7, "percent_covered": 0.0, "percent_covered_display": "0", "missing_lines": 7, "excluded_lines": 0, "percent_statements_covered": 0.0, "percent_statements_covered_display": "0"}, "missing_lines": [187, 189, 192, 195, 196, 199, 200], "excluded_lines": [], "start_line": 185}, "ImplementationExpander._build_prompt": {"executed_lines": [], "summary": {"covered_lines": 0, "num_statements": 14, "percent_covered": 0.0, "percent_covered_display": "0", "missing_lines": 14, "excluded_lines": 0, "percent_statements_covered": 0.0, "percent_statements_covered_display": "0"}, "missing_lines": [211, 213, 214, 215, 218, 219, 220, 221, 222, 225, 227, 228, 231, 234], "excluded_lines": [], "start_line": 202}, "ImplementationExpander._format_semantic_groups": {"executed_lines": [], "summary": {"covered_lines": 0, "num_statements": 8, "percent_covered": 0.0, "percent_covered_display": "0", "missing_lines": 8, "excluded_lines": 0, "percent_statements_covered": 0.0, "percent_statements_covered_display": "0"}, "missing_lines": [244, 245, 246, 248, 251, 252, 253, 258], "excluded_lines": [], "start_line": 243}, "ImplementationExpander._format_plan_sections": {"executed_lines": [], "summary": {"covered_lines": 0, "num_statements": 6, "percent_covered": 0.0, "percent_covered_display": "0", "missing_lines": 6, "excluded_lines": 0, "percent_statements_covered": 0.0, "percent_statements_covered_display": "0"}, "missing_lines": [262, 263, 264, 265, 266, 271], "excluded_lines": [], "start_line": 260}, "ImplementationExpander._format_plan": {"executed_lines": [], "summary": {"covered_lines": 0, "num_statements": 12, "percent_covered": 0.0, "percent_covered_display": "0", "missing_lines": 12, "excluded_lines": 0, "percent_statements_covered": 0.0, "percent_statements_covered_display": "0"}, "missing_lines": [275, 277, 278, 279, 280, 281, 282, 283, 284, 285, 286, 288], "excluded_lines": [], "start_line": 273}, "ImplementationExpander._format_song_map": {"executed_lines": [], "summary": {"covered_lines": 0, "num_statements": 41, "percent_covered": 0.0, "percent_covered_display": "0", "missing_lines": 41, "excluded_lines": 0, "percent_statements_covered": 0.0, "percent_statements_covered_display": "0"}, "missing_lines": [297, 298, 300, 303, 304, 305, 306, 307, 308, 309, 312, 313, 314, 315, 316, 317, 320, 321, 322, 323, 325, 330, 333, 334, 335, 336, 337, 338, 339, 340, 341, 342, 343, 344, 345, 348, 349, 350, 351, 352, 356], "excluded_lines": [], "start_line": 290}, "ImplementationExpander._format_timing_tracks": {"executed_lines": [], "summary": {"covered_lines": 0, "num_statements": 12, "percent_covered": 0.0, "percent_covered_display": "0", "missing_lines": 12, "excluded_lines": 0, "percent_statements_covered": 0.0, "percent_statements_covered_display": "0"}, "missing_lines": [360, 361, 363, 364, 365, 366, 367, 369, 370, 371, 372, 374], "excluded_lines": [], "start_line": 358}, "ImplementationExpander._parse_response": {"executed_lines": [], "summary": {"covered_lines": 0, "num_statements": 4, "percent_covered": 0.0, "percent_covered_display": "0", "missing_lines": 4, "excluded_lines": 0, "percent_statements_covered": 0.0, "percent_statements_covered_display": "0"}, "missing_lines": [394, 397, 399, 401], "excluded_lines": [], "start_line": 380}, "": {"executed_lines": [6, 8, 9, 10, 12, 14, 15, 16, 17, 18, 20, 23, 29, 30, 33, 34, 35, 39, 46, 74, 95, 185, 202, 243, 260, 273, 290, 358, 380], "summary": {"covered_lines": 29, "num_statements": 29, "percent_covered": 100.0, "percent_covered_display": "100", "missing_lines": 0, "excluded_lines": 0, "percent_statements_covered": 100.0, "percent_statements_covered_display": "100"}, "missing_lines": [], "excluded_lines": [], "start_line": 1}}, "classes": {"ImplementationResult": {"executed_lines": [], "summary": {"covered_lines": 0, "num_statements": 0, "percent_covered": 100.0, "percent_covered_display": "100", "missing_lines": 0, "excluded_lines": 0, "percent_statements_covered": 100.0, "percent_statements_covered_display": "100"}, "missing_lines": [], "excluded_lines": [], "start_line": 23}, "ImplementationExpander": {"executed_lines": [], "summary": {"covered_lines": 0, "num_statements": 130, "percent_covered": 0.0, "percent_covered_display": "0", "missing_lines": 130, "excluded_lines": 0, "percent_statements_covered": 0.0, "percent_statements_covered_display": "0"}, "missing_lines": [85, 86, 87, 88, 91, 93, 113, 116, 124, 130, 133, 134, 135, 138, 141, 142, 145, 149, 151, 157, 160, 162, 164, 171, 172, 173, 187, 189, 192, 195, 196, 199, 200, 211, 213, 214, 215, 218, 219, 220, 221, 222, 225, 227, 228, 231, 234, 244, 245, 246, 248, 251, 252, 253, 258, 262, 263, 264, 265, 266, 271, 275, 277, 278, 279, 280, 281, 282, 283, 284, 285, 286, 288, 297, 298, 300, 303, 304, 305, 306, 307, 308, 309, 312, 313, 314, 315, 316, 317, 320, 321, 322, 323, 325, 330, 333, 334, 335, 336, 337, 338, 339, 340, 341, 342, 343, 344, 345, 348, 349, 350, 351, 352, 356, 360, 361, 363, 364, 365, 366, 367, 369, 370, 371, 372, 374, 394, 397, 399, 401], "excluded_lines": [], "start_line": 46}, "": {"executed_lines": [6, 8, 9, 10, 12, 14, 15, 16, 17, 18, 20, 23, 29, 30, 33, 34, 35, 39, 46, 74, 95, 185, 202, 243, 260, 273, 290, 358, 380], "summary": {"covered_lines": 29, "num_statements": 29, "percent_covered": 100.0, "percent_covered_display": "100", "missing_lines": 0, "excluded_lines": 0, "percent_statements_covered": 100.0, "percent_statements_covered_display": "100"}, "missing_lines": [], "excluded_lines": [], "start_line": 1}}}, "packages/blinkb0t/core/agents/moving_heads/judge_critic.py": {"executed_lines": [6, 8, 9, 10, 12, 14, 15, 20, 21, 23, 31, 34, 35, 36, 37, 38, 41, 44, 47, 48, 49, 50, 51, 54, 59, 62, 63, 64, 65, 73, 79, 80, 81, 84, 85, 87, 94, 125, 132, 133, 134, 137, 140, 142, 144, 160, 163, 167, 173, 176, 177, 180, 184, 187, 188, 190, 197, 198, 199, 201, 202, 203, 206, 209, 212, 213, 214, 216, 221, 229, 230, 231, 252, 254, 256, 259, 262, 263, 266, 267, 268, 270, 286, 288, 289, 292, 293, 294, 295, 296, 298, 301, 304, 323, 325, 326, 327, 328, 333, 335, 337, 338, 339, 340, 345, 351, 365, 368, 370, 375, 377, 397, 402, 403, 405, 406, 408, 409, 410, 411, 412, 413, 414, 415, 421], "summary": {"covered_lines": 125, "num_statements": 131, "percent_covered": 95.41984732824427, "percent_covered_display": "95", "missing_lines": 6, "excluded_lines": 0, "percent_statements_covered": 95.41984732824427, "percent_statements_covered_display": "95"}, "missing_lines": [238, 239, 240, 417, 418, 419], "excluded_lines": [], "functions": {"JudgeCritic.__init__": {"executed_lines": [132, 133, 134, 137, 140, 142], "summary": {"covered_lines": 6, "num_statements": 6, "percent_covered": 100.0, "percent_covered_display": "100", "missing_lines": 0, "excluded_lines": 0, "percent_statements_covered": 100.0, "percent_statements_covered_display": "100"}, "missing_lines": [], "excluded_lines": [], "start_line": 125}, "JudgeCritic.evaluate": {"executed_lines": [160, 163, 167, 173, 176, 177, 180, 184, 187, 188, 190, 197, 198, 199, 201, 202, 203, 206, 209, 212, 213, 214, 216, 221, 229, 230, 231], "summary": {"covered_lines": 27, "num_statements": 30, "percent_covered": 90.0, "percent_covered_display": "90", "missing_lines": 3, "excluded_lines": 0, "percent_statements_covered": 90.0, "percent_statements_covered_display": "90"}, "missing_lines": [238, 239, 240], "excluded_lines": [], "start_line": 144}, "JudgeCritic._get_system_prompt": {"executed_lines": [254, 256, 259, 262, 263, 266, 267, 268], "summary": {"covered_lines": 8, "num_statements": 8, "percent_covered": 100.0, "percent_covered_display": "100", "missing_lines": 0, "excluded_lines": 0, "percent_statements_covered": 100.0, "percent_statements_covered_display": "100"}, "missing_lines": [], "excluded_lines": [], "start_line": 252}, "JudgeCritic._build_prompt": {"executed_lines": [286, 288, 289, 292, 293, 294, 295, 296, 298, 301, 304], "summary": {"covered_lines": 11, "num_statements": 11, "percent_covered": 100.0, "percent_covered_display": "100", "missing_lines": 0, "excluded_lines": 0, "percent_statements_covered": 100.0, "percent_statements_covered_display": "100"}, "missing_lines": [], "excluded_lines": [], "start_line": 270}, "JudgeCritic._format_plan_sections": {"executed_lines": [325, 326, 327, 328, 333], "summary": {"covered_lines": 5, "num_statements": 5, "percent_covered": 100.0, "percent_covered_display": "100", "missing_lines": 0, "excluded_lines": 0, "percent_statements_covered": 100.0, "percent_statements_covered_display": "100"}, "missing_lines": [], "excluded_lines": [], "start_line": 323}, "JudgeCritic._format_implementation_sections": {"executed_lines": [337, 338, 339, 340, 345], "summary": {"covered_lines": 5, "num_statements": 5, "percent_covered": 100.0, "percent_covered_display": "100", "missing_lines": 0, "excluded_lines": 0, "percent_statements_covered": 100.0, "percent_statements_covered_display": "100"}, "missing_lines": [], "excluded_lines": [], "start_line": 335}, "JudgeCritic._parse_evaluation": {"executed_lines": [365, 368, 370, 375], "summary": {"covered_lines": 4, "num_statements": 4, "percent_covered": 100.0, "percent_covered_display": "100", "missing_lines": 0, "excluded_lines": 0, "percent_statements_covered": 100.0, "percent_statements_covered_display": "100"}, "missing_lines": [], "excluded_lines": [], "start_line": 351}, "JudgeCritic._analyze_failure": {"executed_lines": [397, 402, 403, 405, 406, 408, 409, 410, 411, 412, 413, 414, 415, 421], "summary": {"covered_lines": 14, "num_statements": 17, "percent_covered": 82.3529411764706, "percent_covered_display": "82", "missing_lines": 3, "excluded_lines": 0, "percent_statements_covered": 82.3529411764706, "percent_statements_covered_display": "82"}, "missing_lines": [417, 418, 419], "excluded_lines": [], "start_line": 377}, "": {"executed_lines": [6, 8, 9, 10, 12, 14, 15, 20, 21, 23, 31, 34, 35, 36, 37, 38, 41, 44, 47, 48, 49, 50, 51, 54, 59, 62, 63, 64, 65, 73, 79, 80, 81, 84, 85, 87, 94, 125, 144, 252, 270, 323, 335, 351, 377], "summary": {"covered_lines": 45, "num_statements": 45, "percent_covered": 100.0, "percent_covered_display": "100", "missing_lines": 0, "excluded_lines": 0, "percent_statements_covered": 100.0, "percent_statements_covered_display": "100"}, "missing_lines": [], "excluded_lines": [], "start_line": 1}}, "classes": {"CategoryScore": {"executed_lines": [], "summary": {"covered_lines": 0, "num_statements": 0, "percent_covered": 100.0, "percent_covered_display": "100", "missing_lines": 0, "excluded_lines": 0, "percent_statements_covered": 100.0, "percent_statements_covered_display": "100"}, "missing_lines": [], "excluded_lines": [], "start_line": 31}, "Evaluation": {"executed_lines": [], "summary": {"covered_lines": 0, "num_statements": 0, "percent_covered": 100.0, "percent_covered_display": "100", "missing_lines": 0, "excluded_lines": 0, "percent_statements_covered": 100.0, "percent_statements_covered_display": "100"}, "missing_lines": [], "excluded_lines": [], "start_line": 41}, "FailureAnalysis": {"executed_lines": [], "summary": {"covered_lines": 0, "num_statements": 0, "percent_covered": 100.0, "percent_covered_display": "100", "missing_lines": 0, "excluded_lines": 0, "percent_statements_covered": 100.0, "percent_statements_covered_display": "100"}, "missing_lines": [], "excluded_lines": [], "start_line": 59}, "EvaluationResult": {"executed_lines": [], "summary": {"covered_lines": 0, "num_statements": 0, "percent_covered": 100.0, "percent_covered_display": "100", "missing_lines": 0, "excluded_lines": 0, "percent_statements_covered": 100.0, "percent_statements_covered_display": "100"}, "missing_lines": [], "excluded_lines": [], "start_line": 73}, "JudgeCritic": {"executed_lines": [132, 133, 134, 137, 140, 142, 160, 163, 167, 173, 176, 177, 180, 184, 187, 188, 190, 197, 198, 199, 201, 202, 203, 206, 209, 212, 213, 214, 216, 221, 229, 230, 231, 254, 256, 259, 262, 263, 266, 267, 268, 286, 288, 289, 292, 293, 294, 295, 296, 298, 301, 304, 325, 326, 327, 328, 333, 337, 338, 339, 340, 345, 365, 368, 370, 375, 397, 402, 403, 405, 406, 408, 409, 410, 411, 412, 413, 414, 415, 421], "summary": {"covered_lines": 80, "num_statements": 86, "percent_covered": 93.02325581395348, "percent_covered_display": "93", "missing_lines": 6, "excluded_lines": 0, "percent_statements_covered": 93.02325581395348, "percent_statements_covered_display": "93"}, "missing_lines": [238, 239, 240, 417, 418, 419], "excluded_lines": [], "start_line": 94}, "": {"executed_lines": [6, 8, 9, 10, 12, 14, 15, 20, 21, 23, 31, 34, 35, 36, 37, 38, 41, 44, 47, 48, 49, 50, 51, 54, 59, 62, 63, 64, 65, 73, 79, 80, 81, 84, 85, 87, 94, 125, 144, 252, 270, 323, 335, 351, 377], "summary": {"covered_lines": 45, "num_statements": 45, "percent_covered": 100.0, "percent_covered_display": "100", "missing_lines": 0, "excluded_lines": 0, "percent_statements_covered": 100.0, "percent_statements_covered_display": "100"}, "missing_lines": [], "excluded_lines": [], "start_line": 1}}}, "packages/blinkb0t/core/agents/moving_heads/models_agent_plan.py": {"executed_lines": [7, 9, 11, 14, 24, 26, 27, 28, 29, 32, 36, 40, 44, 48, 51, 57, 60, 62, 63, 64, 65, 70, 79, 81, 82, 85, 92, 94, 95, 98, 99, 100, 101, 102, 103, 104, 107, 116, 117, 118, 120, 121, 122, 123, 128, 131, 138, 140, 141, 142, 143, 146, 150, 156, 163, 165, 166, 168, 169, 171, 172, 174, 175], "summary": {"covered_lines": 63, "num_statements": 64, "percent_covered": 98.4375, "percent_covered_display": "98", "missing_lines": 1, "excluded_lines": 0, "percent_statements_covered": 98.4375, "percent_statements_covered_display": "98"}, "missing_lines": [124], "excluded_lines": [], "functions": {"ImplementationSection.validate_intensity_param": {"executed_lines": [120, 121, 122, 123, 128], "summary": {"covered_lines": 5, "num_statements": 6, "percent_covered": 83.33333333333333, "percent_covered_display": "83", "missing_lines": 1, "excluded_lines": 0, "percent_statements_covered": 83.33333333333333, "percent_statements_covered_display": "83"}, "missing_lines": [124], "excluded_lines": [], "start_line": 118}, "": {"executed_lines": [7, 9, 11, 14, 24, 26, 27, 28, 29, 32, 36, 40, 44, 48, 51, 57, 60, 62, 63, 64, 65, 70, 79, 81, 82, 85, 92, 94, 95, 98, 99, 100, 101, 102, 103, 104, 107, 116, 117, 118, 131, 138, 140, 141, 142, 143, 146, 150, 156, 163, 165, 166, 168, 169, 171, 172, 174, 175], "summary": {"covered_lines": 58, "num_statements": 58, "percent_covered": 100.0, "percent_covered_display": "100", "missing_lines": 0, "excluded_lines": 0, "percent_statements_covered": 100.0, "percent_statements_covered_display": "100"}, "missing_lines": [], "excluded_lines": [], "start_line": 1}}, "classes": {"SectionPlan": {"executed_lines": [], "summary": {"covered_lines": 0, "num_statements": 0, "percent_covered": 100.0, "percent_covered_display": "100", "missing_lines": 0, "excluded_lines": 0, "percent_statements_covered": 100.0, "percent_statements_covered_display": "100"}, "missing_lines": [], "excluded_lines": [], "start_line": 14}, "AgentPlan": {"executed_lines": [], "summary": {"covered_lines": 0, "num_statements": 0, "percent_covered": 100.0, "percent_covered_display": "100", "missing_lines": 0, "excluded_lines": 0, "percent_statements_covered": 100.0, "percent_statements_covered_display": "100"}, "missing_lines": [], "excluded_lines": [], "start_line": 57}, "TransitionSpec": {"executed_lines": [], "summary": {"covered_lines": 0, "num_statements": 0, "percent_covered": 100.0, "percent_covered_display": "100", "missing_lines": 0, "excluded_lines": 0, "percent_statements_covered": 100.0, "percent_statements_covered_display": "100"}, "missing_lines": [], "excluded_lines": [], "start_line": 70}, "ImplementationSection": {"executed_lines": [120, 121, 122, 123, 128], "summary": {"covered_lines": 5, "num_statements": 6, "percent_covered": 83.33333333333333, "percent_covered_display": "83", "missing_lines": 1, "excluded_lines": 0, "percent_statements_covered": 83.33333333333333, "percent_statements_covered_display": "83"}, "missing_lines": [124], "excluded_lines": [], "start_line": 85}, "AgentImplementation": {"executed_lines": [], "summary": {"covered_lines": 0, "num_statements": 0, "percent_covered": 100.0, "percent_covered_display": "100", "missing_lines": 0, "excluded_lines": 0, "percent_statements_covered": 100.0, "percent_statements_covered_display": "100"}, "missing_lines": [], "excluded_lines": [], "start_line": 131}, "ChannelScoring": {"executed_lines": [], "summary": {"covered_lines": 0, "num_statements": 0, "percent_covered": 100.0, "percent_covered_display": "100", "missing_lines": 0, "excluded_lines": 0, "percent_statements_covered": 100.0, "percent_statements_covered_display": "100"}, "missing_lines": [], "excluded_lines": [], "start_line": 156}, "": {"executed_lines": [7, 9, 11, 14, 24, 26, 27, 28, 29, 32, 36, 40, 44, 48, 51, 57, 60, 62, 63, 64, 65, 70, 79, 81, 82, 85, 92, 94, 95, 98, 99, 100, 101, 102, 103, 104, 107, 116, 117, 118, 131, 138, 140, 141, 142, 143, 146, 150, 156, 163, 165, 166, 168, 169, 171, 172, 174, 175], "summary": {"covered_lines": 58, "num_statements": 58, "percent_covered": 100.0, "percent_covered_display": "100", "missing_lines": 0, "excluded_lines": 0, "percent_statements_covered": 100.0, "percent_statements_covered_display": "100"}, "missing_lines": [], "excluded_lines": [], "start_line": 1}}}, "packages/blinkb0t/core/agents/moving_heads/orchestrator.py": {"executed_lines": [7, 9, 10, 11, 12, 14, 16, 17, 18, 19, 20, 21, 22, 23, 24, 25, 26, 27, 28, 29, 31, 34, 37, 38, 39, 42, 52, 53, 54, 57, 58, 59, 60, 61, 62, 64, 71, 88, 94, 95, 96, 99, 102, 103, 112, 115, 118, 120, 121, 124, 127, 137, 141, 143, 144, 147, 149, 155, 165, 167, 168, 169, 171, 173, 174, 175, 178, 182, 421, 422, 423, 425, 441, 450, 451, 453, 455, 481], "summary": {"covered_lines": 78, "num_statements": 189, "percent_covered": 41.26984126984127, "percent_covered_display": "41", "missing_lines": 111, "excluded_lines": 0, "percent_statements_covered": 41.26984126984127, "percent_statements_covered_display": "41"}, "missing_lines": [104, 105, 108, 110, 134, 183, 184, 187, 188, 189, 190, 193, 194, 200, 206, 210, 218, 219, 222, 227, 228, 229, 230, 233, 234, 235, 236, 237, 239, 241, 244, 245, 248, 251, 254, 256, 259, 260, 261, 264, 267, 270, 271, 274, 279, 280, 283, 284, 285, 286, 289, 306, 309, 314, 315, 316, 317, 318, 321, 322, 328, 329, 341, 354, 357, 358, 359, 362, 371, 373, 376, 377, 379, 380, 383, 384, 386, 387, 389, 392, 394, 396, 408, 410, 452, 464, 467, 469, 470, 471, 473, 476, 477, 478, 479, 493, 496, 497, 498, 499, 501, 502, 503, 509, 510, 511, 513, 519, 530, 531, 532], "excluded_lines": [], "functions": {"AgentOrchestrator.__init__": {"executed_lines": [94, 95, 96, 99, 102, 103, 112, 115, 118, 120, 121, 124, 127, 137, 141, 143, 144, 147, 149], "summary": {"covered_lines": 19, "num_statements": 24, "percent_covered": 79.16666666666667, "percent_covered_display": "79", "missing_lines": 5, "excluded_lines": 0, "percent_statements_covered": 79.16666666666667, "percent_statements_covered_display": "79"}, "missing_lines": [104, 105, 108, 110, 134], "excluded_lines": [], "start_line": 88}, "AgentOrchestrator.run": {"executed_lines": [165, 167, 168, 169, 171, 173, 174, 175, 178, 182, 421, 422, 423, 425], "summary": {"covered_lines": 14, "num_statements": 93, "percent_covered": 15.053763440860216, "percent_covered_display": "15", "missing_lines": 79, "excluded_lines": 0, "percent_statements_covered": 15.053763440860216, "percent_statements_covered_display": "15"}, "missing_lines": [183, 184, 187, 188, 189, 190, 193, 194, 200, 206, 210, 218, 219, 222, 227, 228, 229, 230, 233, 234, 235, 236, 237, 239, 241, 244, 245, 248, 251, 254, 256, 259, 260, 261, 264, 267, 270, 271, 274, 279, 280, 283, 284, 285, 286, 289, 306, 309, 314, 315, 316, 317, 318, 321, 322, 328, 329, 341, 354, 357, 358, 359, 362, 371, 373, 376, 377, 379, 380, 383, 384, 386, 387, 389, 392, 394, 396, 408, 410], "excluded_lines": [], "start_line": 155}, "AgentOrchestrator._analyze_audio": {"executed_lines": [450, 451, 453], "summary": {"covered_lines": 3, "num_statements": 4, "percent_covered": 75.0, "percent_covered_display": "75", "missing_lines": 1, "excluded_lines": 0, "percent_statements_covered": 75.0, "percent_statements_covered_display": "75"}, "missing_lines": [452], "excluded_lines": [], "start_line": 441}, "AgentOrchestrator._analyze_sequence": {"executed_lines": [], "summary": {"covered_lines": 0, "num_statements": 10, "percent_covered": 0.0, "percent_covered_display": "0", "missing_lines": 10, "excluded_lines": 0, "percent_statements_covered": 0.0, "percent_statements_covered_display": "0"}, "missing_lines": [464, 467, 469, 470, 471, 473, 476, 477, 478, 479], "excluded_lines": [], "start_line": 455}, "AgentOrchestrator._try_load_checkpoint": {"executed_lines": [], "summary": {"covered_lines": 0, "num_statements": 16, "percent_covered": 0.0, "percent_covered_display": "0", "missing_lines": 16, "excluded_lines": 0, "percent_statements_covered": 0.0, "percent_statements_covered_display": "0"}, "missing_lines": [493, 496, 497, 498, 499, 501, 502, 503, 509, 510, 511, 513, 519, 530, 531, 532], "excluded_lines": [], "start_line": 481}, "": {"executed_lines": [7, 9, 10, 11, 12, 14, 16, 17, 18, 19, 20, 21, 22, 23, 24, 25, 26, 27, 28, 29, 31, 34, 37, 38, 39, 42, 52, 53, 54, 57, 58, 59, 60, 61, 62, 64, 71, 88, 155, 441, 455, 481], "summary": {"covered_lines": 42, "num_statements": 42, "percent_covered": 100.0, "percent_covered_display": "100", "missing_lines": 0, "excluded_lines": 0, "percent_statements_covered": 100.0, "percent_statements_covered_display": "100"}, "missing_lines": [], "excluded_lines": [], "start_line": 1}}, "classes": {"OrchestratorStatus": {"executed_lines": [], "summary": {"covered_lines": 0, "num_statements": 0, "percent_covered": 100.0, "percent_covered_display": "100", "missing_lines": 0, "excluded_lines": 0, "percent_statements_covered": 100.0, "percent_statements_covered_display": "100"}, "missing_lines": [], "excluded_lines": [], "start_line": 34}, "OrchestratorResult": {"executed_lines": [], "summary": {"covered_lines": 0, "num_statements": 0, "percent_covered": 100.0, "percent_covered_display": "100", "missing_lines": 0, "excluded_lines": 0, "percent_statements_covered": 100.0, "percent_statements_covered_display": "100"}, "missing_lines": [], "excluded_lines": [], "start_line": 42}, "AgentOrchestrator": {"executed_lines": [94, 95, 96, 99, 102, 103, 112, 115, 118, 120, 121, 124, 127, 137, 141, 143, 144, 147, 149, 165, 167, 168, 169, 171, 173, 174, 175, 178, 182, 421, 422, 423, 425, 450, 451, 453], "summary": {"covered_lines": 36, "num_statements": 147, "percent_covered": 24.489795918367346, "percent_covered_display": "24", "missing_lines": 111, "excluded_lines": 0, "percent_statements_covered": 24.489795918367346, "percent_statements_covered_display": "24"}, "missing_lines": [104, 105, 108, 110, 134, 183, 184, 187, 188, 189, 190, 193, 194, 200, 206, 210, 218, 219, 222, 227, 228, 229, 230, 233, 234, 235, 236, 237, 239, 241, 244, 245, 248, 251, 254, 256, 259, 260, 261, 264, 267, 270, 271, 274, 279, 280, 283, 284, 285, 286, 289, 306, 309, 314, 315, 316, 317, 318, 321, 322, 328, 329, 341, 354, 357, 358, 359, 362, 371, 373, 376, 377, 379, 380, 383, 384, 386, 387, 389, 392, 394, 396, 408, 410, 452, 464, 467, 469, 470, 471, 473, 476, 477, 478, 479, 493, 496, 497, 498, 499, 501, 502, 503, 509, 510, 511, 513, 519, 530, 531, 532], "excluded_lines": [], "start_line": 71}, "": {"executed_lines": [7, 9, 10, 11, 12, 14, 16, 17, 18, 19, 20, 21, 22, 23, 24, 25, 26, 27, 28, 29, 31, 34, 37, 38, 39, 42, 52, 53, 54, 57, 58, 59, 60, 61, 62, 64, 71, 88, 155, 441, 455, 481], "summary": {"covered_lines": 42, "num_statements": 42, "percent_covered": 100.0, "percent_covered_display": "100", "missing_lines": 0, "excluded_lines": 0, "percent_statements_covered": 100.0, "percent_statements_covered_display": "100"}, "missing_lines": [], "excluded_lines": [], "start_line": 1}}}, "packages/blinkb0t/core/agents/moving_heads/plan_generator.py": {"executed_lines": [6, 8, 9, 10, 11, 13, 15, 16, 17, 18, 19, 21, 24, 33, 34, 35, 36, 37, 38, 42, 49, 52, 55, 81, 88, 89, 90, 91, 94, 97, 99, 101, 117, 120, 126, 132, 133, 134, 135, 136, 137, 138, 139, 140, 143, 151, 157, 159, 160, 163, 164, 167, 168, 170, 174, 176, 177, 178, 180, 187, 188, 189, 191, 192, 193, 194, 197, 199, 204, 213, 214, 216, 217, 227, 229, 230, 231, 254, 257, 260, 263, 264, 267, 268, 270, 279, 281, 282, 283, 286, 287, 288, 289, 290, 293, 294, 295, 296, 297, 298, 301, 304, 321, 323, 324, 326, 327, 328, 330, 331, 332, 334, 335, 336, 337, 339, 340, 342, 344, 346, 347, 350, 351, 352, 353, 354, 355, 357, 358, 359, 360, 361, 362, 363, 364, 365, 366, 367, 369, 371, 373, 374, 376, 379, 380, 381, 382, 386, 391, 392, 393, 394, 398, 403, 404, 405, 406, 413, 415, 417, 418, 420, 421, 423, 424, 425, 430, 431, 432, 433, 435, 437, 439, 453, 459, 473, 476, 478, 484], "summary": {"covered_lines": 179, "num_statements": 183, "percent_covered": 97.81420765027322, "percent_covered_display": "98", "missing_lines": 4, "excluded_lines": 0, "percent_statements_covered": 97.81420765027322, "percent_statements_covered_display": "98"}, "missing_lines": [241, 388, 400, 411], "excluded_lines": [], "functions": {"PlanGenerator.__init__": {"executed_lines": [88, 89, 90, 91, 94, 97, 99], "summary": {"covered_lines": 7, "num_statements": 7, "percent_covered": 100.0, "percent_covered_display": "100", "missing_lines": 0, "excluded_lines": 0, "percent_statements_covered": 100.0, "percent_statements_covered_display": "100"}, "missing_lines": [], "excluded_lines": [], "start_line": 81}, "PlanGenerator.generate_plan": {"executed_lines": [117, 120, 126, 132, 133, 134, 135, 136, 137, 138, 139, 140, 143, 151, 157, 159, 160, 163, 164, 167, 168, 170, 174, 176, 177, 178, 180, 187, 188, 189, 191, 192, 193, 194, 197, 199, 204, 213, 214, 216, 217, 227, 229, 230, 231], "summary": {"covered_lines": 45, "num_statements": 46, "percent_covered": 97.82608695652173, "percent_covered_display": "98", "missing_lines": 1, "excluded_lines": 0, "percent_statements_covered": 97.82608695652173, "percent_statements_covered_display": "98"}, "missing_lines": [241], "excluded_lines": [], "start_line": 101}, "PlanGenerator._load_system_prompt": {"executed_lines": [257, 260, 263, 264, 267, 268], "summary": {"covered_lines": 6, "num_statements": 6, "percent_covered": 100.0, "percent_covered_display": "100", "missing_lines": 0, "excluded_lines": 0, "percent_statements_covered": 100.0, "percent_statements_covered_display": "100"}, "missing_lines": [], "excluded_lines": [], "start_line": 254}, "PlanGenerator._build_prompt": {"executed_lines": [279, 281, 282, 283, 286, 287, 288, 289, 290, 293, 294, 295, 296, 297, 298, 301, 304], "summary": {"covered_lines": 17, "num_statements": 17, "percent_covered": 100.0, "percent_covered_display": "100", "missing_lines": 0, "excluded_lines": 0, "percent_statements_covered": 100.0, "percent_statements_covered_display": "100"}, "missing_lines": [], "excluded_lines": [], "start_line": 270}, "PlanGenerator._format_energy_summary": {"executed_lines": [323, 324, 326, 327, 328, 330, 331, 332, 334, 335, 336, 337, 339, 340, 342], "summary": {"covered_lines": 15, "num_statements": 15, "percent_covered": 100.0, "percent_covered_display": "100", "missing_lines": 0, "excluded_lines": 0, "percent_statements_covered": 100.0, "percent_statements_covered_display": "100"}, "missing_lines": [], "excluded_lines": [], "start_line": 321}, "PlanGenerator._format_template_library": {"executed_lines": [346, 347, 350, 351, 352, 353, 354, 355, 357, 358, 359, 360, 361, 362, 363, 364, 365, 366, 367, 369], "summary": {"covered_lines": 20, "num_statements": 20, "percent_covered": 100.0, "percent_covered_display": "100", "missing_lines": 0, "excluded_lines": 0, "percent_statements_covered": 100.0, "percent_statements_covered_display": "100"}, "missing_lines": [], "excluded_lines": [], "start_line": 344}, "PlanGenerator._format_channel_libraries": {"executed_lines": [373, 374, 376, 379, 380, 381, 382, 386, 391, 392, 393, 394, 398, 403, 404, 405, 406, 413], "summary": {"covered_lines": 18, "num_statements": 21, "percent_covered": 85.71428571428571, "percent_covered_display": "86", "missing_lines": 3, "excluded_lines": 0, "percent_statements_covered": 85.71428571428571, "percent_statements_covered_display": "86"}, "missing_lines": [388, 400, 411], "excluded_lines": [], "start_line": 371}, "PlanGenerator._format_fingerprint_summary": {"executed_lines": [417, 418, 420, 421, 423, 424, 425, 430, 431, 432, 433, 435], "summary": {"covered_lines": 12, "num_statements": 12, "percent_covered": 100.0, "percent_covered_display": "100", "missing_lines": 0, "excluded_lines": 0, "percent_statements_covered": 100.0, "percent_statements_covered_display": "100"}, "missing_lines": [], "excluded_lines": [], "start_line": 415}, "PlanGenerator._add_retry_context": {"executed_lines": [439, 453], "summary": {"covered_lines": 2, "num_statements": 2, "percent_covered": 100.0, "percent_covered_display": "100", "missing_lines": 0, "excluded_lines": 0, "percent_statements_covered": 100.0, "percent_statements_covered_display": "100"}, "missing_lines": [], "excluded_lines": [], "start_line": 437}, "PlanGenerator._parse_response": {"executed_lines": [473, 476, 478, 484], "summary": {"covered_lines": 4, "num_statements": 4, "percent_covered": 100.0, "percent_covered_display": "100", "missing_lines": 0, "excluded_lines": 0, "percent_statements_covered": 100.0, "percent_statements_covered_display": "100"}, "missing_lines": [], "excluded_lines": [], "start_line": 459}, "": {"executed_lines": [6, 8, 9, 10, 11, 13, 15, 16, 17, 18, 19, 21, 24, 33, 34, 35, 36, 37, 38, 42, 49, 52, 55, 81, 101, 254, 270, 321, 344, 371, 415, 437, 459], "summary": {"covered_lines": 33, "num_statements": 33, "percent_covered": 100.0, "percent_covered_display": "100", "missing_lines": 0, "excluded_lines": 0, "percent_statements_covered": 100.0, "percent_statements_covered_display": "100"}, "missing_lines": [], "excluded_lines": [], "start_line": 1}}, "classes": {"PlanGenerationResult": {"executed_lines": [], "summary": {"covered_lines": 0, "num_statements": 0, "percent_covered": 100.0, "percent_covered_display": "100", "missing_lines": 0, "excluded_lines": 0, "percent_statements_covered": 100.0, "percent_statements_covered_display": "100"}, "missing_lines": [], "excluded_lines": [], "start_line": 24}, "PlanGenerationError": {"executed_lines": [], "summary": {"covered_lines": 0, "num_statements": 0, "percent_covered": 100.0, "percent_covered_display": "100", "missing_lines": 0, "excluded_lines": 0, "percent_statements_covered": 100.0, "percent_statements_covered_display": "100"}, "missing_lines": [], "excluded_lines": [], "start_line": 49}, "PlanGenerator": {"executed_lines": [88, 89, 90, 91, 94, 97, 99, 117, 120, 126, 132, 133, 134, 135, 136, 137, 138, 139, 140, 143, 151, 157, 159, 160, 163, 164, 167, 168, 170, 174, 176, 177, 178, 180, 187, 188, 189, 191, 192, 193, 194, 197, 199, 204, 213, 214, 216, 217, 227, 229, 230, 231, 257, 260, 263, 264, 267, 268, 279, 281, 282, 283, 286, 287, 288, 289, 290, 293, 294, 295, 296, 297, 298, 301, 304, 323, 324, 326, 327, 328, 330, 331, 332, 334, 335, 336, 337, 339, 340, 342, 346, 347, 350, 351, 352, 353, 354, 355, 357, 358, 359, 360, 361, 362, 363, 364, 365, 366, 367, 369, 373, 374, 376, 379, 380, 381, 382, 386, 391, 392, 393, 394, 398, 403, 404, 405, 406, 413, 417, 418, 420, 421, 423, 424, 425, 430, 431, 432, 433, 435, 439, 453, 473, 476, 478, 484], "summary": {"covered_lines": 146, "num_statements": 150, "percent_covered": 97.33333333333333, "percent_covered_display": "97", "missing_lines": 4, "excluded_lines": 0, "percent_statements_covered": 97.33333333333333, "percent_statements_covered_display": "97"}, "missing_lines": [241, 388, 400, 411], "excluded_lines": [], "start_line": 55}, "": {"executed_lines": [6, 8, 9, 10, 11, 13, 15, 16, 17, 18, 19, 21, 24, 33, 34, 35, 36, 37, 38, 42, 49, 52, 55, 81, 101, 254, 270, 321, 344, 371, 415, 437, 459], "summary": {"covered_lines": 33, "num_statements": 33, "percent_covered": 100.0, "percent_covered_display": "100", "missing_lines": 0, "excluded_lines": 0, "percent_statements_covered": 100.0, "percent_statements_covered_display": "100"}, "missing_lines": [], "excluded_lines": [], "start_line": 1}}}, "packages/blinkb0t/core/agents/moving_heads/refinement_agent.py": {"executed_lines": [6, 8, 9, 10, 11, 13, 15, 16, 19, 20, 21, 22, 23, 25, 28, 31, 32, 33, 36, 43, 44, 45, 48, 51, 52, 54, 60, 96, 111, 112, 113, 114, 115, 118, 120, 122, 151, 165, 171, 172, 173, 174, 176, 179, 180, 189, 190, 202, 217, 232, 235, 238, 247, 248, 251, 253, 255, 265, 266, 272, 274, 277, 278, 285, 286, 287, 289, 290, 291, 294, 296, 298, 307, 308, 309, 322, 337, 340, 345, 354, 355, 356, 361, 365, 378, 379, 386, 389, 392, 393, 400, 401, 402, 404, 405, 408, 410, 415, 424, 425, 426, 439, 443, 459, 461, 462, 463, 464, 465, 467, 469, 483, 485, 499, 501, 515, 517, 519, 521, 522, 525, 528, 529, 532, 533, 536, 547, 549, 551, 553, 554, 557, 560, 561, 564, 567, 570, 580, 583, 585, 586, 587, 588, 589, 591, 592, 593, 595, 597, 612, 619, 620, 622, 623, 624, 625, 626, 628, 629, 632, 633, 634, 639, 640, 645], "summary": {"covered_lines": 165, "num_statements": 178, "percent_covered": 92.69662921348315, "percent_covered_display": "93", "missing_lines": 13, "excluded_lines": 0, "percent_statements_covered": 92.69662921348315, "percent_statements_covered_display": "93"}, "missing_lines": [152, 155, 156, 257, 258, 261, 262, 367, 368, 374, 375, 636, 637], "excluded_lines": [], "functions": {"RefinementAgent.__init__": {"executed_lines": [111, 112, 113, 114, 115, 118, 120], "summary": {"covered_lines": 7, "num_statements": 7, "percent_covered": 100.0, "percent_covered_display": "100", "missing_lines": 0, "excluded_lines": 0, "percent_statements_covered": 100.0, "percent_statements_covered_display": "100"}, "missing_lines": [], "excluded_lines": [], "start_line": 96}, "RefinementAgent.refine": {"executed_lines": [151, 165, 171, 172, 173, 174, 176, 179, 180, 189, 190, 202], "summary": {"covered_lines": 12, "num_statements": 15, "percent_covered": 80.0, "percent_covered_display": "80", "missing_lines": 3, "excluded_lines": 0, "percent_statements_covered": 80.0, "percent_statements_covered_display": "80"}, "missing_lines": [152, 155, 156], "excluded_lines": [], "start_line": 122}, "RefinementAgent._replan": {"executed_lines": [232, 235, 238, 247, 248, 251, 253, 255, 265, 266, 272, 274, 277, 278, 285, 286, 287, 289, 290, 291, 294, 296, 298, 307, 308, 309], "summary": {"covered_lines": 26, "num_statements": 30, "percent_covered": 86.66666666666667, "percent_covered_display": "87", "missing_lines": 4, "excluded_lines": 0, "percent_statements_covered": 86.66666666666667, "percent_statements_covered_display": "87"}, "missing_lines": [257, 258, 261, 262], "excluded_lines": [], "start_line": 217}, "RefinementAgent._refine_implementation": {"executed_lines": [337, 340, 345, 354, 355, 356, 361, 365, 378, 379, 386, 389, 392, 393, 400, 401, 402, 404, 405, 408, 410, 415, 424, 425, 426], "summary": {"covered_lines": 25, "num_statements": 29, "percent_covered": 86.20689655172414, "percent_covered_display": "86", "missing_lines": 4, "excluded_lines": 0, "percent_statements_covered": 86.20689655172414, "percent_statements_covered_display": "86"}, "missing_lines": [367, 368, 374, 375], "excluded_lines": [], "start_line": 322}, "RefinementAgent._build_feedback_context": {"executed_lines": [443], "summary": {"covered_lines": 1, "num_statements": 1, "percent_covered": 100.0, "percent_covered_display": "100", "missing_lines": 0, "excluded_lines": 0, "percent_statements_covered": 100.0, "percent_statements_covered_display": "100"}, "missing_lines": [], "excluded_lines": [], "start_line": 439}, "RefinementAgent._extract_issues": {"executed_lines": [461, 462, 463, 464, 465], "summary": {"covered_lines": 5, "num_statements": 5, "percent_covered": 100.0, "percent_covered_display": "100", "missing_lines": 0, "excluded_lines": 0, "percent_statements_covered": 100.0, "percent_statements_covered_display": "100"}, "missing_lines": [], "excluded_lines": [], "start_line": 459}, "RefinementAgent._summarize_implementation": {"executed_lines": [469], "summary": {"covered_lines": 1, "num_statements": 1, "percent_covered": 100.0, "percent_covered_display": "100", "missing_lines": 0, "excluded_lines": 0, "percent_statements_covered": 100.0, "percent_statements_covered_display": "100"}, "missing_lines": [], "excluded_lines": [], "start_line": 467}, "RefinementAgent._get_replan_system_prompt": {"executed_lines": [485], "summary": {"covered_lines": 1, "num_statements": 1, "percent_covered": 100.0, "percent_covered_display": "100", "missing_lines": 0, "excluded_lines": 0, "percent_statements_covered": 100.0, "percent_statements_covered_display": "100"}, "missing_lines": [], "excluded_lines": [], "start_line": 483}, "RefinementAgent._get_refine_impl_system_prompt": {"executed_lines": [501], "summary": {"covered_lines": 1, "num_statements": 1, "percent_covered": 100.0, "percent_covered_display": "100", "missing_lines": 0, "excluded_lines": 0, "percent_statements_covered": 100.0, "percent_statements_covered_display": "100"}, "missing_lines": [], "excluded_lines": [], "start_line": 499}, "RefinementAgent._build_replan_prompt": {"executed_lines": [517, 519, 521, 522, 525, 528, 529, 532, 533, 536], "summary": {"covered_lines": 10, "num_statements": 10, "percent_covered": 100.0, "percent_covered_display": "100", "missing_lines": 0, "excluded_lines": 0, "percent_statements_covered": 100.0, "percent_statements_covered_display": "100"}, "missing_lines": [], "excluded_lines": [], "start_line": 515}, "RefinementAgent._build_refine_impl_prompt": {"executed_lines": [549, 551, 553, 554, 557, 560, 561, 564, 567, 570], "summary": {"covered_lines": 10, "num_statements": 10, "percent_covered": 100.0, "percent_covered_display": "100", "missing_lines": 0, "excluded_lines": 0, "percent_statements_covered": 100.0, "percent_statements_covered_display": "100"}, "missing_lines": [], "excluded_lines": [], "start_line": 547}, "RefinementAgent._format_context_for_refinement": {"executed_lines": [583, 585, 586, 587, 588, 589, 591, 592, 593, 595], "summary": {"covered_lines": 10, "num_statements": 10, "percent_covered": 100.0, "percent_covered_display": "100", "missing_lines": 0, "excluded_lines": 0, "percent_statements_covered": 100.0, "percent_statements_covered_display": "100"}, "missing_lines": [], "excluded_lines": [], "start_line": 580}, "RefinementAgent._build_feedback_prompt": {"executed_lines": [612, 619, 620, 622, 623, 624, 625, 626, 628, 629, 632, 633, 634, 639, 640, 645], "summary": {"covered_lines": 16, "num_statements": 18, "percent_covered": 88.88888888888889, "percent_covered_display": "89", "missing_lines": 2, "excluded_lines": 0, "percent_statements_covered": 88.88888888888889, "percent_statements_covered_display": "89"}, "missing_lines": [636, 637], "excluded_lines": [], "start_line": 597}, "": {"executed_lines": [6, 8, 9, 10, 11, 13, 15, 16, 19, 20, 21, 22, 23, 25, 28, 31, 32, 33, 36, 43, 44, 45, 48, 51, 52, 54, 60, 96, 122, 217, 322, 439, 459, 467, 483, 499, 515, 547, 580, 597], "summary": {"covered_lines": 40, "num_statements": 40, "percent_covered": 100.0, "percent_covered_display": "100", "missing_lines": 0, "excluded_lines": 0, "percent_statements_covered": 100.0, "percent_statements_covered_display": "100"}, "missing_lines": [], "excluded_lines": [], "start_line": 1}}, "classes": {"RefineStrategy": {"executed_lines": [], "summary": {"covered_lines": 0, "num_statements": 0, "percent_covered": 100.0, "percent_covered_display"
[...]
ent_covered_display": "50", "missing_lines": 2, "excluded_lines": 0, "percent_statements_covered": 50.0, "percent_statements_covered_display": "50"}, "missing_lines": [88, 89], "excluded_lines": [], "start_line": 68}, "": {"executed_lines": [7, 9, 10, 12, 14, 17, 35, 68], "summary": {"covered_lines": 8, "num_statements": 8, "percent_covered": 100.0, "percent_covered_display": "100", "missing_lines": 0, "excluded_lines": 0, "percent_statements_covered": 100.0, "percent_statements_covered_display": "100"}, "missing_lines": [], "excluded_lines": [], "start_line": 1}}, "classes": {"XMLParser": {"executed_lines": [54, 57, 60, 61, 62, 63, 64, 65, 66, 86, 87], "summary": {"covered_lines": 11, "num_statements": 14, "percent_covered": 78.57142857142857, "percent_covered_display": "79", "missing_lines": 3, "excluded_lines": 0, "percent_statements_covered": 78.57142857142857, "percent_statements_covered_display": "79"}, "missing_lines": [58, 88, 89], "excluded_lines": [], "start_line": 17}, "": {"executed_lines": [7, 9, 10, 12, 14, 17, 35, 68], "summary": {"covered_lines": 8, "num_statements": 8, "percent_covered": 100.0, "percent_covered_display": "100", "missing_lines": 0, "excluded_lines": 0, "percent_statements_covered": 100.0, "percent_statements_covered_display": "100"}, "missing_lines": [], "excluded_lines": [], "start_line": 1}}}, "packages/blinkb0t/core/session.py": {"executed_lines": [], "summary": {"covered_lines": 0, "num_statements": 39, "percent_covered": 0.0, "percent_covered_display": "0", "missing_lines": 39, "excluded_lines": 3, "percent_statements_covered": 0.0, "percent_statements_covered_display": "0"}, "missing_lines": [22, 24, 25, 26, 28, 30, 36, 39, 70, 87, 88, 91, 92, 96, 100, 101, 116, 117, 118, 119, 120, 121, 123, 127, 128, 143, 144, 153, 154, 162, 163, 165, 166, 168, 169, 177, 178, 180, 181], "excluded_lines": [32, 33, 34], "functions": {"BlinkB0tSession.__init__": {"executed_lines": [], "summary": {"covered_lines": 0, "num_statements": 5, "percent_covered": 0.0, "percent_covered_display": "0", "missing_lines": 5, "excluded_lines": 0, "percent_statements_covered": 0.0, "percent_statements_covered_display": "0"}, "missing_lines": [87, 88, 91, 92, 96], "excluded_lines": [], "start_line": 70}, "BlinkB0tSession._resolve_config": {"executed_lines": [], "summary": {"covered_lines": 0, "num_statements": 7, "percent_covered": 0.0, "percent_covered_display": "0", "missing_lines": 7, "excluded_lines": 0, "percent_statements_covered": 0.0, "percent_statements_covered_display": "0"}, "missing_lines": [116, 117, 118, 119, 120, 121, 123], "excluded_lines": [], "start_line": 101}, "BlinkB0tSession.from_directory": {"executed_lines": [], "summary": {"covered_lines": 0, "num_statements": 2, "percent_covered": 0.0, "percent_covered_display": "0", "missing_lines": 2, "excluded_lines": 0, "percent_statements_covered": 0.0, "percent_statements_covered_display": "0"}, "missing_lines": [143, 144], "excluded_lines": [], "start_line": 128}, "BlinkB0tSession.audio": {"executed_lines": [], "summary": {"covered_lines": 0, "num_statements": 4, "percent_covered": 0.0, "percent_covered_display": "0", "missing_lines": 4, "excluded_lines": 0, "percent_statements_covered": 0.0, "percent_statements_covered_display": "0"}, "missing_lines": [162, 163, 165, 166], "excluded_lines": [], "start_line": 154}, "BlinkB0tSession.sequence": {"executed_lines": [], "summary": {"covered_lines": 0, "num_statements": 4, "percent_covered": 0.0, "percent_covered_display": "0", "missing_lines": 4, "excluded_lines": 0, "percent_statements_covered": 0.0, "percent_statements_covered_display": "0"}, "missing_lines": [177, 178, 180, 181], "excluded_lines": [], "start_line": 169}, "": {"executed_lines": [], "summary": {"covered_lines": 0, "num_statements": 17, "percent_covered": 0.0, "percent_covered_display": "0", "missing_lines": 17, "excluded_lines": 3, "percent_statements_covered": 0.0, "percent_statements_covered_display": "0"}, "missing_lines": [22, 24, 25, 26, 28, 30, 36, 39, 70, 100, 101, 127, 128, 153, 154, 168, 169], "excluded_lines": [32, 33, 34], "start_line": 1}}, "classes": {"BlinkB0tSession": {"executed_lines": [], "summary": {"covered_lines": 0, "num_statements": 22, "percent_covered": 0.0, "percent_covered_display": "0", "missing_lines": 22, "excluded_lines": 0, "percent_statements_covered": 0.0, "percent_statements_covered_display": "0"}, "missing_lines": [87, 88, 91, 92, 96, 116, 117, 118, 119, 120, 121, 123, 143, 144, 162, 163, 165, 166, 177, 178, 180, 181], "excluded_lines": [], "start_line": 39}, "": {"executed_lines": [], "summary": {"covered_lines": 0, "num_statements": 17, "percent_covered": 0.0, "percent_covered_display": "0", "missing_lines": 17, "excluded_lines": 3, "percent_statements_covered": 0.0, "percent_statements_covered_display": "0"}, "missing_lines": [22, 24, 25, 26, 28, 30, 36, 39, 70, 100, 101, 127, 128, 153, 154, 168, 169], "excluded_lines": [32, 33, 34], "start_line": 1}}}, "packages/blinkb0t/core/utils/__init__.py": {"executed_lines": [3, 4, 9], "summary": {"covered_lines": 3, "num_statements": 3, "percent_covered": 100.0, "percent_covered_display": "100", "missing_lines": 0, "excluded_lines": 0, "percent_statements_covered": 100.0, "percent_statements_covered_display": "100"}, "missing_lines": [], "excluded_lines": [], "functions": {"": {"executed_lines": [3, 4, 9], "summary": {"covered_lines": 3, "num_statements": 3, "percent_covered": 100.0, "percent_covered_display": "100", "missing_lines": 0, "excluded_lines": 0, "percent_statements_covered": 100.0, "percent_statements_covered_display": "100"}, "missing_lines": [], "excluded_lines": [], "start_line": 1}}, "classes": {"": {"executed_lines": [3, 4, 9], "summary": {"covered_lines": 3, "num_statements": 3, "percent_covered": 100.0, "percent_covered_display": "100", "missing_lines": 0, "excluded_lines": 0, "percent_statements_covered": 100.0, "percent_statements_covered_display": "100"}, "missing_lines": [], "excluded_lines": [], "start_line": 1}}}, "packages/blinkb0t/core/utils/checkpoint.py": {"executed_lines": [1, 3, 4, 5, 6, 7, 9, 14, 17, 18, 19, 20, 21, 22, 23, 26, 40, 41, 42, 45, 48, 52, 61, 68], "summary": {"covered_lines": 24, "num_statements": 55, "percent_covered": 43.63636363636363, "percent_covered_display": "44", "missing_lines": 31, "excluded_lines": 2, "percent_statements_covered": 43.63636363636363, "percent_statements_covered_display": "44"}, "missing_lines": [27, 28, 30, 31, 32, 33, 34, 35, 37, 46, 49, 50, 53, 54, 55, 56, 57, 59, 62, 63, 64, 69, 70, 71, 72, 74, 75, 78, 80, 82, 84], "excluded_lines": [11, 12], "functions": {"_json_default": {"executed_lines": [], "summary": {"covered_lines": 0, "num_statements": 9, "percent_covered": 0.0, "percent_covered_display": "0", "missing_lines": 9, "excluded_lines": 0, "percent_statements_covered": 0.0, "percent_statements_covered_display": "0"}, "missing_lines": [27, 28, 30, 31, 32, 33, 34, 35, 37], "excluded_lines": [], "start_line": 26}, "CheckpointManager.__init__": {"executed_lines": [42], "summary": {"covered_lines": 1, "num_statements": 1, "percent_covered": 100.0, "percent_covered_display": "100", "missing_lines": 0, "excluded_lines": 0, "percent_statements_covered": 100.0, "percent_statements_covered_display": "100"}, "missing_lines": [], "excluded_lines": [], "start_line": 41}, "CheckpointManager._get_checkpoint_name": {"executed_lines": [], "summary": {"covered_lines": 0, "num_statements": 1, "percent_covered": 0.0, "percent_covered_display": "0", "missing_lines": 1, "excluded_lines": 0, "percent_statements_covered": 0.0, "percent_statements_covered_display": "0"}, "missing_lines": [46], "excluded_lines": [], "start_line": 45}, "CheckpointManager._get_checkpoint_path": {"executed_lines": [], "summary": {"covered_lines": 0, "num_statements": 2, "percent_covered": 0.0, "percent_covered_display": "0", "missing_lines": 2, "excluded_lines": 0, "percent_statements_covered": 0.0, "percent_statements_covered_display": "0"}, "missing_lines": [49, 50], "excluded_lines": [], "start_line": 48}, "CheckpointManager._get_path": {"executed_lines": [], "summary": {"covered_lines": 0, "num_statements": 6, "percent_covered": 0.0, "percent_covered_display": "0", "missing_lines": 6, "excluded_lines": 0, "percent_statements_covered": 0.0, "percent_statements_covered_display": "0"}, "missing_lines": [53, 54, 55, 56, 57, 59], "excluded_lines": [], "start_line": 52}, "CheckpointManager.write_checkpoint": {"executed_lines": [], "summary": {"covered_lines": 0, "num_statements": 3, "percent_covered": 0.0, "percent_covered_display": "0", "missing_lines": 3, "excluded_lines": 0, "percent_statements_covered": 0.0, "percent_statements_covered_display": "0"}, "missing_lines": [62, 63, 64], "excluded_lines": [], "start_line": 61}, "CheckpointManager.read_checkpoint": {"executed_lines": [], "summary": {"covered_lines": 0, "num_statements": 10, "percent_covered": 0.0, "percent_covered_display": "0", "missing_lines": 10, "excluded_lines": 0, "percent_statements_covered": 0.0, "percent_statements_covered_display": "0"}, "missing_lines": [69, 70, 71, 72, 74, 75, 78, 80, 82, 84], "excluded_lines": [], "start_line": 68}, "": {"executed_lines": [1, 3, 4, 5, 6, 7, 9, 14, 17, 18, 19, 20, 21, 22, 23, 26, 40, 41, 45, 48, 52, 61, 68], "summary": {"covered_lines": 23, "num_statements": 23, "percent_covered": 100.0, "percent_covered_display": "100", "missing_lines": 0, "excluded_lines": 2, "percent_statements_covered": 100.0, "percent_statements_covered_display": "100"}, "missing_lines": [], "excluded_lines": [11, 12], "start_line": 1}}, "classes": {"CheckpointType": {"executed_lines": [], "summary": {"covered_lines": 0, "num_statements": 0, "percent_covered": 100.0, "percent_covered_display": "100", "missing_lines": 0, "excluded_lines": 0, "percent_statements_covered": 100.0, "percent_statements_covered_display": "100"}, "missing_lines": [], "excluded_lines": [], "start_line": 17}, "CheckpointManager": {"executed_lines": [42], "summary": {"covered_lines": 1, "num_statements": 23, "percent_covered": 4.3478260869565215, "percent_covered_display": "4", "missing_lines": 22, "excluded_lines": 0, "percent_statements_covered": 4.3478260869565215, "percent_statements_covered_display": "4"}, "missing_lines": [46, 49, 50, 53, 54, 55, 56, 57, 59, 62, 63, 64, 69, 70, 71, 72, 74, 75, 78, 80, 82, 84], "excluded_lines": [], "start_line": 40}, "": {"executed_lines": [1, 3, 4, 5, 6, 7, 9, 14, 17, 18, 19, 20, 21, 22, 23, 26, 40, 41, 45, 48, 52, 61, 68], "summary": {"covered_lines": 23, "num_statements": 32, "percent_covered": 71.875, "percent_covered_display": "72", "missing_lines": 9, "excluded_lines": 2, "percent_statements_covered": 71.875, "percent_statements_covered_display": "72"}, "missing_lines": [27, 28, 30, 31, 32, 33, 34, 35, 37], "excluded_lines": [11, 12], "start_line": 1}}}, "packages/blinkb0t/core/utils/fixtures.py": {"executed_lines": [6, 9, 32, 33, 35, 38, 41, 43, 44, 47, 48, 50, 52, 53, 54, 57, 58, 61, 67, 69], "summary": {"covered_lines": 20, "num_statements": 23, "percent_covered": 86.95652173913044, "percent_covered_display": "87", "missing_lines": 3, "excluded_lines": 0, "percent_statements_covered": 86.95652173913044, "percent_statements_covered_display": "87"}, "missing_lines": [62, 63, 64], "excluded_lines": [], "functions": {"build_semantic_groups": {"executed_lines": [32, 33, 35, 38, 41, 43, 44, 47, 48, 50, 52, 53, 54, 57, 58, 61, 67, 69], "summary": {"covered_lines": 18, "num_statements": 21, "percent_covered": 85.71428571428571, "percent_covered_display": "86", "missing_lines": 3, "excluded_lines": 0, "percent_statements_covered": 85.71428571428571, "percent_statements_covered_display": "86"}, "missing_lines": [62, 63, 64], "excluded_lines": [], "start_line": 9}, "": {"executed_lines": [6, 9], "summary": {"covered_lines": 2, "num_statements": 2, "percent_covered": 100.0, "percent_covered_display": "100", "missing_lines": 0, "excluded_lines": 0, "percent_statements_covered": 100.0, "percent_statements_covered_display": "100"}, "missing_lines": [], "excluded_lines": [], "start_line": 1}}, "classes": {"": {"executed_lines": [6, 9, 32, 33, 35, 38, 41, 43, 44, 47, 48, 50, 52, 53, 54, 57, 58, 61, 67, 69], "summary": {"covered_lines": 20, "num_statements": 23, "percent_covered": 86.95652173913044, "percent_covered_display": "87", "missing_lines": 3, "excluded_lines": 0, "percent_statements_covered": 86.95652173913044, "percent_statements_covered_display": "87"}, "missing_lines": [62, 63, 64], "excluded_lines": [], "start_line": 1}}}, "packages/blinkb0t/core/utils/json.py": {"executed_lines": [3, 5, 6, 7, 8, 10, 15, 18, 39, 46, 47, 48, 54, 63, 64, 66, 69], "summary": {"covered_lines": 17, "num_statements": 29, "percent_covered": 58.62068965517241, "percent_covered_display": "59", "missing_lines": 12, "excluded_lines": 2, "percent_statements_covered": 58.62068965517241, "percent_statements_covered_display": "59"}, "missing_lines": [26, 27, 29, 30, 31, 32, 33, 34, 36, 65, 77, 78], "excluded_lines": [12, 13], "functions": {"_json_default": {"executed_lines": [], "summary": {"covered_lines": 0, "num_statements": 9, "percent_covered": 0.0, "percent_covered_display": "0", "missing_lines": 9, "excluded_lines": 0, "percent_statements_covered": 0.0, "percent_statements_covered_display": "0"}, "missing_lines": [26, 27, 29, 30, 31, 32, 33, 34, 36], "excluded_lines": [], "start_line": 18}, "write_json": {"executed_lines": [46, 47, 48], "summary": {"covered_lines": 3, "num_statements": 3, "percent_covered": 100.0, "percent_covered_display": "100", "missing_lines": 0, "excluded_lines": 0, "percent_statements_covered": 100.0, "percent_statements_covered_display": "100"}, "missing_lines": [], "excluded_lines": [], "start_line": 39}, "read_json": {"executed_lines": [63, 64, 66], "summary": {"covered_lines": 3, "num_statements": 4, "percent_covered": 75.0, "percent_covered_display": "75", "missing_lines": 1, "excluded_lines": 0, "percent_statements_covered": 75.0, "percent_statements_covered_display": "75"}, "missing_lines": [65], "excluded_lines": [], "start_line": 54}, "write_log": {"executed_lines": [], "summary": {"covered_lines": 0, "num_statements": 2, "percent_covered": 0.0, "percent_covered_display": "0", "missing_lines": 2, "excluded_lines": 0, "percent_statements_covered": 0.0, "percent_statements_covered_display": "0"}, "missing_lines": [77, 78], "excluded_lines": [], "start_line": 69}, "": {"executed_lines": [3, 5, 6, 7, 8, 10, 15, 18, 39, 54, 69], "summary": {"covered_lines": 11, "num_statements": 11, "percent_covered": 100.0, "percent_covered_display": "100", "missing_lines": 0, "excluded_lines": 2, "percent_statements_covered": 100.0, "percent_statements_covered_display": "100"}, "missing_lines": [], "excluded_lines": [12, 13], "start_line": 1}}, "classes": {"": {"executed_lines": [3, 5, 6, 7, 8, 10, 15, 18, 39, 46, 47, 48, 54, 63, 64, 66, 69], "summary": {"covered_lines": 17, "num_statements": 29, "percent_covered": 58.62068965517241, "percent_covered_display": "59", "missing_lines": 12, "excluded_lines": 2, "percent_statements_covered": 58.62068965517241, "percent_statements_covered_display": "59"}, "missing_lines": [26, 27, 29, 30, 31, 32, 33, 34, 36, 65, 77, 78], "excluded_lines": [12, 13], "start_line": 1}}}, "packages/blinkb0t/core/utils/logging.py": {"executed_lines": [10, 12, 13, 14, 17, 42, 43, 46, 48, 50, 53, 57, 65, 88, 91, 92, 94], "summary": {"covered_lines": 17, "num_statements": 17, "percent_covered": 100.0, "percent_covered_display": "100", "missing_lines": 0, "excluded_lines": 0, "percent_statements_covered": 100.0, "percent_statements_covered_display": "100"}, "missing_lines": [], "excluded_lines": [], "functions": {"configure_logging": {"executed_lines": [42, 43, 46, 48, 50, 53, 57], "summary": {"covered_lines": 7, "num_statements": 7, "percent_covered": 100.0, "percent_covered_display": "100", "missing_lines": 0, "excluded_lines": 0, "percent_statements_covered": 100.0, "percent_statements_covered_display": "100"}, "missing_lines": [], "excluded_lines": [], "start_line": 17}, "get_logger": {"executed_lines": [88, 91, 92, 94], "summary": {"covered_lines": 4, "num_statements": 4, "percent_covered": 100.0, "percent_covered_display": "100", "missing_lines": 0, "excluded_lines": 0, "percent_statements_covered": 100.0, "percent_statements_covered_display": "100"}, "missing_lines": [], "excluded_lines": [], "start_line": 65}, "": {"executed_lines": [10, 12, 13, 14, 17, 65], "summary": {"covered_lines": 6, "num_statements": 6, "percent_covered": 100.0, "percent_covered_display": "100", "missing_lines": 0, "excluded_lines": 0, "percent_statements_covered": 100.0, "percent_statements_covered_display": "100"}, "missing_lines": [], "excluded_lines": [], "start_line": 1}}, "classes": {"": {"executed_lines": [10, 12, 13, 14, 17, 42, 43, 46, 48, 50, 53, 57, 65, 88, 91, 92, 94], "summary": {"covered_lines": 17, "num_statements": 17, "percent_covered": 100.0, "percent_covered_display": "100", "missing_lines": 0, "excluded_lines": 0, "percent_statements_covered": 100.0, "percent_statements_covered_display": "100"}, "missing_lines": [], "excluded_lines": [], "start_line": 1}}}, "packages/blinkb0t/core/utils/math.py": {"executed_lines": [3, 5, 6, 8, 10, 13, 14, 15, 18, 29, 32, 54, 65], "summary": {"covered_lines": 13, "num_statements": 20, "percent_covered": 65.0, "percent_covered_display": "65", "missing_lines": 7, "excluded_lines": 0, "percent_statements_covered": 65.0, "percent_statements_covered_display": "65"}, "missing_lines": [43, 44, 46, 47, 49, 50, 51], "excluded_lines": [], "functions": {"trunc_to": {"executed_lines": [14, 15], "summary": {"covered_lines": 2, "num_statements": 2, "percent_covered": 100.0, "percent_covered_display": "100", "missing_lines": 0, "excluded_lines": 0, "percent_statements_covered": 100.0, "percent_statements_covered_display": "100"}, "missing_lines": [], "excluded_lines": [], "start_line": 13}, "clamp": {"executed_lines": [29], "summary": {"covered_lines": 1, "num_statements": 1, "percent_covered": 100.0, "percent_covered_display": "100", "missing_lines": 0, "excluded_lines": 0, "percent_statements_covered": 100.0, "percent_statements_covered_display": "100"}, "missing_lines": [], "excluded_lines": [], "start_line": 18}, "normalize": {"executed_lines": [], "summary": {"covered_lines": 0, "num_statements": 7, "percent_covered": 0.0, "percent_covered_display": "0", "missing_lines": 7, "excluded_lines": 0, "percent_statements_covered": 0.0, "percent_statements_covered_display": "0"}, "missing_lines": [43, 44, 46, 47, 49, 50, 51], "excluded_lines": [], "start_line": 32}, "lerp": {"executed_lines": [65], "summary": {"covered_lines": 1, "num_statements": 1, "percent_covered": 100.0, "percent_covered_display": "100", "missing_lines": 0, "excluded_lines": 0, "percent_statements_covered": 100.0, "percent_statements_covered_display": "100"}, "missing_lines": [], "excluded_lines": [], "start_line": 54}, "": {"executed_lines": [3, 5, 6, 8, 10, 13, 18, 32, 54], "summary": {"covered_lines": 9, "num_statements": 9, "percent_covered": 100.0, "percent_covered_display": "100", "missing_lines": 0, "excluded_lines": 0, "percent_statements_covered": 100.0, "percent_statements_covered_display": "100"}, "missing_lines": [], "excluded_lines": [], "start_line": 1}}, "classes": {"": {"executed_lines": [3, 5, 6, 8, 10, 13, 14, 15, 18, 29, 32, 54, 65], "summary": {"covered_lines": 13, "num_statements": 20, "percent_covered": 65.0, "percent_covered_display": "65", "missing_lines": 7, "excluded_lines": 0, "percent_statements_covered": 65.0, "percent_statements_covered_display": "65"}, "missing_lines": [43, 44, 46, 47, 49, 50, 51], "excluded_lines": [], "start_line": 1}}}}, "totals": {"covered_lines": 8803, "num_statements": 12043, "percent_covered": 73.0964045503612, "percent_covered_display": "73", "missing_lines": 3240, "excluded_lines": 170, "percent_statements_covered": 73.0964045503612, "percent_statements_covered_display": "73"}}